[1.425s] DEBUG:colcon:Command line arguments: ['/usr/bin/colcon', 'build', '--packages-select', 'px4_offboard_position']
[1.426s] DEBUG:colcon:Parsed command line arguments: Namespace(log_base=None, log_level=None, verb_name='build', build_base='build', install_base='install', merge_install=False, symlink_install=False, test_result_base=None, continue_on_error=False, executor='parallel', parallel_workers=1, event_handlers=None, ignore_user_meta=False, metas=['./colcon.meta'], base_paths=['.'], packages_ignore=None, packages_ignore_regex=None, paths=None, packages_up_to=None, packages_up_to_regex=None, packages_above=None, packages_above_and_dependencies=None, packages_above_depth=None, packages_select_by_dep=None, packages_skip_by_dep=None, packages_skip_up_to=None, packages_select_build_failed=False, packages_skip_build_finished=False, packages_select_test_failures=False, packages_skip_test_passed=False, packages_select=['px4_offboard_position'], packages_skip=None, packages_select_regex=None, packages_skip_regex=None, packages_start=None, packages_end=None, allow_overriding=[], cmake_args=None, cmake_target=None, cmake_target_skip_unavailable=False, cmake_clean_cache=False, cmake_clean_first=False, cmake_force_configure=False, ament_cmake_args=None, catkin_cmake_args=None, catkin_skip_building_tests=False, verb_parser=<colcon_defaults.argument_parser.defaults.DefaultArgumentsDecorator object at 0x7f69016fc580>, verb_extension=<colcon_core.verb.build.BuildVerb object at 0x7f69016c7fd0>, main=<bound method BuildVerb.main of <colcon_core.verb.build.BuildVerb object at 0x7f69016c7fd0>>)
[1.492s] Level 1:colcon.colcon_core.package_discovery:discover_packages(colcon_meta) check parameters
[1.496s] Level 1:colcon.colcon_core.package_discovery:discover_packages(recursive) check parameters
[1.496s] Level 1:colcon.colcon_core.package_discovery:discover_packages(ignore) check parameters
[1.496s] Level 1:colcon.colcon_core.package_discovery:discover_packages(path) check parameters
[1.496s] Level 1:colcon.colcon_core.package_discovery:discover_packages(colcon_meta) discover
[1.497s] Level 1:colcon.colcon_core.package_discovery:discover_packages(recursive) discover
[1.503s] INFO:colcon.colcon_core.package_discovery:Crawling recursively for packages in '/home/omkar/ros2_px4_offboard_example_ws'
[1.503s] Level 1:colcon.colcon_core.package_identification:_identify(.) by extensions ['ignore', 'ignore_ament_install']
[1.503s] Level 1:colcon.colcon_core.package_identification:_identify(.) by extension 'ignore'
[1.503s] Level 1:colcon.colcon_core.package_identification:_identify(.) by extension 'ignore_ament_install'
[1.503s] Level 1:colcon.colcon_core.package_identification:_identify(.) by extensions ['colcon_pkg']
[1.503s] Level 1:colcon.colcon_core.package_identification:_identify(.) by extension 'colcon_pkg'
[1.503s] Level 1:colcon.colcon_core.package_identification:_identify(.) by extensions ['colcon_meta']
[1.503s] Level 1:colcon.colcon_core.package_identification:_identify(.) by extension 'colcon_meta'
[1.503s] Level 1:colcon.colcon_core.package_identification:_identify(.) by extensions ['ros']
[1.504s] Level 1:colcon.colcon_core.package_identification:_identify(.) by extension 'ros'
[1.542s] Level 1:colcon.colcon_core.package_identification:_identify(.) by extensions ['cmake', 'python']
[1.549s] Level 1:colcon.colcon_core.package_identification:_identify(.) by extension 'cmake'
[1.549s] Level 1:colcon.colcon_core.package_identification:_identify(.) by extension 'python'
[1.549s] Level 1:colcon.colcon_core.package_identification:_identify(.) by extensions ['python_setup_py']
[1.550s] Level 1:colcon.colcon_core.package_identification:_identify(.) by extension 'python_setup_py'
[1.550s] Level 1:colcon.colcon_core.package_identification:_identify(build) by extensions ['ignore', 'ignore_ament_install']
[1.550s] Level 1:colcon.colcon_core.package_identification:_identify(build) by extension 'ignore'
[1.550s] Level 1:colcon.colcon_core.package_identification:_identify(build) ignored
[1.551s] Level 1:colcon.colcon_core.package_identification:_identify(install) by extensions ['ignore', 'ignore_ament_install']
[1.551s] Level 1:colcon.colcon_core.package_identification:_identify(install) by extension 'ignore'
[1.552s] Level 1:colcon.colcon_core.package_identification:_identify(install) ignored
[1.552s] Level 1:colcon.colcon_core.package_identification:_identify(log) by extensions ['ignore', 'ignore_ament_install']
[1.553s] Level 1:colcon.colcon_core.package_identification:_identify(log) by extension 'ignore'
[1.553s] Level 1:colcon.colcon_core.package_identification:_identify(log) ignored
[1.557s] Level 1:colcon.colcon_core.package_identification:_identify(src) by extensions ['ignore', 'ignore_ament_install']
[1.557s] Level 1:colcon.colcon_core.package_identification:_identify(src) by extension 'ignore'
[1.557s] Level 1:colcon.colcon_core.package_identification:_identify(src) by extension 'ignore_ament_install'
[1.558s] Level 1:colcon.colcon_core.package_identification:_identify(src) by extensions ['colcon_pkg']
[1.558s] Level 1:colcon.colcon_core.package_identification:_identify(src) by extension 'colcon_pkg'
[1.558s] Level 1:colcon.colcon_core.package_identification:_identify(src) by extensions ['colcon_meta']
[1.558s] Level 1:colcon.colcon_core.package_identification:_identify(src) by extension 'colcon_meta'
[1.558s] Level 1:colcon.colcon_core.package_identification:_identify(src) by extensions ['ros']
[1.559s] Level 1:colcon.colcon_core.package_identification:_identify(src) by extension 'ros'
[1.559s] Level 1:colcon.colcon_core.package_identification:_identify(src) by extensions ['cmake', 'python']
[1.559s] Level 1:colcon.colcon_core.package_identification:_identify(src) by extension 'cmake'
[1.559s] Level 1:colcon.colcon_core.package_identification:_identify(src) by extension 'python'
[1.560s] Level 1:colcon.colcon_core.package_identification:_identify(src) by extensions ['python_setup_py']
[1.560s] Level 1:colcon.colcon_core.package_identification:_identify(src) by extension 'python_setup_py'
[1.560s] Level 1:colcon.colcon_core.package_identification:_identify(src/ROS2_PX4_Offboard_Example) by extensions ['ignore', 'ignore_ament_install']
[1.561s] Level 1:colcon.colcon_core.package_identification:_identify(src/ROS2_PX4_Offboard_Example) by extension 'ignore'
[1.562s] Level 1:colcon.colcon_core.package_identification:_identify(src/ROS2_PX4_Offboard_Example) by extension 'ignore_ament_install'
[1.562s] Level 1:colcon.colcon_core.package_identification:_identify(src/ROS2_PX4_Offboard_Example) by extensions ['colcon_pkg']
[1.564s] Level 1:colcon.colcon_core.package_identification:_identify(src/ROS2_PX4_Offboard_Example) by extension 'colcon_pkg'
[1.564s] Level 1:colcon.colcon_core.package_identification:_identify(src/ROS2_PX4_Offboard_Example) by extensions ['colcon_meta']
[1.565s] Level 1:colcon.colcon_core.package_identification:_identify(src/ROS2_PX4_Offboard_Example) by extension 'colcon_meta'
[1.565s] Level 1:colcon.colcon_core.package_identification:_identify(src/ROS2_PX4_Offboard_Example) by extensions ['ros']
[1.565s] Level 1:colcon.colcon_core.package_identification:_identify(src/ROS2_PX4_Offboard_Example) by extension 'ros'
[1.565s] Level 1:colcon.colcon_core.package_identification:_identify(src/ROS2_PX4_Offboard_Example) by extensions ['cmake', 'python']
[1.566s] Level 1:colcon.colcon_core.package_identification:_identify(src/ROS2_PX4_Offboard_Example) by extension 'cmake'
[1.566s] Level 1:colcon.colcon_core.package_identification:_identify(src/ROS2_PX4_Offboard_Example) by extension 'python'
[1.566s] Level 1:colcon.colcon_core.package_identification:_identify(src/ROS2_PX4_Offboard_Example) by extensions ['python_setup_py']
[1.567s] Level 1:colcon.colcon_core.package_identification:_identify(src/ROS2_PX4_Offboard_Example) by extension 'python_setup_py'
[1.567s] Level 1:colcon.colcon_core.package_identification:_identify(src/ROS2_PX4_Offboard_Example/px4_offboard) by extensions ['ignore', 'ignore_ament_install']
[1.567s] Level 1:colcon.colcon_core.package_identification:_identify(src/ROS2_PX4_Offboard_Example/px4_offboard) by extension 'ignore'
[1.568s] Level 1:colcon.colcon_core.package_identification:_identify(src/ROS2_PX4_Offboard_Example/px4_offboard) by extension 'ignore_ament_install'
[1.568s] Level 1:colcon.colcon_core.package_identification:_identify(src/ROS2_PX4_Offboard_Example/px4_offboard) by extensions ['colcon_pkg']
[1.569s] Level 1:colcon.colcon_core.package_identification:_identify(src/ROS2_PX4_Offboard_Example/px4_offboard) by extension 'colcon_pkg'
[1.570s] Level 1:colcon.colcon_core.package_identification:_identify(src/ROS2_PX4_Offboard_Example/px4_offboard) by extensions ['colcon_meta']
[1.570s] Level 1:colcon.colcon_core.package_identification:_identify(src/ROS2_PX4_Offboard_Example/px4_offboard) by extension 'colcon_meta'
[1.570s] Level 1:colcon.colcon_core.package_identification:_identify(src/ROS2_PX4_Offboard_Example/px4_offboard) by extensions ['ros']
[1.570s] Level 1:colcon.colcon_core.package_identification:_identify(src/ROS2_PX4_Offboard_Example/px4_offboard) by extension 'ros'
[1.583s] DEBUG:colcon.colcon_core.package_identification:Package 'src/ROS2_PX4_Offboard_Example/px4_offboard' with type 'ros.ament_python' and name 'px4_offboard'
[1.585s] Level 1:colcon.colcon_core.package_identification:_identify(src/px4_msgs) by extensions ['ignore', 'ignore_ament_install']
[1.585s] Level 1:colcon.colcon_core.package_identification:_identify(src/px4_msgs) by extension 'ignore'
[1.585s] Level 1:colcon.colcon_core.package_identification:_identify(src/px4_msgs) by extension 'ignore_ament_install'
[1.586s] Level 1:colcon.colcon_core.package_identification:_identify(src/px4_msgs) by extensions ['colcon_pkg']
[1.589s] Level 1:colcon.colcon_core.package_identification:_identify(src/px4_msgs) by extension 'colcon_pkg'
[1.589s] Level 1:colcon.colcon_core.package_identification:_identify(src/px4_msgs) by extensions ['colcon_meta']
[1.590s] Level 1:colcon.colcon_core.package_identification:_identify(src/px4_msgs) by extension 'colcon_meta'
[1.590s] Level 1:colcon.colcon_core.package_identification:_identify(src/px4_msgs) by extensions ['ros']
[1.590s] Level 1:colcon.colcon_core.package_identification:_identify(src/px4_msgs) by extension 'ros'
[1.600s] DEBUG:colcon.colcon_core.package_identification:Package 'src/px4_msgs' with type 'ros.ament_cmake' and name 'px4_msgs'
[1.600s] Level 1:colcon.colcon_core.package_identification:_identify(src/px4_offboard_position) by extensions ['ignore', 'ignore_ament_install']
[1.601s] Level 1:colcon.colcon_core.package_identification:_identify(src/px4_offboard_position) by extension 'ignore'
[1.602s] Level 1:colcon.colcon_core.package_identification:_identify(src/px4_offboard_position) by extension 'ignore_ament_install'
[1.602s] Level 1:colcon.colcon_core.package_identification:_identify(src/px4_offboard_position) by extensions ['colcon_pkg']
[1.604s] Level 1:colcon.colcon_core.package_identification:_identify(src/px4_offboard_position) by extension 'colcon_pkg'
[1.604s] Level 1:colcon.colcon_core.package_identification:_identify(src/px4_offboard_position) by extensions ['colcon_meta']
[1.605s] Level 1:colcon.colcon_core.package_identification:_identify(src/px4_offboard_position) by extension 'colcon_meta'
[1.605s] Level 1:colcon.colcon_core.package_identification:_identify(src/px4_offboard_position) by extensions ['ros']
[1.605s] Level 1:colcon.colcon_core.package_identification:_identify(src/px4_offboard_position) by extension 'ros'
[1.606s] DEBUG:colcon.colcon_core.package_identification:Package 'src/px4_offboard_position' with type 'ros.ament_python' and name 'px4_offboard_position'
[1.607s] Level 1:colcon.colcon_core.package_identification:_identify(src/px4_ros_com) by extensions ['ignore', 'ignore_ament_install']
[1.607s] Level 1:colcon.colcon_core.package_identification:_identify(src/px4_ros_com) by extension 'ignore'
[1.607s] Level 1:colcon.colcon_core.package_identification:_identify(src/px4_ros_com) by extension 'ignore_ament_install'
[1.607s] Level 1:colcon.colcon_core.package_identification:_identify(src/px4_ros_com) by extensions ['colcon_pkg']
[1.608s] Level 1:colcon.colcon_core.package_identification:_identify(src/px4_ros_com) by extension 'colcon_pkg'
[1.608s] Level 1:colcon.colcon_core.package_identification:_identify(src/px4_ros_com) by extensions ['colcon_meta']
[1.608s] Level 1:colcon.colcon_core.package_identification:_identify(src/px4_ros_com) by extension 'colcon_meta'
[1.608s] Level 1:colcon.colcon_core.package_identification:_identify(src/px4_ros_com) by extensions ['ros']
[1.609s] Level 1:colcon.colcon_core.package_identification:_identify(src/px4_ros_com) by extension 'ros'
[1.614s] DEBUG:colcon.colcon_core.package_identification:Package 'src/px4_ros_com' with type 'ros.ament_cmake' and name 'px4_ros_com'
[1.615s] Level 1:colcon.colcon_core.package_discovery:discover_packages(recursive) using defaults
[1.616s] Level 1:colcon.colcon_core.package_discovery:discover_packages(ignore) discover
[1.616s] Level 1:colcon.colcon_core.package_discovery:discover_packages(ignore) using defaults
[1.616s] Level 1:colcon.colcon_core.package_discovery:discover_packages(path) discover
[1.616s] Level 1:colcon.colcon_core.package_discovery:discover_packages(path) using defaults
[1.725s] INFO:colcon.colcon_core.package_selection:Skipping not selected package 'px4_msgs' in 'src/px4_msgs'
[1.733s] INFO:colcon.colcon_core.package_selection:Skipping not selected package 'px4_offboard' in 'src/ROS2_PX4_Offboard_Example/px4_offboard'
[1.734s] INFO:colcon.colcon_core.package_selection:Skipping not selected package 'px4_ros_com' in 'src/px4_ros_com'
[1.735s] Level 1:colcon.colcon_core.package_discovery:discover_packages(prefix_path) check parameters
[1.736s] Level 1:colcon.colcon_core.package_discovery:discover_packages(prefix_path) discover
[1.751s] DEBUG:colcon.colcon_installed_package_information.package_discovery:Found 4 installed packages in /home/omkar/ros2_px4_offboard_example_ws/install
[1.758s] DEBUG:colcon.colcon_installed_package_information.package_discovery:Found 270 installed packages in /opt/ros/humble
[1.768s] Level 1:colcon.colcon_core.package_discovery:discover_packages(prefix_path) using defaults
[1.990s] Level 5:colcon.colcon_core.verb:set package 'px4_offboard_position' build argument 'cmake_args' from command line to 'None'
[2.004s] Level 5:colcon.colcon_core.verb:set package 'px4_offboard_position' build argument 'cmake_target' from command line to 'None'
[2.005s] Level 5:colcon.colcon_core.verb:set package 'px4_offboard_position' build argument 'cmake_target_skip_unavailable' from command line to 'False'
[2.005s] Level 5:colcon.colcon_core.verb:set package 'px4_offboard_position' build argument 'cmake_clean_cache' from command line to 'False'
[2.005s] Level 5:colcon.colcon_core.verb:set package 'px4_offboard_position' build argument 'cmake_clean_first' from command line to 'False'
[2.005s] Level 5:colcon.colcon_core.verb:set package 'px4_offboard_position' build argument 'cmake_force_configure' from command line to 'False'
[2.005s] Level 5:colcon.colcon_core.verb:set package 'px4_offboard_position' build argument 'ament_cmake_args' from command line to 'None'
[2.005s] Level 5:colcon.colcon_core.verb:set package 'px4_offboard_position' build argument 'catkin_cmake_args' from command line to 'None'
[2.005s] Level 5:colcon.colcon_core.verb:set package 'px4_offboard_position' build argument 'catkin_skip_building_tests' from command line to 'False'
[2.005s] DEBUG:colcon.colcon_core.verb:Building package 'px4_offboard_position' with the following arguments: {'ament_cmake_args': None, 'build_base': '/home/omkar/ros2_px4_offboard_example_ws/build/px4_offboard_position', 'catkin_cmake_args': None, 'catkin_skip_building_tests': False, 'cmake_args': None, 'cmake_clean_cache': False, 'cmake_clean_first': False, 'cmake_force_configure': False, 'cmake_target': None, 'cmake_target_skip_unavailable': False, 'install_base': '/home/omkar/ros2_px4_offboard_example_ws/install/px4_offboard_position', 'merge_install': False, 'path': '/home/omkar/ros2_px4_offboard_example_ws/src/px4_offboard_position', 'symlink_install': False, 'test_result_base': None}
[2.011s] INFO:colcon.colcon_core.executor:Executing jobs using 'parallel' executor
[2.032s] DEBUG:colcon.colcon_parallel_executor.executor.parallel:run_until_complete
[2.032s] INFO:colcon.colcon_ros.task.ament_python.build:Building ROS package in '/home/omkar/ros2_px4_offboard_example_ws/src/px4_offboard_position' with build type 'ament_python'
[2.032s] Level 1:colcon.colcon_core.shell:create_environment_hook('px4_offboard_position', 'ament_prefix_path')
[2.066s] INFO:colcon.colcon_core.plugin_system:Skipping extension 'colcon_core.shell.bat': Not used on non-Windows systems
[2.067s] INFO:colcon.colcon_core.shell:Creating environment hook '/home/omkar/ros2_px4_offboard_example_ws/install/px4_offboard_position/share/px4_offboard_position/hook/ament_prefix_path.ps1'
[2.075s] INFO:colcon.colcon_core.shell:Creating environment descriptor '/home/omkar/ros2_px4_offboard_example_ws/install/px4_offboard_position/share/px4_offboard_position/hook/ament_prefix_path.dsv'
[2.079s] INFO:colcon.colcon_core.shell:Creating environment hook '/home/omkar/ros2_px4_offboard_example_ws/install/px4_offboard_position/share/px4_offboard_position/hook/ament_prefix_path.sh'
[2.085s] INFO:colcon.colcon_core.shell:Skip shell extension 'powershell' for command environment: Not usable outside of PowerShell
[2.085s] DEBUG:colcon.colcon_core.shell:Skip shell extension 'dsv' for command environment
[3.496s] INFO:colcon.colcon_core.task.python.build:Building Python package in '/home/omkar/ros2_px4_offboard_example_ws/src/px4_offboard_position'
[3.503s] INFO:colcon.colcon_core.shell:Skip shell extension 'powershell' for command environment: Not usable outside of PowerShell
[3.504s] DEBUG:colcon.colcon_core.shell:Skip shell extension 'dsv' for command environment
[5.106s] DEBUG:colcon.colcon_core.event_handler.log_command:Invoking command in '/home/omkar/ros2_px4_offboard_example_ws/src/px4_offboard_position': CMAKE_PREFIX_PATH=/home/omkar/ros2_px4_offboard_example_ws/install/px4_msgs:/home/omkar/ros2_px4_offboard_example_ws/install/px4_ros_com LD_LIBRARY_PATH=/home/omkar/ros2_px4_offboard_example_ws/install/px4_msgs/lib:/home/omkar/ros2_px4_offboard_example_ws/install/px4_ros_com/lib:/opt/ros/humble/opt/rviz_ogre_vendor/lib:/opt/ros/humble/lib/x86_64-linux-gnu:/opt/ros/humble/lib PYTHONPATH=/home/omkar/ros2_px4_offboard_example_ws/build/px4_offboard_position/prefix_override:/home/omkar/ros2_px4_offboard_example_ws/install/px4_offboard_position/lib/python3.10/site-packages:${PYTHONPATH} /usr/bin/python3 setup.py egg_info --egg-base ../../build/px4_offboard_position build --build-base /home/omkar/ros2_px4_offboard_example_ws/build/px4_offboard_position/build install --record /home/omkar/ros2_px4_offboard_example_ws/build/px4_offboard_position/install.log --single-version-externally-managed
[6.587s] DEBUG:colcon.colcon_core.event_handler.log_command:Invoked command in '/home/omkar/ros2_px4_offboard_example_ws/src/px4_offboard_position' returned '0': CMAKE_PREFIX_PATH=/home/omkar/ros2_px4_offboard_example_ws/install/px4_msgs:/home/omkar/ros2_px4_offboard_example_ws/install/px4_ros_com LD_LIBRARY_PATH=/home/omkar/ros2_px4_offboard_example_ws/install/px4_msgs/lib:/home/omkar/ros2_px4_offboard_example_ws/install/px4_ros_com/lib:/opt/ros/humble/opt/rviz_ogre_vendor/lib:/opt/ros/humble/lib/x86_64-linux-gnu:/opt/ros/humble/lib PYTHONPATH=/home/omkar/ros2_px4_offboard_example_ws/build/px4_offboard_position/prefix_override:/home/omkar/ros2_px4_offboard_example_ws/install/px4_offboard_position/lib/python3.10/site-packages:${PYTHONPATH} /usr/bin/python3 setup.py egg_info --egg-base ../../build/px4_offboard_position build --build-base /home/omkar/ros2_px4_offboard_example_ws/build/px4_offboard_position/build install --record /home/omkar/ros2_px4_offboard_example_ws/build/px4_offboard_position/install.log --single-version-externally-managed
[6.619s] Level 1:colcon.colcon_core.environment:checking '/home/omkar/ros2_px4_offboard_example_ws/install/px4_offboard_position' for CMake module files
[6.619s] Level 1:colcon.colcon_core.environment:checking '/home/omkar/ros2_px4_offboard_example_ws/install/px4_offboard_position' for CMake config files
[6.629s] Level 1:colcon.colcon_core.environment:checking '/home/omkar/ros2_px4_offboard_example_ws/install/px4_offboard_position/lib'
[6.633s] Level 1:colcon.colcon_core.environment:checking '/home/omkar/ros2_px4_offboard_example_ws/install/px4_offboard_position/bin'
[6.633s] Level 1:colcon.colcon_core.environment:checking '/home/omkar/ros2_px4_offboard_example_ws/install/px4_offboard_position/lib/pkgconfig/px4_offboard_position.pc'
[6.633s] Level 1:colcon.colcon_core.environment:checking '/home/omkar/ros2_px4_offboard_example_ws/install/px4_offboard_position/lib/python3.10/site-packages'
[6.633s] Level 1:colcon.colcon_core.shell:create_environment_hook('px4_offboard_position', 'pythonpath')
[6.645s] INFO:colcon.colcon_core.shell:Creating environment hook '/home/omkar/ros2_px4_offboard_example_ws/install/px4_offboard_position/share/px4_offboard_position/hook/pythonpath.ps1'
[6.660s] INFO:colcon.colcon_core.shell:Creating environment descriptor '/home/omkar/ros2_px4_offboard_example_ws/install/px4_offboard_position/share/px4_offboard_position/hook/pythonpath.dsv'
[6.661s] INFO:colcon.colcon_core.shell:Creating environment hook '/home/omkar/ros2_px4_offboard_example_ws/install/px4_offboard_position/share/px4_offboard_position/hook/pythonpath.sh'
[6.663s] Level 1:colcon.colcon_core.environment:checking '/home/omkar/ros2_px4_offboard_example_ws/install/px4_offboard_position/bin'
[6.663s] Level 1:colcon.colcon_core.environment:create_environment_scripts_only(px4_offboard_position)
[6.671s] INFO:colcon.colcon_core.shell:Creating package script '/home/omkar/ros2_px4_offboard_example_ws/install/px4_offboard_position/share/px4_offboard_position/package.ps1'
[6.688s] INFO:colcon.colcon_core.shell:Creating package descriptor '/home/omkar/ros2_px4_offboard_example_ws/install/px4_offboard_position/share/px4_offboard_position/package.dsv'
[6.694s] INFO:colcon.colcon_core.shell:Creating package script '/home/omkar/ros2_px4_offboard_example_ws/install/px4_offboard_position/share/px4_offboard_position/package.sh'
[6.700s] INFO:colcon.colcon_core.shell:Creating package script '/home/omkar/ros2_px4_offboard_example_ws/install/px4_offboard_position/share/px4_offboard_position/package.bash'
[6.705s] INFO:colcon.colcon_core.shell:Creating package script '/home/omkar/ros2_px4_offboard_example_ws/install/px4_offboard_position/share/px4_offboard_position/package.zsh'
[6.709s] Level 1:colcon.colcon_core.environment:create_file_with_runtime_dependencies(/home/omkar/ros2_px4_offboard_example_ws/install/px4_offboard_position/share/colcon-core/packages/px4_offboard_position)
[6.715s] DEBUG:colcon.colcon_parallel_executor.executor.parallel:closing loop
[6.717s] DEBUG:colcon.colcon_parallel_executor.executor.parallel:loop closed
[6.717s] DEBUG:colcon.colcon_parallel_executor.executor.parallel:run_until_complete finished with '0'
[6.718s] DEBUG:colcon.colcon_core.event_reactor:joining thread
[6.742s] INFO:colcon.colcon_core.plugin_system:Skipping extension 'colcon_notification.desktop_notification.terminal_notifier': Not used on non-Darwin systems
[6.743s] INFO:colcon.colcon_core.plugin_system:Skipping extension 'colcon_notification.desktop_notification.win32': Not used on non-Windows systems
[6.743s] INFO:colcon.colcon_notification.desktop_notification:Sending desktop notification using 'notify2'
[6.788s] DEBUG:colcon.colcon_core.event_reactor:joined thread
[6.791s] INFO:colcon.colcon_core.shell:Creating prefix script '/home/omkar/ros2_px4_offboard_example_ws/install/local_setup.ps1'
[6.795s] INFO:colcon.colcon_core.shell:Creating prefix util module '/home/omkar/ros2_px4_offboard_example_ws/install/_local_setup_util_ps1.py'
[6.802s] INFO:colcon.colcon_core.shell:Creating prefix chain script '/home/omkar/ros2_px4_offboard_example_ws/install/setup.ps1'
[6.810s] INFO:colcon.colcon_core.shell:Creating prefix script '/home/omkar/ros2_px4_offboard_example_ws/install/local_setup.sh'
[6.813s] INFO:colcon.colcon_core.shell:Creating prefix util module '/home/omkar/ros2_px4_offboard_example_ws/install/_local_setup_util_sh.py'
[6.815s] INFO:colcon.colcon_core.shell:Creating prefix chain script '/home/omkar/ros2_px4_offboard_example_ws/install/setup.sh'
[6.827s] INFO:colcon.colcon_core.shell:Creating prefix script '/home/omkar/ros2_px4_offboard_example_ws/install/local_setup.bash'
[6.828s] INFO:colcon.colcon_core.shell:Creating prefix chain script '/home/omkar/ros2_px4_offboard_example_ws/install/setup.bash'
[6.834s] INFO:colcon.colcon_core.shell:Creating prefix script '/home/omkar/ros2_px4_offboard_example_ws/install/local_setup.zsh'
[6.846s] INFO:colcon.colcon_core.shell:Creating prefix chain script '/home/omkar/ros2_px4_offboard_example_ws/install/setup.zsh'
