running egg_info
creating ../../../build/px4_offboard/px4_offboard.egg-info
writing ../../../build/px4_offboard/px4_offboard.egg-info/PKG-INFO
writing dependency_links to ../../../build/px4_offboard/px4_offboard.egg-info/dependency_links.txt
writing entry points to ../../../build/px4_offboard/px4_offboard.egg-info/entry_points.txt
writing requirements to ../../../build/px4_offboard/px4_offboard.egg-info/requires.txt
writing top-level names to ../../../build/px4_offboard/px4_offboard.egg-info/top_level.txt
writing manifest file '../../../build/px4_offboard/px4_offboard.egg-info/SOURCES.txt'
reading manifest file '../../../build/px4_offboard/px4_offboard.egg-info/SOURCES.txt'
adding license file 'LICENSE'
writing manifest file '../../../build/px4_offboard/px4_offboard.egg-info/SOURCES.txt'
running build
running build_py
creating /home/omkar/ros2_px4_offboard_example_ws/build/px4_offboard/build
creating /home/omkar/ros2_px4_offboard_example_ws/build/px4_offboard/build/lib
creating /home/omkar/ros2_px4_offboard_example_ws/build/px4_offboard/build/lib/px4_offboard
copying px4_offboard/processes.py -> /home/omkar/ros2_px4_offboard_example_ws/build/px4_offboard/build/lib/px4_offboard
copying px4_offboard/visualizer.py -> /home/omkar/ros2_px4_offboard_example_ws/build/px4_offboard/build/lib/px4_offboard
copying px4_offboard/velocity_control.py -> /home/omkar/ros2_px4_offboard_example_ws/build/px4_offboard/build/lib/px4_offboard
copying px4_offboard/__init__.py -> /home/omkar/ros2_px4_offboard_example_ws/build/px4_offboard/build/lib/px4_offboard
copying px4_offboard/control.py -> /home/omkar/ros2_px4_offboard_example_ws/build/px4_offboard/build/lib/px4_offboard
running install
/home/omkar/.local/lib/python3.10/site-packages/setuptools/_distutils/cmd.py:66: SetuptoolsDeprecationWarning: setup.py install is deprecated.
!!

        ********************************************************************************
        Please avoid running ``setup.py`` directly.
        Instead, use pypa/build, pypa/installer or other
        standards-based tools.

        See https://blog.ganssle.io/articles/2021/10/setup-py-deprecated.html for details.
        ********************************************************************************

!!
  self.initialize_options()
running install_lib
creating /home/omkar/ros2_px4_offboard_example_ws/install/px4_offboard/lib/python3.10/site-packages/px4_offboard
copying /home/omkar/ros2_px4_offboard_example_ws/build/px4_offboard/build/lib/px4_offboard/processes.py -> /home/omkar/ros2_px4_offboard_example_ws/install/px4_offboard/lib/python3.10/site-packages/px4_offboard
copying /home/omkar/ros2_px4_offboard_example_ws/build/px4_offboard/build/lib/px4_offboard/visualizer.py -> /home/omkar/ros2_px4_offboard_example_ws/install/px4_offboard/lib/python3.10/site-packages/px4_offboard
copying /home/omkar/ros2_px4_offboard_example_ws/build/px4_offboard/build/lib/px4_offboard/velocity_control.py -> /home/omkar/ros2_px4_offboard_example_ws/install/px4_offboard/lib/python3.10/site-packages/px4_offboard
copying /home/omkar/ros2_px4_offboard_example_ws/build/px4_offboard/build/lib/px4_offboard/__init__.py -> /home/omkar/ros2_px4_offboard_example_ws/install/px4_offboard/lib/python3.10/site-packages/px4_offboard
copying /home/omkar/ros2_px4_offboard_example_ws/build/px4_offboard/build/lib/px4_offboard/control.py -> /home/omkar/ros2_px4_offboard_example_ws/install/px4_offboard/lib/python3.10/site-packages/px4_offboard
byte-compiling /home/omkar/ros2_px4_offboard_example_ws/install/px4_offboard/lib/python3.10/site-packages/px4_offboard/processes.py to processes.cpython-310.pyc
byte-compiling /home/omkar/ros2_px4_offboard_example_ws/install/px4_offboard/lib/python3.10/site-packages/px4_offboard/visualizer.py to visualizer.cpython-310.pyc
byte-compiling /home/omkar/ros2_px4_offboard_example_ws/install/px4_offboard/lib/python3.10/site-packages/px4_offboard/velocity_control.py to velocity_control.cpython-310.pyc
byte-compiling /home/omkar/ros2_px4_offboard_example_ws/install/px4_offboard/lib/python3.10/site-packages/px4_offboard/__init__.py to __init__.cpython-310.pyc
byte-compiling /home/omkar/ros2_px4_offboard_example_ws/install/px4_offboard/lib/python3.10/site-packages/px4_offboard/control.py to control.cpython-310.pyc
running install_data
creating /home/omkar/ros2_px4_offboard_example_ws/install/px4_offboard/share/ament_index
creating /home/omkar/ros2_px4_offboard_example_ws/install/px4_offboard/share/ament_index/resource_index
creating /home/omkar/ros2_px4_offboard_example_ws/install/px4_offboard/share/ament_index/resource_index/packages
copying resource/px4_offboard -> /home/omkar/ros2_px4_offboard_example_ws/install/px4_offboard/share/ament_index/resource_index/packages
copying resource/visualize.rviz -> /home/omkar/ros2_px4_offboard_example_ws/install/px4_offboard/share/ament_index/resource_index/packages
copying package.xml -> /home/omkar/ros2_px4_offboard_example_ws/install/px4_offboard/share/px4_offboard
copying launch/offboard_velocity_control.launch.py -> /home/omkar/ros2_px4_offboard_example_ws/install/px4_offboard/share/px4_offboard
copying resource/visualize.rviz -> /home/omkar/ros2_px4_offboard_example_ws/install/px4_offboard/share/px4_offboard
running install_egg_info
Copying ../../../build/px4_offboard/px4_offboard.egg-info to /home/omkar/ros2_px4_offboard_example_ws/install/px4_offboard/lib/python3.10/site-packages/px4_offboard-0.0.0-py3.10.egg-info
running install_scripts
Installing control script to /home/omkar/ros2_px4_offboard_example_ws/install/px4_offboard/lib/px4_offboard
Installing offboard_control script to /home/omkar/ros2_px4_offboard_example_ws/install/px4_offboard/lib/px4_offboard
Installing processes script to /home/omkar/ros2_px4_offboard_example_ws/install/px4_offboard/lib/px4_offboard
Installing velocity_control script to /home/omkar/ros2_px4_offboard_example_ws/install/px4_offboard/lib/px4_offboard
Installing visualizer script to /home/omkar/ros2_px4_offboard_example_ws/install/px4_offboard/lib/px4_offboard
writing list of installed files to '/home/omkar/ros2_px4_offboard_example_ws/build/px4_offboard/install.log'
