[2.351s] Invoking command in '/home/omkar/ros2_px4_offboard_example_ws/src/px4_offboard_position': CMAKE_PREFIX_PATH=/home/omkar/ros2_px4_offboard_example_ws/install/px4_msgs:/home/omkar/ros2_px4_offboard_example_ws/install/px4_ros_com LD_LIBRARY_PATH=/home/omkar/ros2_px4_offboard_example_ws/install/px4_msgs/lib:/home/omkar/ros2_px4_offboard_example_ws/install/px4_ros_com/lib:/opt/ros/humble/opt/rviz_ogre_vendor/lib:/opt/ros/humble/lib/x86_64-linux-gnu:/opt/ros/humble/lib PYTHONPATH=/home/omkar/ros2_px4_offboard_example_ws/build/px4_offboard_position/prefix_override:/home/omkar/ros2_px4_offboard_example_ws/install/px4_offboard_position/lib/python3.10/site-packages:${PYTHONPATH} /usr/bin/python3 setup.py egg_info --egg-base ../../build/px4_offboard_position build --build-base /home/omkar/ros2_px4_offboard_example_ws/build/px4_offboard_position/build install --record /home/omkar/ros2_px4_offboard_example_ws/build/px4_offboard_position/install.log --single-version-externally-managed
[3.237s] running egg_info
[3.241s] writing ../../build/px4_offboard_position/px4_offboard_position.egg-info/PKG-INFO
[3.244s] writing dependency_links to ../../build/px4_offboard_position/px4_offboard_position.egg-info/dependency_links.txt
[3.246s] writing entry points to ../../build/px4_offboard_position/px4_offboard_position.egg-info/entry_points.txt
[3.248s] writing requirements to ../../build/px4_offboard_position/px4_offboard_position.egg-info/requires.txt
[3.249s] writing top-level names to ../../build/px4_offboard_position/px4_offboard_position.egg-info/top_level.txt
[3.261s] reading manifest file '../../build/px4_offboard_position/px4_offboard_position.egg-info/SOURCES.txt'
[3.264s] adding license file 'LICENSE'
[3.279s] writing manifest file '../../build/px4_offboard_position/px4_offboard_position.egg-info/SOURCES.txt'
[3.284s] running build
[3.291s] running build_py
[3.296s] copying px4_offboard_position/offboard_control.py -> /home/omkar/ros2_px4_offboard_example_ws/build/px4_offboard_position/build/lib/px4_offboard_position
[3.298s] running install
[3.300s] running install_lib
[3.305s] copying /home/omkar/ros2_px4_offboard_example_ws/build/px4_offboard_position/build/lib/px4_offboard_position/offboard_control.py -> /home/omkar/ros2_px4_offboard_example_ws/install/px4_offboard_position/lib/python3.10/site-packages/px4_offboard_position
[3.313s] byte-compiling /home/omkar/ros2_px4_offboard_example_ws/install/px4_offboard_position/lib/python3.10/site-packages/px4_offboard_position/offboard_control.py to offboard_control.cpython-310.pyc
[3.325s] running install_data
[3.335s] running install_egg_info
[3.348s] removing '/home/omkar/ros2_px4_offboard_example_ws/install/px4_offboard_position/lib/python3.10/site-packages/px4_offboard_position-0.0.0-py3.10.egg-info' (and everything under it)
[3.358s] Copying ../../build/px4_offboard_position/px4_offboard_position.egg-info to /home/omkar/ros2_px4_offboard_example_ws/install/px4_offboard_position/lib/python3.10/site-packages/px4_offboard_position-0.0.0-py3.10.egg-info
[3.363s] running install_scripts
[3.440s] Installing offboard_control script to /home/omkar/ros2_px4_offboard_example_ws/install/px4_offboard_position/lib/px4_offboard_position
[3.443s] Installing visualizer script to /home/omkar/ros2_px4_offboard_example_ws/install/px4_offboard_position/lib/px4_offboard_position
[3.451s] writing list of installed files to '/home/omkar/ros2_px4_offboard_example_ws/build/px4_offboard_position/install.log'
[3.582s] Invoked command in '/home/omkar/ros2_px4_offboard_example_ws/src/px4_offboard_position' returned '0': CMAKE_PREFIX_PATH=/home/omkar/ros2_px4_offboard_example_ws/install/px4_msgs:/home/omkar/ros2_px4_offboard_example_ws/install/px4_ros_com LD_LIBRARY_PATH=/home/omkar/ros2_px4_offboard_example_ws/install/px4_msgs/lib:/home/omkar/ros2_px4_offboard_example_ws/install/px4_ros_com/lib:/opt/ros/humble/opt/rviz_ogre_vendor/lib:/opt/ros/humble/lib/x86_64-linux-gnu:/opt/ros/humble/lib PYTHONPATH=/home/omkar/ros2_px4_offboard_example_ws/build/px4_offboard_position/prefix_override:/home/omkar/ros2_px4_offboard_example_ws/install/px4_offboard_position/lib/python3.10/site-packages:${PYTHONPATH} /usr/bin/python3 setup.py egg_info --egg-base ../../build/px4_offboard_position build --build-base /home/omkar/ros2_px4_offboard_example_ws/build/px4_offboard_position/build install --record /home/omkar/ros2_px4_offboard_example_ws/build/px4_offboard_position/install.log --single-version-externally-managed
