[0.851s] DEBUG:colcon:Command line arguments: ['/usr/bin/colcon', 'build', '--packages-select', 'px4_offboard_position']
[0.854s] DEBUG:colcon:Parsed command line arguments: Namespace(log_base=None, log_level=None, verb_name='build', build_base='build', install_base='install', merge_install=False, symlink_install=False, test_result_base=None, continue_on_error=False, executor='parallel', parallel_workers=1, event_handlers=None, ignore_user_meta=False, metas=['./colcon.meta'], base_paths=['.'], packages_ignore=None, packages_ignore_regex=None, paths=None, packages_up_to=None, packages_up_to_regex=None, packages_above=None, packages_above_and_dependencies=None, packages_above_depth=None, packages_select_by_dep=None, packages_skip_by_dep=None, packages_skip_up_to=None, packages_select_build_failed=False, packages_skip_build_finished=False, packages_select_test_failures=False, packages_skip_test_passed=False, packages_select=['px4_offboard_position'], packages_skip=None, packages_select_regex=None, packages_skip_regex=None, packages_start=None, packages_end=None, allow_overriding=[], cmake_args=None, cmake_target=None, cmake_target_skip_unavailable=False, cmake_clean_cache=False, cmake_clean_first=False, cmake_force_configure=False, ament_cmake_args=None, catkin_cmake_args=None, catkin_skip_building_tests=False, verb_parser=<colcon_defaults.argument_parser.defaults.DefaultArgumentsDecorator object at 0x7f8cbf7f8700>, verb_extension=<colcon_core.verb.build.BuildVerb object at 0x7f8cbf7f8130>, main=<bound method BuildVerb.main of <colcon_core.verb.build.BuildVerb object at 0x7f8cbf7f8130>>)
[0.946s] Level 1:colcon.colcon_core.package_discovery:discover_packages(colcon_meta) check parameters
[0.953s] Level 1:colcon.colcon_core.package_discovery:discover_packages(recursive) check parameters
[0.954s] Level 1:colcon.colcon_core.package_discovery:discover_packages(ignore) check parameters
[0.954s] Level 1:colcon.colcon_core.package_discovery:discover_packages(path) check parameters
[0.954s] Level 1:colcon.colcon_core.package_discovery:discover_packages(colcon_meta) discover
[0.954s] Level 1:colcon.colcon_core.package_discovery:discover_packages(recursive) discover
[0.954s] INFO:colcon.colcon_core.package_discovery:Crawling recursively for packages in '/home/omkar/ros2_px4_offboard_example_ws'
[0.956s] Level 1:colcon.colcon_core.package_identification:_identify(.) by extensions ['ignore', 'ignore_ament_install']
[0.956s] Level 1:colcon.colcon_core.package_identification:_identify(.) by extension 'ignore'
[0.956s] Level 1:colcon.colcon_core.package_identification:_identify(.) by extension 'ignore_ament_install'
[0.956s] Level 1:colcon.colcon_core.package_identification:_identify(.) by extensions ['colcon_pkg']
[0.957s] Level 1:colcon.colcon_core.package_identification:_identify(.) by extension 'colcon_pkg'
[0.957s] Level 1:colcon.colcon_core.package_identification:_identify(.) by extensions ['colcon_meta']
[0.958s] Level 1:colcon.colcon_core.package_identification:_identify(.) by extension 'colcon_meta'
[0.958s] Level 1:colcon.colcon_core.package_identification:_identify(.) by extensions ['ros']
[0.958s] Level 1:colcon.colcon_core.package_identification:_identify(.) by extension 'ros'
[0.998s] Level 1:colcon.colcon_core.package_identification:_identify(.) by extensions ['cmake', 'python']
[1.003s] Level 1:colcon.colcon_core.package_identification:_identify(.) by extension 'cmake'
[1.004s] Level 1:colcon.colcon_core.package_identification:_identify(.) by extension 'python'
[1.004s] Level 1:colcon.colcon_core.package_identification:_identify(.) by extensions ['python_setup_py']
[1.004s] Level 1:colcon.colcon_core.package_identification:_identify(.) by extension 'python_setup_py'
[1.004s] Level 1:colcon.colcon_core.package_identification:_identify(build) by extensions ['ignore', 'ignore_ament_install']
[1.005s] Level 1:colcon.colcon_core.package_identification:_identify(build) by extension 'ignore'
[1.005s] Level 1:colcon.colcon_core.package_identification:_identify(build) ignored
[1.005s] Level 1:colcon.colcon_core.package_identification:_identify(install) by extensions ['ignore', 'ignore_ament_install']
[1.006s] Level 1:colcon.colcon_core.package_identification:_identify(install) by extension 'ignore'
[1.006s] Level 1:colcon.colcon_core.package_identification:_identify(install) ignored
[1.006s] Level 1:colcon.colcon_core.package_identification:_identify(log) by extensions ['ignore', 'ignore_ament_install']
[1.007s] Level 1:colcon.colcon_core.package_identification:_identify(log) by extension 'ignore'
[1.007s] Level 1:colcon.colcon_core.package_identification:_identify(log) ignored
[1.008s] Level 1:colcon.colcon_core.package_identification:_identify(src) by extensions ['ignore', 'ignore_ament_install']
[1.008s] Level 1:colcon.colcon_core.package_identification:_identify(src) by extension 'ignore'
[1.008s] Level 1:colcon.colcon_core.package_identification:_identify(src) by extension 'ignore_ament_install'
[1.008s] Level 1:colcon.colcon_core.package_identification:_identify(src) by extensions ['colcon_pkg']
[1.009s] Level 1:colcon.colcon_core.package_identification:_identify(src) by extension 'colcon_pkg'
[1.009s] Level 1:colcon.colcon_core.package_identification:_identify(src) by extensions ['colcon_meta']
[1.009s] Level 1:colcon.colcon_core.package_identification:_identify(src) by extension 'colcon_meta'
[1.009s] Level 1:colcon.colcon_core.package_identification:_identify(src) by extensions ['ros']
[1.010s] Level 1:colcon.colcon_core.package_identification:_identify(src) by extension 'ros'
[1.010s] Level 1:colcon.colcon_core.package_identification:_identify(src) by extensions ['cmake', 'python']
[1.010s] Level 1:colcon.colcon_core.package_identification:_identify(src) by extension 'cmake'
[1.010s] Level 1:colcon.colcon_core.package_identification:_identify(src) by extension 'python'
[1.011s] Level 1:colcon.colcon_core.package_identification:_identify(src) by extensions ['python_setup_py']
[1.011s] Level 1:colcon.colcon_core.package_identification:_identify(src) by extension 'python_setup_py'
[1.012s] Level 1:colcon.colcon_core.package_identification:_identify(src/ROS2_PX4_Offboard_Example) by extensions ['ignore', 'ignore_ament_install']
[1.012s] Level 1:colcon.colcon_core.package_identification:_identify(src/ROS2_PX4_Offboard_Example) by extension 'ignore'
[1.012s] Level 1:colcon.colcon_core.package_identification:_identify(src/ROS2_PX4_Offboard_Example) by extension 'ignore_ament_install'
[1.012s] Level 1:colcon.colcon_core.package_identification:_identify(src/ROS2_PX4_Offboard_Example) by extensions ['colcon_pkg']
[1.012s] Level 1:colcon.colcon_core.package_identification:_identify(src/ROS2_PX4_Offboard_Example) by extension 'colcon_pkg'
[1.013s] Level 1:colcon.colcon_core.package_identification:_identify(src/ROS2_PX4_Offboard_Example) by extensions ['colcon_meta']
[1.013s] Level 1:colcon.colcon_core.package_identification:_identify(src/ROS2_PX4_Offboard_Example) by extension 'colcon_meta'
[1.013s] Level 1:colcon.colcon_core.package_identification:_identify(src/ROS2_PX4_Offboard_Example) by extensions ['ros']
[1.013s] Level 1:colcon.colcon_core.package_identification:_identify(src/ROS2_PX4_Offboard_Example) by extension 'ros'
[1.014s] Level 1:colcon.colcon_core.package_identification:_identify(src/ROS2_PX4_Offboard_Example) by extensions ['cmake', 'python']
[1.014s] Level 1:colcon.colcon_core.package_identification:_identify(src/ROS2_PX4_Offboard_Example) by extension 'cmake'
[1.014s] Level 1:colcon.colcon_core.package_identification:_identify(src/ROS2_PX4_Offboard_Example) by extension 'python'
[1.014s] Level 1:colcon.colcon_core.package_identification:_identify(src/ROS2_PX4_Offboard_Example) by extensions ['python_setup_py']
[1.015s] Level 1:colcon.colcon_core.package_identification:_identify(src/ROS2_PX4_Offboard_Example) by extension 'python_setup_py'
[1.015s] Level 1:colcon.colcon_core.package_identification:_identify(src/ROS2_PX4_Offboard_Example/px4_offboard) by extensions ['ignore', 'ignore_ament_install']
[1.015s] Level 1:colcon.colcon_core.package_identification:_identify(src/ROS2_PX4_Offboard_Example/px4_offboard) by extension 'ignore'
[1.016s] Level 1:colcon.colcon_core.package_identification:_identify(src/ROS2_PX4_Offboard_Example/px4_offboard) by extension 'ignore_ament_install'
[1.016s] Level 1:colcon.colcon_core.package_identification:_identify(src/ROS2_PX4_Offboard_Example/px4_offboard) by extensions ['colcon_pkg']
[1.016s] Level 1:colcon.colcon_core.package_identification:_identify(src/ROS2_PX4_Offboard_Example/px4_offboard) by extension 'colcon_pkg'
[1.016s] Level 1:colcon.colcon_core.package_identification:_identify(src/ROS2_PX4_Offboard_Example/px4_offboard) by extensions ['colcon_meta']
[1.017s] Level 1:colcon.colcon_core.package_identification:_identify(src/ROS2_PX4_Offboard_Example/px4_offboard) by extension 'colcon_meta'
[1.017s] Level 1:colcon.colcon_core.package_identification:_identify(src/ROS2_PX4_Offboard_Example/px4_offboard) by extensions ['ros']
[1.017s] Level 1:colcon.colcon_core.package_identification:_identify(src/ROS2_PX4_Offboard_Example/px4_offboard) by extension 'ros'
[1.032s] DEBUG:colcon.colcon_core.package_identification:Package 'src/ROS2_PX4_Offboard_Example/px4_offboard' with type 'ros.ament_python' and name 'px4_offboard'
[1.032s] Level 1:colcon.colcon_core.package_identification:_identify(src/px4_msgs) by extensions ['ignore', 'ignore_ament_install']
[1.033s] Level 1:colcon.colcon_core.package_identification:_identify(src/px4_msgs) by extension 'ignore'
[1.033s] Level 1:colcon.colcon_core.package_identification:_identify(src/px4_msgs) by extension 'ignore_ament_install'
[1.033s] Level 1:colcon.colcon_core.package_identification:_identify(src/px4_msgs) by extensions ['colcon_pkg']
[1.033s] Level 1:colcon.colcon_core.package_identification:_identify(src/px4_msgs) by extension 'colcon_pkg'
[1.034s] Level 1:colcon.colcon_core.package_identification:_identify(src/px4_msgs) by extensions ['colcon_meta']
[1.034s] Level 1:colcon.colcon_core.package_identification:_identify(src/px4_msgs) by extension 'colcon_meta'
[1.034s] Level 1:colcon.colcon_core.package_identification:_identify(src/px4_msgs) by extensions ['ros']
[1.034s] Level 1:colcon.colcon_core.package_identification:_identify(src/px4_msgs) by extension 'ros'
[1.036s] DEBUG:colcon.colcon_core.package_identification:Package 'src/px4_msgs' with type 'ros.ament_cmake' and name 'px4_msgs'
[1.036s] Level 1:colcon.colcon_core.package_identification:_identify(src/px4_offboard_position) by extensions ['ignore', 'ignore_ament_install']
[1.037s] Level 1:colcon.colcon_core.package_identification:_identify(src/px4_offboard_position) by extension 'ignore'
[1.037s] Level 1:colcon.colcon_core.package_identification:_identify(src/px4_offboard_position) by extension 'ignore_ament_install'
[1.037s] Level 1:colcon.colcon_core.package_identification:_identify(src/px4_offboard_position) by extensions ['colcon_pkg']
[1.038s] Level 1:colcon.colcon_core.package_identification:_identify(src/px4_offboard_position) by extension 'colcon_pkg'
[1.038s] Level 1:colcon.colcon_core.package_identification:_identify(src/px4_offboard_position) by extensions ['colcon_meta']
[1.038s] Level 1:colcon.colcon_core.package_identification:_identify(src/px4_offboard_position) by extension 'colcon_meta'
[1.038s] Level 1:colcon.colcon_core.package_identification:_identify(src/px4_offboard_position) by extensions ['ros']
[1.038s] Level 1:colcon.colcon_core.package_identification:_identify(src/px4_offboard_position) by extension 'ros'
[1.040s] DEBUG:colcon.colcon_core.package_identification:Package 'src/px4_offboard_position' with type 'ros.ament_python' and name 'px4_offboard_position'
[1.040s] Level 1:colcon.colcon_core.package_identification:_identify(src/px4_ros_com) by extensions ['ignore', 'ignore_ament_install']
[1.041s] Level 1:colcon.colcon_core.package_identification:_identify(src/px4_ros_com) by extension 'ignore'
[1.041s] Level 1:colcon.colcon_core.package_identification:_identify(src/px4_ros_com) by extension 'ignore_ament_install'
[1.041s] Level 1:colcon.colcon_core.package_identification:_identify(src/px4_ros_com) by extensions ['colcon_pkg']
[1.041s] Level 1:colcon.colcon_core.package_identification:_identify(src/px4_ros_com) by extension 'colcon_pkg'
[1.042s] Level 1:colcon.colcon_core.package_identification:_identify(src/px4_ros_com) by extensions ['colcon_meta']
[1.042s] Level 1:colcon.colcon_core.package_identification:_identify(src/px4_ros_com) by extension 'colcon_meta'
[1.046s] Level 1:colcon.colcon_core.package_identification:_identify(src/px4_ros_com) by extensions ['ros']
[1.046s] Level 1:colcon.colcon_core.package_identification:_identify(src/px4_ros_com) by extension 'ros'
[1.051s] DEBUG:colcon.colcon_core.package_identification:Package 'src/px4_ros_com' with type 'ros.ament_cmake' and name 'px4_ros_com'
[1.052s] Level 1:colcon.colcon_core.package_discovery:discover_packages(recursive) using defaults
[1.052s] Level 1:colcon.colcon_core.package_discovery:discover_packages(ignore) discover
[1.052s] Level 1:colcon.colcon_core.package_discovery:discover_packages(ignore) using defaults
[1.052s] Level 1:colcon.colcon_core.package_discovery:discover_packages(path) discover
[1.053s] Level 1:colcon.colcon_core.package_discovery:discover_packages(path) using defaults
[1.106s] INFO:colcon.colcon_core.package_selection:Skipping not selected package 'px4_msgs' in 'src/px4_msgs'
[1.106s] INFO:colcon.colcon_core.package_selection:Skipping not selected package 'px4_offboard' in 'src/ROS2_PX4_Offboard_Example/px4_offboard'
[1.107s] INFO:colcon.colcon_core.package_selection:Skipping not selected package 'px4_ros_com' in 'src/px4_ros_com'
[1.109s] Level 1:colcon.colcon_core.package_discovery:discover_packages(prefix_path) check parameters
[1.109s] Level 1:colcon.colcon_core.package_discovery:discover_packages(prefix_path) discover
[1.118s] DEBUG:colcon.colcon_installed_package_information.package_discovery:Found 4 installed packages in /home/omkar/ros2_px4_offboard_example_ws/install
[1.121s] DEBUG:colcon.colcon_installed_package_information.package_discovery:Found 270 installed packages in /opt/ros/humble
[1.125s] Level 1:colcon.colcon_core.package_discovery:discover_packages(prefix_path) using defaults
[1.288s] Level 5:colcon.colcon_core.verb:set package 'px4_offboard_position' build argument 'cmake_args' from command line to 'None'
[1.288s] Level 5:colcon.colcon_core.verb:set package 'px4_offboard_position' build argument 'cmake_target' from command line to 'None'
[1.288s] Level 5:colcon.colcon_core.verb:set package 'px4_offboard_position' build argument 'cmake_target_skip_unavailable' from command line to 'False'
[1.289s] Level 5:colcon.colcon_core.verb:set package 'px4_offboard_position' build argument 'cmake_clean_cache' from command line to 'False'
[1.289s] Level 5:colcon.colcon_core.verb:set package 'px4_offboard_position' build argument 'cmake_clean_first' from command line to 'False'
[1.289s] Level 5:colcon.colcon_core.verb:set package 'px4_offboard_position' build argument 'cmake_force_configure' from command line to 'False'
[1.289s] Level 5:colcon.colcon_core.verb:set package 'px4_offboard_position' build argument 'ament_cmake_args' from command line to 'None'
[1.289s] Level 5:colcon.colcon_core.verb:set package 'px4_offboard_position' build argument 'catkin_cmake_args' from command line to 'None'
[1.289s] Level 5:colcon.colcon_core.verb:set package 'px4_offboard_position' build argument 'catkin_skip_building_tests' from command line to 'False'
[1.290s] DEBUG:colcon.colcon_core.verb:Building package 'px4_offboard_position' with the following arguments: {'ament_cmake_args': None, 'build_base': '/home/omkar/ros2_px4_offboard_example_ws/build/px4_offboard_position', 'catkin_cmake_args': None, 'catkin_skip_building_tests': False, 'cmake_args': None, 'cmake_clean_cache': False, 'cmake_clean_first': False, 'cmake_force_configure': False, 'cmake_target': None, 'cmake_target_skip_unavailable': False, 'install_base': '/home/omkar/ros2_px4_offboard_example_ws/install/px4_offboard_position', 'merge_install': False, 'path': '/home/omkar/ros2_px4_offboard_example_ws/src/px4_offboard_position', 'symlink_install': False, 'test_result_base': None}
[1.292s] INFO:colcon.colcon_core.executor:Executing jobs using 'parallel' executor
[1.298s] DEBUG:colcon.colcon_parallel_executor.executor.parallel:run_until_complete
[1.299s] INFO:colcon.colcon_ros.task.ament_python.build:Building ROS package in '/home/omkar/ros2_px4_offboard_example_ws/src/px4_offboard_position' with build type 'ament_python'
[1.300s] Level 1:colcon.colcon_core.shell:create_environment_hook('px4_offboard_position', 'ament_prefix_path')
[1.313s] INFO:colcon.colcon_core.plugin_system:Skipping extension 'colcon_core.shell.bat': Not used on non-Windows systems
[1.314s] INFO:colcon.colcon_core.shell:Creating environment hook '/home/omkar/ros2_px4_offboard_example_ws/install/px4_offboard_position/share/px4_offboard_position/hook/ament_prefix_path.ps1'
[1.316s] INFO:colcon.colcon_core.shell:Creating environment descriptor '/home/omkar/ros2_px4_offboard_example_ws/install/px4_offboard_position/share/px4_offboard_position/hook/ament_prefix_path.dsv'
[1.317s] INFO:colcon.colcon_core.shell:Creating environment hook '/home/omkar/ros2_px4_offboard_example_ws/install/px4_offboard_position/share/px4_offboard_position/hook/ament_prefix_path.sh'
[1.326s] INFO:colcon.colcon_core.shell:Skip shell extension 'powershell' for command environment: Not usable outside of PowerShell
[1.326s] DEBUG:colcon.colcon_core.shell:Skip shell extension 'dsv' for command environment
[2.312s] INFO:colcon.colcon_core.task.python.build:Building Python package in '/home/omkar/ros2_px4_offboard_example_ws/src/px4_offboard_position'
[2.314s] INFO:colcon.colcon_core.shell:Skip shell extension 'powershell' for command environment: Not usable outside of PowerShell
[2.315s] DEBUG:colcon.colcon_core.shell:Skip shell extension 'dsv' for command environment
[3.309s] DEBUG:colcon.colcon_core.event_handler.log_command:Invoking command in '/home/omkar/ros2_px4_offboard_example_ws/src/px4_offboard_position': CMAKE_PREFIX_PATH=/home/omkar/ros2_px4_offboard_example_ws/install/px4_msgs:/home/omkar/ros2_px4_offboard_example_ws/install/px4_ros_com LD_LIBRARY_PATH=/home/omkar/ros2_px4_offboard_example_ws/install/px4_msgs/lib:/home/omkar/ros2_px4_offboard_example_ws/install/px4_ros_com/lib:/opt/ros/humble/opt/rviz_ogre_vendor/lib:/opt/ros/humble/lib/x86_64-linux-gnu:/opt/ros/humble/lib PYTHONPATH=/home/omkar/ros2_px4_offboard_example_ws/build/px4_offboard_position/prefix_override:/home/omkar/ros2_px4_offboard_example_ws/install/px4_offboard_position/lib/python3.10/site-packages:${PYTHONPATH} /usr/bin/python3 setup.py egg_info --egg-base ../../build/px4_offboard_position build --build-base /home/omkar/ros2_px4_offboard_example_ws/build/px4_offboard_position/build install --record /home/omkar/ros2_px4_offboard_example_ws/build/px4_offboard_position/install.log --single-version-externally-managed
[4.232s] DEBUG:colcon.colcon_core.event_handler.log_command:Invoked command in '/home/omkar/ros2_px4_offboard_example_ws/src/px4_offboard_position' returned '0': CMAKE_PREFIX_PATH=/home/omkar/ros2_px4_offboard_example_ws/install/px4_msgs:/home/omkar/ros2_px4_offboard_example_ws/install/px4_ros_com LD_LIBRARY_PATH=/home/omkar/ros2_px4_offboard_example_ws/install/px4_msgs/lib:/home/omkar/ros2_px4_offboard_example_ws/install/px4_ros_com/lib:/opt/ros/humble/opt/rviz_ogre_vendor/lib:/opt/ros/humble/lib/x86_64-linux-gnu:/opt/ros/humble/lib PYTHONPATH=/home/omkar/ros2_px4_offboard_example_ws/build/px4_offboard_position/prefix_override:/home/omkar/ros2_px4_offboard_example_ws/install/px4_offboard_position/lib/python3.10/site-packages:${PYTHONPATH} /usr/bin/python3 setup.py egg_info --egg-base ../../build/px4_offboard_position build --build-base /home/omkar/ros2_px4_offboard_example_ws/build/px4_offboard_position/build install --record /home/omkar/ros2_px4_offboard_example_ws/build/px4_offboard_position/install.log --single-version-externally-managed
[4.241s] Level 1:colcon.colcon_core.environment:checking '/home/omkar/ros2_px4_offboard_example_ws/install/px4_offboard_position' for CMake module files
[4.242s] Level 1:colcon.colcon_core.environment:checking '/home/omkar/ros2_px4_offboard_example_ws/install/px4_offboard_position' for CMake config files
[4.244s] Level 1:colcon.colcon_core.environment:checking '/home/omkar/ros2_px4_offboard_example_ws/install/px4_offboard_position/lib'
[4.245s] Level 1:colcon.colcon_core.environment:checking '/home/omkar/ros2_px4_offboard_example_ws/install/px4_offboard_position/bin'
[4.245s] Level 1:colcon.colcon_core.environment:checking '/home/omkar/ros2_px4_offboard_example_ws/install/px4_offboard_position/lib/pkgconfig/px4_offboard_position.pc'
[4.248s] Level 1:colcon.colcon_core.environment:checking '/home/omkar/ros2_px4_offboard_example_ws/install/px4_offboard_position/lib/python3.10/site-packages'
[4.249s] Level 1:colcon.colcon_core.shell:create_environment_hook('px4_offboard_position', 'pythonpath')
[4.252s] INFO:colcon.colcon_core.shell:Creating environment hook '/home/omkar/ros2_px4_offboard_example_ws/install/px4_offboard_position/share/px4_offboard_position/hook/pythonpath.ps1'
[4.253s] INFO:colcon.colcon_core.shell:Creating environment descriptor '/home/omkar/ros2_px4_offboard_example_ws/install/px4_offboard_position/share/px4_offboard_position/hook/pythonpath.dsv'
[4.255s] INFO:colcon.colcon_core.shell:Creating environment hook '/home/omkar/ros2_px4_offboard_example_ws/install/px4_offboard_position/share/px4_offboard_position/hook/pythonpath.sh'
[4.256s] Level 1:colcon.colcon_core.environment:checking '/home/omkar/ros2_px4_offboard_example_ws/install/px4_offboard_position/bin'
[4.257s] Level 1:colcon.colcon_core.environment:create_environment_scripts_only(px4_offboard_position)
[4.260s] INFO:colcon.colcon_core.shell:Creating package script '/home/omkar/ros2_px4_offboard_example_ws/install/px4_offboard_position/share/px4_offboard_position/package.ps1'
[4.266s] INFO:colcon.colcon_core.shell:Creating package descriptor '/home/omkar/ros2_px4_offboard_example_ws/install/px4_offboard_position/share/px4_offboard_position/package.dsv'
[4.268s] INFO:colcon.colcon_core.shell:Creating package script '/home/omkar/ros2_px4_offboard_example_ws/install/px4_offboard_position/share/px4_offboard_position/package.sh'
[4.272s] INFO:colcon.colcon_core.shell:Creating package script '/home/omkar/ros2_px4_offboard_example_ws/install/px4_offboard_position/share/px4_offboard_position/package.bash'
[4.274s] INFO:colcon.colcon_core.shell:Creating package script '/home/omkar/ros2_px4_offboard_example_ws/install/px4_offboard_position/share/px4_offboard_position/package.zsh'
[4.277s] Level 1:colcon.colcon_core.environment:create_file_with_runtime_dependencies(/home/omkar/ros2_px4_offboard_example_ws/install/px4_offboard_position/share/colcon-core/packages/px4_offboard_position)
[4.285s] DEBUG:colcon.colcon_parallel_executor.executor.parallel:closing loop
[4.286s] DEBUG:colcon.colcon_parallel_executor.executor.parallel:loop closed
[4.286s] DEBUG:colcon.colcon_parallel_executor.executor.parallel:run_until_complete finished with '0'
[4.286s] DEBUG:colcon.colcon_core.event_reactor:joining thread
[4.306s] INFO:colcon.colcon_core.plugin_system:Skipping extension 'colcon_notification.desktop_notification.terminal_notifier': Not used on non-Darwin systems
[4.306s] INFO:colcon.colcon_core.plugin_system:Skipping extension 'colcon_notification.desktop_notification.win32': Not used on non-Windows systems
[4.306s] INFO:colcon.colcon_notification.desktop_notification:Sending desktop notification using 'notify2'
[4.357s] DEBUG:colcon.colcon_core.event_reactor:joined thread
[4.360s] INFO:colcon.colcon_core.shell:Creating prefix script '/home/omkar/ros2_px4_offboard_example_ws/install/local_setup.ps1'
[4.365s] INFO:colcon.colcon_core.shell:Creating prefix util module '/home/omkar/ros2_px4_offboard_example_ws/install/_local_setup_util_ps1.py'
[4.369s] INFO:colcon.colcon_core.shell:Creating prefix chain script '/home/omkar/ros2_px4_offboard_example_ws/install/setup.ps1'
[4.381s] INFO:colcon.colcon_core.shell:Creating prefix script '/home/omkar/ros2_px4_offboard_example_ws/install/local_setup.sh'
[4.384s] INFO:colcon.colcon_core.shell:Creating prefix util module '/home/omkar/ros2_px4_offboard_example_ws/install/_local_setup_util_sh.py'
[4.386s] INFO:colcon.colcon_core.shell:Creating prefix chain script '/home/omkar/ros2_px4_offboard_example_ws/install/setup.sh'
[4.394s] INFO:colcon.colcon_core.shell:Creating prefix script '/home/omkar/ros2_px4_offboard_example_ws/install/local_setup.bash'
[4.400s] INFO:colcon.colcon_core.shell:Creating prefix chain script '/home/omkar/ros2_px4_offboard_example_ws/install/setup.bash'
[4.403s] INFO:colcon.colcon_core.shell:Creating prefix script '/home/omkar/ros2_px4_offboard_example_ws/install/local_setup.zsh'
[4.408s] INFO:colcon.colcon_core.shell:Creating prefix chain script '/home/omkar/ros2_px4_offboard_example_ws/install/setup.zsh'
