-- The C compiler identification is GNU 11.4.0
-- The CXX compiler identification is GNU 11.4.0
-- Detecting C compiler ABI info
-- Detecting C compiler ABI info - done
-- Check for working C compiler: /usr/bin/cc - skipped
-- Detecting C compile features
-- Detecting C compile features - done
-- Detecting CXX compiler ABI info
-- Detecting CXX compiler ABI info - done
-- Check for working CXX compiler: /usr/bin/c++ - skipped
-- Detecting CXX compile features
-- Detecting CXX compile features - done
-- Found ament_cmake: 1.3.5 (/opt/ros/humble/share/ament_cmake/cmake)
-- Found Python3: /usr/bin/python3.10 (found version "3.10.12") found components: Interpreter 
-- Found builtin_interfaces: 1.2.1 (/opt/ros/humble/share/builtin_interfaces/cmake)
-- Found rosidl_generator_c: 3.1.5 (/opt/ros/humble/share/rosidl_generator_c/cmake)
-- Found rosidl_adapter: 3.1.5 (/opt/ros/humble/share/rosidl_adapter/cmake)
-- Found rosidl_generator_cpp: 3.1.5 (/opt/ros/humble/share/rosidl_generator_cpp/cmake)
-- Using all available rosidl_typesupport_c: rosidl_typesupport_fastrtps_c;rosidl_typesupport_introspection_c
-- Using all available rosidl_typesupport_cpp: rosidl_typesupport_fastrtps_cpp;rosidl_typesupport_introspection_cpp
-- Found eigen3_cmake_module: 0.1.1 (/opt/ros/humble/share/eigen3_cmake_module/cmake)
-- Found Eigen3: TRUE (found version "3.4.0") 
-- Found geometry_msgs: 4.2.3 (/opt/ros/humble/share/geometry_msgs/cmake)
-- Found px4_msgs: 2.0.1 (/home/omkar/ros2_px4_offboard_example_ws/install/px4_msgs/share/px4_msgs/cmake)
-- Found rclcpp: 16.0.5 (/opt/ros/humble/share/rclcpp/cmake)
-- Found rmw_implementation_cmake: 6.1.1 (/opt/ros/humble/share/rmw_implementation_cmake/cmake)
-- Found rmw_fastrtps_cpp: 6.2.3 (/opt/ros/humble/share/rmw_fastrtps_cpp/cmake)
-- Found OpenSSL: /usr/lib/x86_64-linux-gnu/libcrypto.so (found version "3.0.2")  
-- Found FastRTPS: /opt/ros/humble/include  
-- Using RMW implementation 'rmw_fastrtps_cpp' as default
-- Looking for pthread.h
-- Looking for pthread.h - found
-- Performing Test CMAKE_HAVE_LIBC_PTHREAD
-- Performing Test CMAKE_HAVE_LIBC_PTHREAD - Success
-- Found Threads: TRUE  
-- Found sensor_msgs: 4.2.3 (/opt/ros/humble/share/sensor_msgs/cmake)
-- Found ament_lint_auto: 0.12.7 (/opt/ros/humble/share/ament_lint_auto/cmake)
-- Added test 'copyright' to check source files copyright and LICENSE
-- Added test 'cppcheck' to perform static code analysis on C / C++ code
-- Configured cppcheck include dirs: /home/omkar/ros2_px4_offboard_example_ws/src/px4_ros_com/include;$<BUILD_INTERFACE:/home/omkar/ros2_px4_offboard_example_ws/src/px4_ros_com/include/px4_ros_com>
-- Configured cppcheck exclude dirs and/or files: 
-- Added test 'cpplint' to check C / C++ code against the Google style
-- Configured cpplint exclude dirs and/or files: 
-- Added test 'flake8' to check Python code syntax and style conventions
-- Added test 'lint_cmake' to check CMake code style
-- Added test 'pep257' to check Python code against some of the docstring style conventions in PEP 257
-- Added test 'uncrustify' to check C / C++ code style
-- Configured uncrustify additional arguments: 
-- Added test 'xmllint' to check XML markup files
-- Configuring done
-- Generating done
-- Build files have been written to: /home/omkar/ros2_px4_offboard_example_ws/build/px4_ros_com
[ 10%] [32mBuilding CXX object CMakeFiles/frame_transforms.dir/src/lib/frame_transforms.cpp.o[0m
[ 20%] [32m[1mLinking CXX shared library libframe_transforms.so[0m
[ 20%] Built target frame_transforms
[ 30%] [32mBuilding CXX object CMakeFiles/sensor_combined_listener.dir/src/examples/listeners/sensor_combined_listener.cpp.o[0m
[ 40%] [32m[1mLinking CXX executable sensor_combined_listener[0m
[ 40%] Built target sensor_combined_listener
[ 50%] [32mBuilding CXX object CMakeFiles/vehicle_gps_position_listener.dir/src/examples/listeners/vehicle_gps_position_listener.cpp.o[0m
[ 60%] [32m[1mLinking CXX executable vehicle_gps_position_listener[0m
[ 60%] Built target vehicle_gps_position_listener
[ 70%] [32mBuilding CXX object CMakeFiles/debug_vect_advertiser.dir/src/examples/advertisers/debug_vect_advertiser.cpp.o[0m
[ 80%] [32m[1mLinking CXX executable debug_vect_advertiser[0m
[ 80%] Built target debug_vect_advertiser
[ 90%] [32mBuilding CXX object CMakeFiles/offboard_control.dir/src/examples/offboard/offboard_control.cpp.o[0m
[100%] [32m[1mLinking CXX executable offboard_control[0m
[100%] Built target offboard_control
-- Install configuration: ""
-- Installing: /home/omkar/ros2_px4_offboard_example_ws/install/px4_ros_com/lib/px4_ros_com/sensor_combined_listener
-- Set runtime path of "/home/omkar/ros2_px4_offboard_example_ws/install/px4_ros_com/lib/px4_ros_com/sensor_combined_listener" to ""
-- Installing: /home/omkar/ros2_px4_offboard_example_ws/install/px4_ros_com/lib/px4_ros_com/vehicle_gps_position_listener
-- Set runtime path of "/home/omkar/ros2_px4_offboard_example_ws/install/px4_ros_com/lib/px4_ros_com/vehicle_gps_position_listener" to ""
-- Installing: /home/omkar/ros2_px4_offboard_example_ws/install/px4_ros_com/lib/px4_ros_com/debug_vect_advertiser
-- Set runtime path of "/home/omkar/ros2_px4_offboard_example_ws/install/px4_ros_com/lib/px4_ros_com/debug_vect_advertiser" to ""
-- Installing: /home/omkar/ros2_px4_offboard_example_ws/install/px4_ros_com/lib/px4_ros_com/offboard_control
-- Set runtime path of "/home/omkar/ros2_px4_offboard_example_ws/install/px4_ros_com/lib/px4_ros_com/offboard_control" to ""
-- Installing: /home/omkar/ros2_px4_offboard_example_ws/install/px4_ros_com/share/px4_ros_com/environment/library_path.sh
-- Installing: /home/omkar/ros2_px4_offboard_example_ws/install/px4_ros_com/share/px4_ros_com/environment/library_path.dsv
-- Installing: /home/omkar/ros2_px4_offboard_example_ws/install/px4_ros_com/include/px4_ros_com
-- Installing: /home/omkar/ros2_px4_offboard_example_ws/install/px4_ros_com/include/px4_ros_com/frame_transforms.h
-- Installing: /home/omkar/ros2_px4_offboard_example_ws/install/px4_ros_com/lib/libframe_transforms.so
-- Set runtime path of "/home/omkar/ros2_px4_offboard_example_ws/install/px4_ros_com/lib/libframe_transforms.so" to ""
-- Installing: /home/omkar/ros2_px4_offboard_example_ws/install/px4_ros_com/share/px4_ros_com//launch
-- Installing: /home/omkar/ros2_px4_offboard_example_ws/install/px4_ros_com/share/px4_ros_com//launch/sensor_combined_listener.launch.py
-- Installing: /home/omkar/ros2_px4_offboard_example_ws/install/px4_ros_com/share/px4_ros_com//launch/offboard_control_launch.yaml
-- Installing: /home/omkar/ros2_px4_offboard_example_ws/install/px4_ros_com/share/px4_ros_com//test
-- Installing: /home/omkar/ros2_px4_offboard_example_ws/install/px4_ros_com/share/px4_ros_com//test/test_output.py
-- Installing: /home/omkar/ros2_px4_offboard_example_ws/install/px4_ros_com/share/px4_ros_com//test/__init__.py
-- Installing: /home/omkar/ros2_px4_offboard_example_ws/install/px4_ros_com/share/px4_ros_com//test/test_input.py
-- Installing: /home/omkar/ros2_px4_offboard_example_ws/install/px4_ros_com/share/px4_ros_com//test/pipeline_io_test.py
-- Installing: /home/omkar/ros2_px4_offboard_example_ws/install/px4_ros_com/share/ament_index/resource_index/package_run_dependencies/px4_ros_com
-- Installing: /home/omkar/ros2_px4_offboard_example_ws/install/px4_ros_com/share/ament_index/resource_index/parent_prefix_path/px4_ros_com
-- Installing: /home/omkar/ros2_px4_offboard_example_ws/install/px4_ros_com/share/px4_ros_com/environment/ament_prefix_path.sh
-- Installing: /home/omkar/ros2_px4_offboard_example_ws/install/px4_ros_com/share/px4_ros_com/environment/ament_prefix_path.dsv
-- Installing: /home/omkar/ros2_px4_offboard_example_ws/install/px4_ros_com/share/px4_ros_com/environment/path.sh
-- Installing: /home/omkar/ros2_px4_offboard_example_ws/install/px4_ros_com/share/px4_ros_com/environment/path.dsv
-- Installing: /home/omkar/ros2_px4_offboard_example_ws/install/px4_ros_com/share/px4_ros_com/local_setup.bash
-- Installing: /home/omkar/ros2_px4_offboard_example_ws/install/px4_ros_com/share/px4_ros_com/local_setup.sh
-- Installing: /home/omkar/ros2_px4_offboard_example_ws/install/px4_ros_com/share/px4_ros_com/local_setup.zsh
-- Installing: /home/omkar/ros2_px4_offboard_example_ws/install/px4_ros_com/share/px4_ros_com/local_setup.dsv
-- Installing: /home/omkar/ros2_px4_offboard_example_ws/install/px4_ros_com/share/px4_ros_com/package.dsv
-- Installing: /home/omkar/ros2_px4_offboard_example_ws/install/px4_ros_com/share/ament_index/resource_index/packages/px4_ros_com
-- Installing: /home/omkar/ros2_px4_offboard_example_ws/install/px4_ros_com/share/px4_ros_com/cmake/export_frame_transformsExport.cmake
-- Installing: /home/omkar/ros2_px4_offboard_example_ws/install/px4_ros_com/share/px4_ros_com/cmake/export_frame_transformsExport-noconfig.cmake
-- Installing: /home/omkar/ros2_px4_offboard_example_ws/install/px4_ros_com/share/px4_ros_com/cmake/ament_cmake_export_dependencies-extras.cmake
-- Installing: /home/omkar/ros2_px4_offboard_example_ws/install/px4_ros_com/share/px4_ros_com/cmake/ament_cmake_export_targets-extras.cmake
-- Installing: /home/omkar/ros2_px4_offboard_example_ws/install/px4_ros_com/share/px4_ros_com/cmake/ament_cmake_export_include_directories-extras.cmake
-- Installing: /home/omkar/ros2_px4_offboard_example_ws/install/px4_ros_com/share/px4_ros_com/cmake/ament_cmake_export_libraries-extras.cmake
-- Installing: /home/omkar/ros2_px4_offboard_example_ws/install/px4_ros_com/share/px4_ros_com/cmake/px4_ros_comConfig.cmake
-- Installing: /home/omkar/ros2_px4_offboard_example_ws/install/px4_ros_com/share/px4_ros_com/cmake/px4_ros_comConfig-version.cmake
-- Installing: /home/omkar/ros2_px4_offboard_example_ws/install/px4_ros_com/share/px4_ros_com/package.xml
