[0.034s] Invoking command in '/home/omkar/ros2_px4_offboard_example_ws/build/px4_ros_com': CMAKE_PREFIX_PATH=${CMAKE_PREFIX_PATH}:/home/omkar/ros2_px4_offboard_example_ws/install/px4_offboard:/opt/ros/humble /usr/bin/cmake /home/omkar/ros2_px4_offboard_example_ws/src/px4_ros_com -DCMAKE_INSTALL_PREFIX=/home/omkar/ros2_px4_offboard_example_ws/install/px4_ros_com
[0.246s] -- The C compiler identification is GNU 11.4.0
[0.441s] -- The CXX compiler identification is GNU 11.4.0
[0.470s] -- Detecting C compiler ABI info
[0.627s] -- Detecting C compiler ABI info - done
[0.662s] -- Check for working C compiler: /usr/bin/cc - skipped
[0.664s] -- Detecting C compile features
[0.666s] -- Detecting C compile features - done
[0.674s] -- Detecting CXX compiler ABI info
[0.858s] -- Detecting CXX compiler ABI info - done
[0.890s] -- Check for working CXX compiler: /usr/bin/c++ - skipped
[0.890s] -- Detecting CXX compile features
[0.894s] -- Detecting CXX compile features - done
[0.902s] -- Found ament_cmake: 1.3.5 (/opt/ros/humble/share/ament_cmake/cmake)
[1.331s] -- Found Python3: /usr/bin/python3.10 (found version "3.10.12") found components: Interpreter 
[1.566s] -- Found builtin_interfaces: 1.2.1 (/opt/ros/humble/share/builtin_interfaces/cmake)
[1.681s] -- Found rosidl_generator_c: 3.1.5 (/opt/ros/humble/share/rosidl_generator_c/cmake)
[1.699s] -- Found rosidl_adapter: 3.1.5 (/opt/ros/humble/share/rosidl_adapter/cmake)
[1.726s] -- Found rosidl_generator_cpp: 3.1.5 (/opt/ros/humble/share/rosidl_generator_cpp/cmake)
[1.783s] -- Using all available rosidl_typesupport_c: rosidl_typesupport_fastrtps_c;rosidl_typesupport_introspection_c
[1.849s] -- Using all available rosidl_typesupport_cpp: rosidl_typesupport_fastrtps_cpp;rosidl_typesupport_introspection_cpp
[1.912s] -- Found eigen3_cmake_module: 0.1.1 (/opt/ros/humble/share/eigen3_cmake_module/cmake)
[1.932s] -- Found Eigen3: TRUE (found version "3.4.0") 
[1.939s] -- Found geometry_msgs: 4.2.3 (/opt/ros/humble/share/geometry_msgs/cmake)
[2.310s] -- Found px4_msgs: 2.0.1 (/home/omkar/ros2_px4_offboard_example_ws/install/px4_msgs/share/px4_msgs/cmake)
[2.442s] -- Found rclcpp: 16.0.5 (/opt/ros/humble/share/rclcpp/cmake)
[2.673s] -- Found rmw_implementation_cmake: 6.1.1 (/opt/ros/humble/share/rmw_implementation_cmake/cmake)
[2.683s] -- Found rmw_fastrtps_cpp: 6.2.3 (/opt/ros/humble/share/rmw_fastrtps_cpp/cmake)
[2.953s] -- Found OpenSSL: /usr/lib/x86_64-linux-gnu/libcrypto.so (found version "3.0.2")  
[3.034s] -- Found FastRTPS: /opt/ros/humble/include  
[3.174s] -- Using RMW implementation 'rmw_fastrtps_cpp' as default
[3.204s] -- Looking for pthread.h
[3.372s] -- Looking for pthread.h - found
[3.372s] -- Performing Test CMAKE_HAVE_LIBC_PTHREAD
[3.543s] -- Performing Test CMAKE_HAVE_LIBC_PTHREAD - Success
[3.544s] -- Found Threads: TRUE  
[4.035s] -- Found sensor_msgs: 4.2.3 (/opt/ros/humble/share/sensor_msgs/cmake)
[4.380s] -- Found ament_lint_auto: 0.12.7 (/opt/ros/humble/share/ament_lint_auto/cmake)
[4.600s] -- Added test 'copyright' to check source files copyright and LICENSE
[4.610s] -- Added test 'cppcheck' to perform static code analysis on C / C++ code
[4.611s] -- Configured cppcheck include dirs: /home/omkar/ros2_px4_offboard_example_ws/src/px4_ros_com/include;$<BUILD_INTERFACE:/home/omkar/ros2_px4_offboard_example_ws/src/px4_ros_com/include/px4_ros_com>
[4.611s] -- Configured cppcheck exclude dirs and/or files: 
[4.621s] -- Added test 'cpplint' to check C / C++ code against the Google style
[4.621s] -- Configured cpplint exclude dirs and/or files: 
[4.629s] -- Added test 'flake8' to check Python code syntax and style conventions
[4.631s] -- Added test 'lint_cmake' to check CMake code style
[4.634s] -- Added test 'pep257' to check Python code against some of the docstring style conventions in PEP 257
[4.645s] -- Added test 'uncrustify' to check C / C++ code style
[4.645s] -- Configured uncrustify additional arguments: 
[4.648s] -- Added test 'xmllint' to check XML markup files
[4.655s] -- Configuring done
[4.715s] -- Generating done
[4.721s] -- Build files have been written to: /home/omkar/ros2_px4_offboard_example_ws/build/px4_ros_com
[4.746s] Invoked command in '/home/omkar/ros2_px4_offboard_example_ws/build/px4_ros_com' returned '0': CMAKE_PREFIX_PATH=${CMAKE_PREFIX_PATH}:/home/omkar/ros2_px4_offboard_example_ws/install/px4_offboard:/opt/ros/humble /usr/bin/cmake /home/omkar/ros2_px4_offboard_example_ws/src/px4_ros_com -DCMAKE_INSTALL_PREFIX=/home/omkar/ros2_px4_offboard_example_ws/install/px4_ros_com
[4.747s] Invoking command in '/home/omkar/ros2_px4_offboard_example_ws/build/px4_ros_com': CMAKE_PREFIX_PATH=${CMAKE_PREFIX_PATH}:/home/omkar/ros2_px4_offboard_example_ws/install/px4_offboard:/opt/ros/humble /usr/bin/cmake --build /home/omkar/ros2_px4_offboard_example_ws/build/px4_ros_com -- -j1 -l1
[4.858s] [ 10%] [32mBuilding CXX object CMakeFiles/frame_transforms.dir/src/lib/frame_transforms.cpp.o[0m
[21.694s] [ 20%] [32m[1mLinking CXX shared library libframe_transforms.so[0m
[22.387s] [ 20%] Built target frame_transforms
[22.430s] [ 30%] [32mBuilding CXX object CMakeFiles/sensor_combined_listener.dir/src/examples/listeners/sensor_combined_listener.cpp.o[0m
[42.001s] [ 40%] [32m[1mLinking CXX executable sensor_combined_listener[0m
[42.927s] [ 40%] Built target sensor_combined_listener
[42.970s] [ 50%] [32mBuilding CXX object CMakeFiles/vehicle_gps_position_listener.dir/src/examples/listeners/vehicle_gps_position_listener.cpp.o[0m
[63.592s] [ 60%] [32m[1mLinking CXX executable vehicle_gps_position_listener[0m
[64.497s] [ 60%] Built target vehicle_gps_position_listener
[64.542s] [ 70%] [32mBuilding CXX object CMakeFiles/debug_vect_advertiser.dir/src/examples/advertisers/debug_vect_advertiser.cpp.o[0m
[75.067s] [ 80%] [32m[1mLinking CXX executable debug_vect_advertiser[0m
[75.544s] [ 80%] Built target debug_vect_advertiser
[75.594s] [ 90%] [32mBuilding CXX object CMakeFiles/offboard_control.dir/src/examples/offboard/offboard_control.cpp.o[0m
[88.147s] [100%] [32m[1mLinking CXX executable offboard_control[0m
[88.722s] [100%] Built target offboard_control
[88.744s] Invoked command in '/home/omkar/ros2_px4_offboard_example_ws/build/px4_ros_com' returned '0': CMAKE_PREFIX_PATH=${CMAKE_PREFIX_PATH}:/home/omkar/ros2_px4_offboard_example_ws/install/px4_offboard:/opt/ros/humble /usr/bin/cmake --build /home/omkar/ros2_px4_offboard_example_ws/build/px4_ros_com -- -j1 -l1
[88.829s] Invoking command in '/home/omkar/ros2_px4_offboard_example_ws/build/px4_ros_com': CMAKE_PREFIX_PATH=${CMAKE_PREFIX_PATH}:/home/omkar/ros2_px4_offboard_example_ws/install/px4_offboard:/opt/ros/humble /usr/bin/cmake --install /home/omkar/ros2_px4_offboard_example_ws/build/px4_ros_com
[88.846s] -- Install configuration: ""
[88.850s] -- Installing: /home/omkar/ros2_px4_offboard_example_ws/install/px4_ros_com/lib/px4_ros_com/sensor_combined_listener
[88.855s] -- Set runtime path of "/home/omkar/ros2_px4_offboard_example_ws/install/px4_ros_com/lib/px4_ros_com/sensor_combined_listener" to ""
[88.856s] -- Installing: /home/omkar/ros2_px4_offboard_example_ws/install/px4_ros_com/lib/px4_ros_com/vehicle_gps_position_listener
[88.862s] -- Set runtime path of "/home/omkar/ros2_px4_offboard_example_ws/install/px4_ros_com/lib/px4_ros_com/vehicle_gps_position_listener" to ""
[88.862s] -- Installing: /home/omkar/ros2_px4_offboard_example_ws/install/px4_ros_com/lib/px4_ros_com/debug_vect_advertiser
[88.866s] -- Set runtime path of "/home/omkar/ros2_px4_offboard_example_ws/install/px4_ros_com/lib/px4_ros_com/debug_vect_advertiser" to ""
[88.866s] -- Installing: /home/omkar/ros2_px4_offboard_example_ws/install/px4_ros_com/lib/px4_ros_com/offboard_control
[88.874s] -- Set runtime path of "/home/omkar/ros2_px4_offboard_example_ws/install/px4_ros_com/lib/px4_ros_com/offboard_control" to ""
[88.874s] -- Installing: /home/omkar/ros2_px4_offboard_example_ws/install/px4_ros_com/share/px4_ros_com/environment/library_path.sh
[88.874s] -- Installing: /home/omkar/ros2_px4_offboard_example_ws/install/px4_ros_com/share/px4_ros_com/environment/library_path.dsv
[88.874s] -- Installing: /home/omkar/ros2_px4_offboard_example_ws/install/px4_ros_com/include/px4_ros_com
[88.875s] -- Installing: /home/omkar/ros2_px4_offboard_example_ws/install/px4_ros_com/include/px4_ros_com/frame_transforms.h
[88.875s] -- Installing: /home/omkar/ros2_px4_offboard_example_ws/install/px4_ros_com/lib/libframe_transforms.so
[88.883s] -- Set runtime path of "/home/omkar/ros2_px4_offboard_example_ws/install/px4_ros_com/lib/libframe_transforms.so" to ""
[88.885s] -- Installing: /home/omkar/ros2_px4_offboard_example_ws/install/px4_ros_com/share/px4_ros_com//launch
[88.886s] -- Installing: /home/omkar/ros2_px4_offboard_example_ws/install/px4_ros_com/share/px4_ros_com//launch/sensor_combined_listener.launch.py
[88.886s] -- Installing: /home/omkar/ros2_px4_offboard_example_ws/install/px4_ros_com/share/px4_ros_com//launch/offboard_control_launch.yaml
[88.886s] -- Installing: /home/omkar/ros2_px4_offboard_example_ws/install/px4_ros_com/share/px4_ros_com//test
[88.887s] -- Installing: /home/omkar/ros2_px4_offboard_example_ws/install/px4_ros_com/share/px4_ros_com//test/test_output.py
[88.887s] -- Installing: /home/omkar/ros2_px4_offboard_example_ws/install/px4_ros_com/share/px4_ros_com//test/__init__.py
[88.887s] -- Installing: /home/omkar/ros2_px4_offboard_example_ws/install/px4_ros_com/share/px4_ros_com//test/test_input.py
[88.887s] -- Installing: /home/omkar/ros2_px4_offboard_example_ws/install/px4_ros_com/share/px4_ros_com//test/pipeline_io_test.py
[88.888s] -- Installing: /home/omkar/ros2_px4_offboard_example_ws/install/px4_ros_com/share/ament_index/resource_index/package_run_dependencies/px4_ros_com
[88.888s] -- Installing: /home/omkar/ros2_px4_offboard_example_ws/install/px4_ros_com/share/ament_index/resource_index/parent_prefix_path/px4_ros_com
[88.888s] -- Installing: /home/omkar/ros2_px4_offboard_example_ws/install/px4_ros_com/share/px4_ros_com/environment/ament_prefix_path.sh
[88.889s] -- Installing: /home/omkar/ros2_px4_offboard_example_ws/install/px4_ros_com/share/px4_ros_com/environment/ament_prefix_path.dsv
[88.889s] -- Installing: /home/omkar/ros2_px4_offboard_example_ws/install/px4_ros_com/share/px4_ros_com/environment/path.sh
[88.893s] -- Installing: /home/omkar/ros2_px4_offboard_example_ws/install/px4_ros_com/share/px4_ros_com/environment/path.dsv
[88.894s] -- Installing: /home/omkar/ros2_px4_offboard_example_ws/install/px4_ros_com/share/px4_ros_com/local_setup.bash
[88.894s] -- Installing: /home/omkar/ros2_px4_offboard_example_ws/install/px4_ros_com/share/px4_ros_com/local_setup.sh
[88.895s] -- Installing: /home/omkar/ros2_px4_offboard_example_ws/install/px4_ros_com/share/px4_ros_com/local_setup.zsh
[88.895s] -- Installing: /home/omkar/ros2_px4_offboard_example_ws/install/px4_ros_com/share/px4_ros_com/local_setup.dsv
[88.895s] -- Installing: /home/omkar/ros2_px4_offboard_example_ws/install/px4_ros_com/share/px4_ros_com/package.dsv
[88.895s] -- Installing: /home/omkar/ros2_px4_offboard_example_ws/install/px4_ros_com/share/ament_index/resource_index/packages/px4_ros_com
[88.896s] -- Installing: /home/omkar/ros2_px4_offboard_example_ws/install/px4_ros_com/share/px4_ros_com/cmake/export_frame_transformsExport.cmake
[88.896s] -- Installing: /home/omkar/ros2_px4_offboard_example_ws/install/px4_ros_com/share/px4_ros_com/cmake/export_frame_transformsExport-noconfig.cmake
[88.897s] -- Installing: /home/omkar/ros2_px4_offboard_example_ws/install/px4_ros_com/share/px4_ros_com/cmake/ament_cmake_export_dependencies-extras.cmake
[88.897s] -- Installing: /home/omkar/ros2_px4_offboard_example_ws/install/px4_ros_com/share/px4_ros_com/cmake/ament_cmake_export_targets-extras.cmake
[88.897s] -- Installing: /home/omkar/ros2_px4_offboard_example_ws/install/px4_ros_com/share/px4_ros_com/cmake/ament_cmake_export_include_directories-extras.cmake
[88.900s] -- Installing: /home/omkar/ros2_px4_offboard_example_ws/install/px4_ros_com/share/px4_ros_com/cmake/ament_cmake_export_libraries-extras.cmake
[88.900s] -- Installing: /home/omkar/ros2_px4_offboard_example_ws/install/px4_ros_com/share/px4_ros_com/cmake/px4_ros_comConfig.cmake
[88.900s] -- Installing: /home/omkar/ros2_px4_offboard_example_ws/install/px4_ros_com/share/px4_ros_com/cmake/px4_ros_comConfig-version.cmake
[88.901s] -- Installing: /home/omkar/ros2_px4_offboard_example_ws/install/px4_ros_com/share/px4_ros_com/package.xml
[88.913s] Invoked command in '/home/omkar/ros2_px4_offboard_example_ws/build/px4_ros_com' returned '0': CMAKE_PREFIX_PATH=${CMAKE_PREFIX_PATH}:/home/omkar/ros2_px4_offboard_example_ws/install/px4_offboard:/opt/ros/humble /usr/bin/cmake --install /home/omkar/ros2_px4_offboard_example_ws/build/px4_ros_com
