[1.342s] Invoking command in '/home/omkar/ros2_px4_offboard_example_ws/src/ROS2_PX4_Offboard_Example/px4_offboard': PYTHONPATH=/home/omkar/ros2_px4_offboard_example_ws/build/px4_offboard/prefix_override:/home/omkar/ros2_px4_offboard_example_ws/install/px4_offboard/lib/python3.10/site-packages:${PYTHONPATH} /usr/bin/python3 setup.py egg_info --egg-base ../../../build/px4_offboard build --build-base /home/omkar/ros2_px4_offboard_example_ws/build/px4_offboard/build install --record /home/omkar/ros2_px4_offboard_example_ws/build/px4_offboard/install.log --single-version-externally-managed
[1.717s] running egg_info
[1.746s] writing ../../../build/px4_offboard/px4_offboard.egg-info/PKG-INFO
[1.748s] writing dependency_links to ../../../build/px4_offboard/px4_offboard.egg-info/dependency_links.txt
[1.750s] writing entry points to ../../../build/px4_offboard/px4_offboard.egg-info/entry_points.txt
[1.751s] writing requirements to ../../../build/px4_offboard/px4_offboard.egg-info/requires.txt
[1.753s] writing top-level names to ../../../build/px4_offboard/px4_offboard.egg-info/top_level.txt
[1.801s] reading manifest file '../../../build/px4_offboard/px4_offboard.egg-info/SOURCES.txt'
[1.802s] adding license file 'LICENSE'
[1.804s] writing manifest file '../../../build/px4_offboard/px4_offboard.egg-info/SOURCES.txt'
[1.806s] running build
[1.807s] running build_py
[1.809s] running install
[1.810s] /home/omkar/.local/lib/python3.10/site-packages/setuptools/_distutils/cmd.py:66: SetuptoolsDeprecationWarning: setup.py install is deprecated.
[1.813s] !!
[1.814s] 
[1.814s]         ********************************************************************************
[1.815s]         Please avoid running ``setup.py`` directly.
[1.816s]         Instead, use pypa/build, pypa/installer or other
[1.817s]         standards-based tools.
[1.817s] 
[1.817s]         See https://blog.ganssle.io/articles/2021/10/setup-py-deprecated.html for details.
[1.818s]         ********************************************************************************
[1.819s] 
[1.819s] !!
[1.820s]   self.initialize_options()
[1.836s] running install_lib
[1.863s] running install_data
[1.887s] running install_egg_info
[1.912s] removing '/home/omkar/ros2_px4_offboard_example_ws/install/px4_offboard/lib/python3.10/site-packages/px4_offboard-0.0.0-py3.10.egg-info' (and everything under it)
[1.927s] Copying ../../../build/px4_offboard/px4_offboard.egg-info to /home/omkar/ros2_px4_offboard_example_ws/install/px4_offboard/lib/python3.10/site-packages/px4_offboard-0.0.0-py3.10.egg-info
[1.929s] running install_scripts
[2.193s] Installing control script to /home/omkar/ros2_px4_offboard_example_ws/install/px4_offboard/lib/px4_offboard
[2.195s] Installing offboard_control script to /home/omkar/ros2_px4_offboard_example_ws/install/px4_offboard/lib/px4_offboard
[2.197s] Installing processes script to /home/omkar/ros2_px4_offboard_example_ws/install/px4_offboard/lib/px4_offboard
[2.198s] Installing velocity_control script to /home/omkar/ros2_px4_offboard_example_ws/install/px4_offboard/lib/px4_offboard
[2.199s] Installing visualizer script to /home/omkar/ros2_px4_offboard_example_ws/install/px4_offboard/lib/px4_offboard
[2.201s] writing list of installed files to '/home/omkar/ros2_px4_offboard_example_ws/build/px4_offboard/install.log'
[2.242s] Invoked command in '/home/omkar/ros2_px4_offboard_example_ws/src/ROS2_PX4_Offboard_Example/px4_offboard' returned '0': PYTHONPATH=/home/omkar/ros2_px4_offboard_example_ws/build/px4_offboard/prefix_override:/home/omkar/ros2_px4_offboard_example_ws/install/px4_offboard/lib/python3.10/site-packages:${PYTHONPATH} /usr/bin/python3 setup.py egg_info --egg-base ../../../build/px4_offboard build --build-base /home/omkar/ros2_px4_offboard_example_ws/build/px4_offboard/build install --record /home/omkar/ros2_px4_offboard_example_ws/build/px4_offboard/install.log --single-version-externally-managed
