[1.748s] Invoking command in '/home/omkar/ros2_px4_offboard_example_ws/src/px4_offboard_position': AMENT_PREFIX_PATH=/home/omkar/ros2_px4_offboard_example_ws/install/px4_msgs:${AMENT_PREFIX_PATH} CMAKE_PREFIX_PATH=/home/omkar/ros2_px4_offboard_example_ws/install/px4_msgs LD_LIBRARY_PATH=/home/omkar/ros2_px4_offboard_example_ws/install/px4_msgs/lib:${LD_LIBRARY_PATH} PYTHONPATH=/home/omkar/ros2_px4_offboard_example_ws/build/px4_offboard_position/prefix_override:/home/omkar/ros2_px4_offboard_example_ws/install/px4_offboard_position/lib/python3.10/site-packages:/home/omkar/ros2_px4_offboard_example_ws/install/px4_msgs/local/lib/python3.10/dist-packages:${PYTHONPATH} /usr/bin/python3 setup.py egg_info --egg-base ../../build/px4_offboard_position build --build-base /home/omkar/ros2_px4_offboard_example_ws/build/px4_offboard_position/build install --record /home/omkar/ros2_px4_offboard_example_ws/build/px4_offboard_position/install.log --single-version-externally-managed
[2.481s] running egg_info
[2.483s] writing ../../build/px4_offboard_position/px4_offboard_position.egg-info/PKG-INFO
[2.484s] writing dependency_links to ../../build/px4_offboard_position/px4_offboard_position.egg-info/dependency_links.txt
[2.485s] writing entry points to ../../build/px4_offboard_position/px4_offboard_position.egg-info/entry_points.txt
[2.486s] writing requirements to ../../build/px4_offboard_position/px4_offboard_position.egg-info/requires.txt
[2.487s] writing top-level names to ../../build/px4_offboard_position/px4_offboard_position.egg-info/top_level.txt
[2.493s] reading manifest file '../../build/px4_offboard_position/px4_offboard_position.egg-info/SOURCES.txt'
[2.494s] adding license file 'LICENSE'
[2.496s] writing manifest file '../../build/px4_offboard_position/px4_offboard_position.egg-info/SOURCES.txt'
[2.496s] running build
[2.497s] running build_py
[2.498s] running install
[2.502s] running install_lib
[2.503s] running install_data
[2.505s] copying resource/px4_offboard_position -> /home/omkar/ros2_px4_offboard_example_ws/install/px4_offboard_position/share/ament_index/resource_index/packages
[2.506s] copying resource/visualize.rviz -> /home/omkar/ros2_px4_offboard_example_ws/install/px4_offboard_position/share/ament_index/resource_index/packages
[2.509s] copying package.xml -> /home/omkar/ros2_px4_offboard_example_ws/install/px4_offboard_position/share/px4_offboard_position
[2.510s] copying launch/offboard_position_control.launch.py -> /home/omkar/ros2_px4_offboard_example_ws/install/px4_offboard_position/share/px4_offboard_position
[2.510s] copying launch/visualize.launch.py -> /home/omkar/ros2_px4_offboard_example_ws/install/px4_offboard_position/share/px4_offboard_position
[2.510s] copying resource/visualize.rviz -> /home/omkar/ros2_px4_offboard_example_ws/install/px4_offboard_position/share/px4_offboard_position
[2.511s] running install_egg_info
[2.513s] Copying ../../build/px4_offboard_position/px4_offboard_position.egg-info to /home/omkar/ros2_px4_offboard_example_ws/install/px4_offboard_position/lib/python3.10/site-packages/px4_offboard_position-0.0.0-py3.10.egg-info
[2.518s] running install_scripts
[2.570s] Installing offboard_control script to /home/omkar/ros2_px4_offboard_example_ws/install/px4_offboard_position/lib/px4_offboard_position
[2.571s] Installing visualizer script to /home/omkar/ros2_px4_offboard_example_ws/install/px4_offboard_position/lib/px4_offboard_position
[2.571s] writing list of installed files to '/home/omkar/ros2_px4_offboard_example_ws/build/px4_offboard_position/install.log'
[2.629s] Invoked command in '/home/omkar/ros2_px4_offboard_example_ws/src/px4_offboard_position' returned '0': AMENT_PREFIX_PATH=/home/omkar/ros2_px4_offboard_example_ws/install/px4_msgs:${AMENT_PREFIX_PATH} CMAKE_PREFIX_PATH=/home/omkar/ros2_px4_offboard_example_ws/install/px4_msgs LD_LIBRARY_PATH=/home/omkar/ros2_px4_offboard_example_ws/install/px4_msgs/lib:${LD_LIBRARY_PATH} PYTHONPATH=/home/omkar/ros2_px4_offboard_example_ws/build/px4_offboard_position/prefix_override:/home/omkar/ros2_px4_offboard_example_ws/install/px4_offboard_position/lib/python3.10/site-packages:/home/omkar/ros2_px4_offboard_example_ws/install/px4_msgs/local/lib/python3.10/dist-packages:${PYTHONPATH} /usr/bin/python3 setup.py egg_info --egg-base ../../build/px4_offboard_position build --build-base /home/omkar/ros2_px4_offboard_example_ws/build/px4_offboard_position/build install --record /home/omkar/ros2_px4_offboard_example_ws/build/px4_offboard_position/install.log --single-version-externally-managed
