[0.040s] Invoking command in '/home/omkar/ros2_px4_offboard_example_ws/build/px4_ros_com': AMENT_PREFIX_PATH=/home/omkar/ros2_px4_offboard_example_ws/install/px4_msgs:${AMENT_PREFIX_PATH} CMAKE_PREFIX_PATH=/home/omkar/ros2_px4_offboard_example_ws/install/px4_msgs:/opt/ros/humble LD_LIBRARY_PATH=/home/omkar/ros2_px4_offboard_example_ws/install/px4_msgs/lib:${LD_LIBRARY_PATH} PYTHONPATH=/home/omkar/ros2_px4_offboard_example_ws/install/px4_msgs/local/lib/python3.10/dist-packages:${PYTHONPATH} /usr/bin/cmake --build /home/omkar/ros2_px4_offboard_example_ws/build/px4_ros_com -- -j1 -l1
[0.215s] [ 20%] Built target frame_transforms
[0.275s] [ 40%] Built target sensor_combined_listener
[0.331s] [ 60%] Built target vehicle_gps_position_listener
[0.391s] [ 80%] Built target debug_vect_advertiser
[0.443s] [100%] Built target offboard_control
[0.470s] Invoked command in '/home/omkar/ros2_px4_offboard_example_ws/build/px4_ros_com' returned '0': AMENT_PREFIX_PATH=/home/omkar/ros2_px4_offboard_example_ws/install/px4_msgs:${AMENT_PREFIX_PATH} CMAKE_PREFIX_PATH=/home/omkar/ros2_px4_offboard_example_ws/install/px4_msgs:/opt/ros/humble LD_LIBRARY_PATH=/home/omkar/ros2_px4_offboard_example_ws/install/px4_msgs/lib:${LD_LIBRARY_PATH} PYTHONPATH=/home/omkar/ros2_px4_offboard_example_ws/install/px4_msgs/local/lib/python3.10/dist-packages:${PYTHONPATH} /usr/bin/cmake --build /home/omkar/ros2_px4_offboard_example_ws/build/px4_ros_com -- -j1 -l1
[0.548s] Invoking command in '/home/omkar/ros2_px4_offboard_example_ws/build/px4_ros_com': AMENT_PREFIX_PATH=/home/omkar/ros2_px4_offboard_example_ws/install/px4_msgs:${AMENT_PREFIX_PATH} CMAKE_PREFIX_PATH=/home/omkar/ros2_px4_offboard_example_ws/install/px4_msgs:/opt/ros/humble LD_LIBRARY_PATH=/home/omkar/ros2_px4_offboard_example_ws/install/px4_msgs/lib:${LD_LIBRARY_PATH} PYTHONPATH=/home/omkar/ros2_px4_offboard_example_ws/install/px4_msgs/local/lib/python3.10/dist-packages:${PYTHONPATH} /usr/bin/cmake --install /home/omkar/ros2_px4_offboard_example_ws/build/px4_ros_com
[0.568s] -- Install configuration: ""
[0.572s] -- Up-to-date: /home/omkar/ros2_px4_offboard_example_ws/install/px4_ros_com/lib/px4_ros_com/sensor_combined_listener
[0.573s] -- Up-to-date: /home/omkar/ros2_px4_offboard_example_ws/install/px4_ros_com/lib/px4_ros_com/vehicle_gps_position_listener
[0.575s] -- Up-to-date: /home/omkar/ros2_px4_offboard_example_ws/install/px4_ros_com/lib/px4_ros_com/debug_vect_advertiser
[0.576s] -- Up-to-date: /home/omkar/ros2_px4_offboard_example_ws/install/px4_ros_com/lib/px4_ros_com/offboard_control
[0.576s] -- Up-to-date: /home/omkar/ros2_px4_offboard_example_ws/install/px4_ros_com/share/px4_ros_com/environment/library_path.sh
[0.577s] -- Up-to-date: /home/omkar/ros2_px4_offboard_example_ws/install/px4_ros_com/share/px4_ros_com/environment/library_path.dsv
[0.577s] -- Up-to-date: /home/omkar/ros2_px4_offboard_example_ws/install/px4_ros_com/include/px4_ros_com
[0.577s] -- Up-to-date: /home/omkar/ros2_px4_offboard_example_ws/install/px4_ros_com/include/px4_ros_com/frame_transforms.h
[0.578s] -- Up-to-date: /home/omkar/ros2_px4_offboard_example_ws/install/px4_ros_com/lib/libframe_transforms.so
[0.578s] -- Up-to-date: /home/omkar/ros2_px4_offboard_example_ws/install/px4_ros_com/share/px4_ros_com//launch
[0.578s] -- Up-to-date: /home/omkar/ros2_px4_offboard_example_ws/install/px4_ros_com/share/px4_ros_com//launch/sensor_combined_listener.launch.py
[0.578s] -- Up-to-date: /home/omkar/ros2_px4_offboard_example_ws/install/px4_ros_com/share/px4_ros_com//launch/offboard_control_launch.yaml
[0.579s] -- Up-to-date: /home/omkar/ros2_px4_offboard_example_ws/install/px4_ros_com/share/px4_ros_com//test
[0.579s] -- Up-to-date: /home/omkar/ros2_px4_offboard_example_ws/install/px4_ros_com/share/px4_ros_com//test/test_output.py
[0.579s] -- Up-to-date: /home/omkar/ros2_px4_offboard_example_ws/install/px4_ros_com/share/px4_ros_com//test/__init__.py
[0.579s] -- Up-to-date: /home/omkar/ros2_px4_offboard_example_ws/install/px4_ros_com/share/px4_ros_com//test/test_input.py
[0.579s] -- Up-to-date: /home/omkar/ros2_px4_offboard_example_ws/install/px4_ros_com/share/px4_ros_com//test/pipeline_io_test.py
[0.580s] -- Up-to-date: /home/omkar/ros2_px4_offboard_example_ws/install/px4_ros_com/share/ament_index/resource_index/package_run_dependencies/px4_ros_com
[0.582s] -- Up-to-date: /home/omkar/ros2_px4_offboard_example_ws/install/px4_ros_com/share/ament_index/resource_index/parent_prefix_path/px4_ros_com
[0.583s] -- Up-to-date: /home/omkar/ros2_px4_offboard_example_ws/install/px4_ros_com/share/px4_ros_com/environment/ament_prefix_path.sh
[0.583s] -- Up-to-date: /home/omkar/ros2_px4_offboard_example_ws/install/px4_ros_com/share/px4_ros_com/environment/ament_prefix_path.dsv
[0.583s] -- Up-to-date: /home/omkar/ros2_px4_offboard_example_ws/install/px4_ros_com/share/px4_ros_com/environment/path.sh
[0.583s] -- Up-to-date: /home/omkar/ros2_px4_offboard_example_ws/install/px4_ros_com/share/px4_ros_com/environment/path.dsv
[0.584s] -- Up-to-date: /home/omkar/ros2_px4_offboard_example_ws/install/px4_ros_com/share/px4_ros_com/local_setup.bash
[0.584s] -- Up-to-date: /home/omkar/ros2_px4_offboard_example_ws/install/px4_ros_com/share/px4_ros_com/local_setup.sh
[0.584s] -- Up-to-date: /home/omkar/ros2_px4_offboard_example_ws/install/px4_ros_com/share/px4_ros_com/local_setup.zsh
[0.584s] -- Up-to-date: /home/omkar/ros2_px4_offboard_example_ws/install/px4_ros_com/share/px4_ros_com/local_setup.dsv
[0.584s] -- Installing: /home/omkar/ros2_px4_offboard_example_ws/install/px4_ros_com/share/px4_ros_com/package.dsv
[0.585s] -- Up-to-date: /home/omkar/ros2_px4_offboard_example_ws/install/px4_ros_com/share/ament_index/resource_index/packages/px4_ros_com
[0.587s] -- Up-to-date: /home/omkar/ros2_px4_offboard_example_ws/install/px4_ros_com/share/px4_ros_com/cmake/export_frame_transformsExport.cmake
[0.587s] -- Up-to-date: /home/omkar/ros2_px4_offboard_example_ws/install/px4_ros_com/share/px4_ros_com/cmake/export_frame_transformsExport-noconfig.cmake
[0.588s] -- Up-to-date: /home/omkar/ros2_px4_offboard_example_ws/install/px4_ros_com/share/px4_ros_com/cmake/ament_cmake_export_dependencies-extras.cmake
[0.588s] -- Up-to-date: /home/omkar/ros2_px4_offboard_example_ws/install/px4_ros_com/share/px4_ros_com/cmake/ament_cmake_export_targets-extras.cmake
[0.588s] -- Up-to-date: /home/omkar/ros2_px4_offboard_example_ws/install/px4_ros_com/share/px4_ros_com/cmake/ament_cmake_export_include_directories-extras.cmake
[0.588s] -- Up-to-date: /home/omkar/ros2_px4_offboard_example_ws/install/px4_ros_com/share/px4_ros_com/cmake/ament_cmake_export_libraries-extras.cmake
[0.588s] -- Up-to-date: /home/omkar/ros2_px4_offboard_example_ws/install/px4_ros_com/share/px4_ros_com/cmake/px4_ros_comConfig.cmake
[0.589s] -- Up-to-date: /home/omkar/ros2_px4_offboard_example_ws/install/px4_ros_com/share/px4_ros_com/cmake/px4_ros_comConfig-version.cmake
[0.589s] -- Up-to-date: /home/omkar/ros2_px4_offboard_example_ws/install/px4_ros_com/share/px4_ros_com/package.xml
[0.601s] Invoked command in '/home/omkar/ros2_px4_offboard_example_ws/build/px4_ros_com' returned '0': AMENT_PREFIX_PATH=/home/omkar/ros2_px4_offboard_example_ws/install/px4_msgs:${AMENT_PREFIX_PATH} CMAKE_PREFIX_PATH=/home/omkar/ros2_px4_offboard_example_ws/install/px4_msgs:/opt/ros/humble LD_LIBRARY_PATH=/home/omkar/ros2_px4_offboard_example_ws/install/px4_msgs/lib:${LD_LIBRARY_PATH} PYTHONPATH=/home/omkar/ros2_px4_offboard_example_ws/install/px4_msgs/local/lib/python3.10/dist-packages:${PYTHONPATH} /usr/bin/cmake --install /home/omkar/ros2_px4_offboard_example_ws/build/px4_ros_com
