[3.026s] Invoking command in '/home/omkar/ros2_px4_offboard_example_ws/src/ROS2_PX4_Offboard_Example/px4_offboard': PYTHONPATH=/home/omkar/ros2_px4_offboard_example_ws/build/px4_offboard/prefix_override:/home/omkar/ros2_px4_offboard_example_ws/install/px4_offboard/lib/python3.10/site-packages:${PYTHONPATH} /usr/bin/python3 setup.py egg_info --egg-base ../../../build/px4_offboard build --build-base /home/omkar/ros2_px4_offboard_example_ws/build/px4_offboard/build install --record /home/omkar/ros2_px4_offboard_example_ws/build/px4_offboard/install.log --single-version-externally-managed
[3.827s] running egg_info
[3.856s] writing ../../../build/px4_offboard/px4_offboard.egg-info/PKG-INFO
[3.859s] writing dependency_links to ../../../build/px4_offboard/px4_offboard.egg-info/dependency_links.txt
[3.865s] writing entry points to ../../../build/px4_offboard/px4_offboard.egg-info/entry_points.txt
[3.867s] writing requirements to ../../../build/px4_offboard/px4_offboard.egg-info/requires.txt
[3.869s] writing top-level names to ../../../build/px4_offboard/px4_offboard.egg-info/top_level.txt
[3.928s] reading manifest file '../../../build/px4_offboard/px4_offboard.egg-info/SOURCES.txt'
[3.930s] adding license file 'LICENSE'
[3.933s] writing manifest file '../../../build/px4_offboard/px4_offboard.egg-info/SOURCES.txt'
[3.935s] running build
[3.936s] running build_py
[3.938s] copying px4_offboard/velocity_control.py -> /home/omkar/ros2_px4_offboard_example_ws/build/px4_offboard/build/lib/px4_offboard
[3.941s] running install
[3.942s] /home/omkar/.local/lib/python3.10/site-packages/setuptools/_distutils/cmd.py:66: SetuptoolsDeprecationWarning: setup.py install is deprecated.
[3.942s] !!
[3.944s] 
[3.945s]         ********************************************************************************
[3.945s]         Please avoid running ``setup.py`` directly.
[3.946s]         Instead, use pypa/build, pypa/installer or other
[3.946s]         standards-based tools.
[3.947s] 
[3.947s]         See https://blog.ganssle.io/articles/2021/10/setup-py-deprecated.html for details.
[3.947s]         ********************************************************************************
[3.947s] 
[3.949s] !!
[3.949s]   self.initialize_options()
[3.983s] running install_lib
[4.045s] copying /home/omkar/ros2_px4_offboard_example_ws/build/px4_offboard/build/lib/px4_offboard/velocity_control.py -> /home/omkar/ros2_px4_offboard_example_ws/install/px4_offboard/lib/python3.10/site-packages/px4_offboard
[4.046s] byte-compiling /home/omkar/ros2_px4_offboard_example_ws/install/px4_offboard/lib/python3.10/site-packages/px4_offboard/velocity_control.py to velocity_control.cpython-310.pyc
[4.053s] running install_data
[4.115s] running install_egg_info
[4.180s] removing '/home/omkar/ros2_px4_offboard_example_ws/install/px4_offboard/lib/python3.10/site-packages/px4_offboard-0.0.0-py3.10.egg-info' (and everything under it)
[4.191s] Copying ../../../build/px4_offboard/px4_offboard.egg-info to /home/omkar/ros2_px4_offboard_example_ws/install/px4_offboard/lib/python3.10/site-packages/px4_offboard-0.0.0-py3.10.egg-info
[4.194s] running install_scripts
[4.783s] Installing control script to /home/omkar/ros2_px4_offboard_example_ws/install/px4_offboard/lib/px4_offboard
[4.786s] Installing offboard_control script to /home/omkar/ros2_px4_offboard_example_ws/install/px4_offboard/lib/px4_offboard
[4.787s] Installing processes script to /home/omkar/ros2_px4_offboard_example_ws/install/px4_offboard/lib/px4_offboard
[4.787s] Installing velocity_control script to /home/omkar/ros2_px4_offboard_example_ws/install/px4_offboard/lib/px4_offboard
[4.789s] Installing visualizer script to /home/omkar/ros2_px4_offboard_example_ws/install/px4_offboard/lib/px4_offboard
[4.790s] writing list of installed files to '/home/omkar/ros2_px4_offboard_example_ws/build/px4_offboard/install.log'
[4.887s] Invoked command in '/home/omkar/ros2_px4_offboard_example_ws/src/ROS2_PX4_Offboard_Example/px4_offboard' returned '0': PYTHONPATH=/home/omkar/ros2_px4_offboard_example_ws/build/px4_offboard/prefix_override:/home/omkar/ros2_px4_offboard_example_ws/install/px4_offboard/lib/python3.10/site-packages:${PYTHONPATH} /usr/bin/python3 setup.py egg_info --egg-base ../../../build/px4_offboard build --build-base /home/omkar/ros2_px4_offboard_example_ws/build/px4_offboard/build install --record /home/omkar/ros2_px4_offboard_example_ws/build/px4_offboard/install.log --single-version-externally-managed
