running egg_info
writing ../../build/px4_offboard_position/px4_offboard_position.egg-info/PKG-INFO
writing dependency_links to ../../build/px4_offboard_position/px4_offboard_position.egg-info/dependency_links.txt
writing entry points to ../../build/px4_offboard_position/px4_offboard_position.egg-info/entry_points.txt
writing requirements to ../../build/px4_offboard_position/px4_offboard_position.egg-info/requires.txt
writing top-level names to ../../build/px4_offboard_position/px4_offboard_position.egg-info/top_level.txt
reading manifest file '../../build/px4_offboard_position/px4_offboard_position.egg-info/SOURCES.txt'
adding license file 'LICENSE'
writing manifest file '../../build/px4_offboard_position/px4_offboard_position.egg-info/SOURCES.txt'
running build
running build_py
copying px4_offboard_position/offboard_control.py -> /home/omkar/ros2_px4_offboard_example_ws/build/px4_offboard_position/build/lib/px4_offboard_position
running install
running install_lib
copying /home/omkar/ros2_px4_offboard_example_ws/build/px4_offboard_position/build/lib/px4_offboard_position/offboard_control.py -> /home/omkar/ros2_px4_offboard_example_ws/install/px4_offboard_position/lib/python3.10/site-packages/px4_offboard_position
byte-compiling /home/omkar/ros2_px4_offboard_example_ws/install/px4_offboard_position/lib/python3.10/site-packages/px4_offboard_position/offboard_control.py to offboard_control.cpython-310.pyc
running install_data
running install_egg_info
removing '/home/omkar/ros2_px4_offboard_example_ws/install/px4_offboard_position/lib/python3.10/site-packages/px4_offboard_position-0.0.0-py3.10.egg-info' (and everything under it)
Copying ../../build/px4_offboard_position/px4_offboard_position.egg-info to /home/omkar/ros2_px4_offboard_example_ws/install/px4_offboard_position/lib/python3.10/site-packages/px4_offboard_position-0.0.0-py3.10.egg-info
running install_scripts
Installing offboard_control script to /home/omkar/ros2_px4_offboard_example_ws/install/px4_offboard_position/lib/px4_offboard_position
Installing visualizer script to /home/omkar/ros2_px4_offboard_example_ws/install/px4_offboard_position/lib/px4_offboard_position
writing list of installed files to '/home/omkar/ros2_px4_offboard_example_ws/build/px4_offboard_position/install.log'
