[4.064s] Invoking command in '/home/omkar/ros2_px4_offboard_example_ws/src/px4_offboard_position': CMAKE_PREFIX_PATH=/home/omkar/ros2_px4_offboard_example_ws/install/px4_msgs:/home/omkar/ros2_px4_offboard_example_ws/install/px4_ros_com LD_LIBRARY_PATH=/home/omkar/ros2_px4_offboard_example_ws/install/px4_msgs/lib:/home/omkar/ros2_px4_offboard_example_ws/install/px4_ros_com/lib:/opt/ros/humble/opt/rviz_ogre_vendor/lib:/opt/ros/humble/lib/x86_64-linux-gnu:/opt/ros/humble/lib PYTHONPATH=/home/omkar/ros2_px4_offboard_example_ws/build/px4_offboard_position/prefix_override:/home/omkar/ros2_px4_offboard_example_ws/install/px4_offboard_position/lib/python3.10/site-packages:${PYTHONPATH} /usr/bin/python3 setup.py egg_info --egg-base ../../build/px4_offboard_position build --build-base /home/omkar/ros2_px4_offboard_example_ws/build/px4_offboard_position/build install --record /home/omkar/ros2_px4_offboard_example_ws/build/px4_offboard_position/install.log --single-version-externally-managed
[5.595s] running egg_info
[5.600s] writing ../../build/px4_offboard_position/px4_offboard_position.egg-info/PKG-INFO
[5.601s] writing dependency_links to ../../build/px4_offboard_position/px4_offboard_position.egg-info/dependency_links.txt
[5.602s] writing entry points to ../../build/px4_offboard_position/px4_offboard_position.egg-info/entry_points.txt
[5.604s] writing requirements to ../../build/px4_offboard_position/px4_offboard_position.egg-info/requires.txt
[5.605s] writing top-level names to ../../build/px4_offboard_position/px4_offboard_position.egg-info/top_level.txt
[5.612s] reading manifest file '../../build/px4_offboard_position/px4_offboard_position.egg-info/SOURCES.txt'
[5.615s] adding license file 'LICENSE'
[5.620s] writing manifest file '../../build/px4_offboard_position/px4_offboard_position.egg-info/SOURCES.txt'
[5.620s] running build
[5.620s] running build_py
[5.621s] copying px4_offboard_position/offboard_control.py -> /home/omkar/ros2_px4_offboard_example_ws/build/px4_offboard_position/build/lib/px4_offboard_position
[5.630s] running install
[5.634s] running install_lib
[5.637s] copying /home/omkar/ros2_px4_offboard_example_ws/build/px4_offboard_position/build/lib/px4_offboard_position/offboard_control.py -> /home/omkar/ros2_px4_offboard_example_ws/install/px4_offboard_position/lib/python3.10/site-packages/px4_offboard_position
[5.638s] byte-compiling /home/omkar/ros2_px4_offboard_example_ws/install/px4_offboard_position/lib/python3.10/site-packages/px4_offboard_position/offboard_control.py to offboard_control.cpython-310.pyc
[5.646s] running install_data
[5.657s] running install_egg_info
[5.681s] removing '/home/omkar/ros2_px4_offboard_example_ws/install/px4_offboard_position/lib/python3.10/site-packages/px4_offboard_position-0.0.0-py3.10.egg-info' (and everything under it)
[5.691s] Copying ../../build/px4_offboard_position/px4_offboard_position.egg-info to /home/omkar/ros2_px4_offboard_example_ws/install/px4_offboard_position/lib/python3.10/site-packages/px4_offboard_position-0.0.0-py3.10.egg-info
[5.698s] running install_scripts
[5.814s] Installing offboard_control script to /home/omkar/ros2_px4_offboard_example_ws/install/px4_offboard_position/lib/px4_offboard_position
[5.825s] Installing visualizer script to /home/omkar/ros2_px4_offboard_example_ws/install/px4_offboard_position/lib/px4_offboard_position
[5.827s] writing list of installed files to '/home/omkar/ros2_px4_offboard_example_ws/build/px4_offboard_position/install.log'
[6.032s] Invoked command in '/home/omkar/ros2_px4_offboard_example_ws/src/px4_offboard_position' returned '0': CMAKE_PREFIX_PATH=/home/omkar/ros2_px4_offboard_example_ws/install/px4_msgs:/home/omkar/ros2_px4_offboard_example_ws/install/px4_ros_com LD_LIBRARY_PATH=/home/omkar/ros2_px4_offboard_example_ws/install/px4_msgs/lib:/home/omkar/ros2_px4_offboard_example_ws/install/px4_ros_com/lib:/opt/ros/humble/opt/rviz_ogre_vendor/lib:/opt/ros/humble/lib/x86_64-linux-gnu:/opt/ros/humble/lib PYTHONPATH=/home/omkar/ros2_px4_offboard_example_ws/build/px4_offboard_position/prefix_override:/home/omkar/ros2_px4_offboard_example_ws/install/px4_offboard_position/lib/python3.10/site-packages:${PYTHONPATH} /usr/bin/python3 setup.py egg_info --egg-base ../../build/px4_offboard_position build --build-base /home/omkar/ros2_px4_offboard_example_ws/build/px4_offboard_position/build install --record /home/omkar/ros2_px4_offboard_example_ws/build/px4_offboard_position/install.log --single-version-externally-managed
