[1.157s] Invoking command in '/home/omkar/ros2_px4_offboard_example_ws/src/ROS2_PX4_Offboard_Example/px4_offboard': AMENT_PREFIX_PATH=/home/omkar/ros2_px4_offboard_example_ws/install/px4_msgs:${AMENT_PREFIX_PATH} CMAKE_PREFIX_PATH=/home/omkar/ros2_px4_offboard_example_ws/install/px4_msgs LD_LIBRARY_PATH=/home/omkar/ros2_px4_offboard_example_ws/install/px4_msgs/lib:${LD_LIBRARY_PATH} PYTHONPATH=/home/omkar/ros2_px4_offboard_example_ws/build/px4_offboard/prefix_override:/home/omkar/ros2_px4_offboard_example_ws/install/px4_offboard/lib/python3.10/site-packages:/home/omkar/ros2_px4_offboard_example_ws/install/px4_msgs/local/lib/python3.10/dist-packages:${PYTHONPATH} /usr/bin/python3 setup.py egg_info --egg-base ../../../build/px4_offboard build --build-base /home/omkar/ros2_px4_offboard_example_ws/build/px4_offboard/build install --record /home/omkar/ros2_px4_offboard_example_ws/build/px4_offboard/install.log --single-version-externally-managed
[1.487s] running egg_info
[1.509s] writing ../../../build/px4_offboard/px4_offboard.egg-info/PKG-INFO
[1.510s] writing dependency_links to ../../../build/px4_offboard/px4_offboard.egg-info/dependency_links.txt
[1.512s] writing entry points to ../../../build/px4_offboard/px4_offboard.egg-info/entry_points.txt
[1.513s] writing requirements to ../../../build/px4_offboard/px4_offboard.egg-info/requires.txt
[1.514s] writing top-level names to ../../../build/px4_offboard/px4_offboard.egg-info/top_level.txt
[1.564s] reading manifest file '../../../build/px4_offboard/px4_offboard.egg-info/SOURCES.txt'
[1.569s] adding license file 'LICENSE'
[1.571s] writing manifest file '../../../build/px4_offboard/px4_offboard.egg-info/SOURCES.txt'
[1.573s] running build
[1.574s] running build_py
[1.575s] copying px4_offboard/velocity_control.py -> /home/omkar/ros2_px4_offboard_example_ws/build/px4_offboard/build/lib/px4_offboard
[1.577s] running install
[1.579s] /home/omkar/.local/lib/python3.10/site-packages/setuptools/_distutils/cmd.py:66: SetuptoolsDeprecationWarning: setup.py install is deprecated.
[1.579s] !!
[1.580s] 
[1.581s]         ********************************************************************************
[1.581s]         Please avoid running ``setup.py`` directly.
[1.582s]         Instead, use pypa/build, pypa/installer or other
[1.582s]         standards-based tools.
[1.583s] 
[1.583s]         See https://blog.ganssle.io/articles/2021/10/setup-py-deprecated.html for details.
[1.583s]         ********************************************************************************
[1.583s] 
[1.585s] !!
[1.585s]   self.initialize_options()
[1.600s] running install_lib
[1.623s] copying /home/omkar/ros2_px4_offboard_example_ws/build/px4_offboard/build/lib/px4_offboard/velocity_control.py -> /home/omkar/ros2_px4_offboard_example_ws/install/px4_offboard/lib/python3.10/site-packages/px4_offboard
[1.626s] byte-compiling /home/omkar/ros2_px4_offboard_example_ws/install/px4_offboard/lib/python3.10/site-packages/px4_offboard/velocity_control.py to velocity_control.cpython-310.pyc
[1.632s] running install_data
[1.654s] running install_egg_info
[1.676s] removing '/home/omkar/ros2_px4_offboard_example_ws/install/px4_offboard/lib/python3.10/site-packages/px4_offboard-0.0.0-py3.10.egg-info' (and everything under it)
[1.688s] Copying ../../../build/px4_offboard/px4_offboard.egg-info to /home/omkar/ros2_px4_offboard_example_ws/install/px4_offboard/lib/python3.10/site-packages/px4_offboard-0.0.0-py3.10.egg-info
[1.690s] running install_scripts
[2.043s] Installing control script to /home/omkar/ros2_px4_offboard_example_ws/install/px4_offboard/lib/px4_offboard
[2.050s] Installing offboard_control script to /home/omkar/ros2_px4_offboard_example_ws/install/px4_offboard/lib/px4_offboard
[2.050s] Installing processes script to /home/omkar/ros2_px4_offboard_example_ws/install/px4_offboard/lib/px4_offboard
[2.051s] Installing velocity_control script to /home/omkar/ros2_px4_offboard_example_ws/install/px4_offboard/lib/px4_offboard
[2.051s] Installing visualizer script to /home/omkar/ros2_px4_offboard_example_ws/install/px4_offboard/lib/px4_offboard
[2.052s] writing list of installed files to '/home/omkar/ros2_px4_offboard_example_ws/build/px4_offboard/install.log'
[2.134s] Invoked command in '/home/omkar/ros2_px4_offboard_example_ws/src/ROS2_PX4_Offboard_Example/px4_offboard' returned '0': AMENT_PREFIX_PATH=/home/omkar/ros2_px4_offboard_example_ws/install/px4_msgs:${AMENT_PREFIX_PATH} CMAKE_PREFIX_PATH=/home/omkar/ros2_px4_offboard_example_ws/install/px4_msgs LD_LIBRARY_PATH=/home/omkar/ros2_px4_offboard_example_ws/install/px4_msgs/lib:${LD_LIBRARY_PATH} PYTHONPATH=/home/omkar/ros2_px4_offboard_example_ws/build/px4_offboard/prefix_override:/home/omkar/ros2_px4_offboard_example_ws/install/px4_offboard/lib/python3.10/site-packages:/home/omkar/ros2_px4_offboard_example_ws/install/px4_msgs/local/lib/python3.10/dist-packages:${PYTHONPATH} /usr/bin/python3 setup.py egg_info --egg-base ../../../build/px4_offboard build --build-base /home/omkar/ros2_px4_offboard_example_ws/build/px4_offboard/build install --record /home/omkar/ros2_px4_offboard_example_ws/build/px4_offboard/install.log --single-version-externally-managed
