[2.000s] Invoking command in '/home/omkar/ros2_px4_offboard_example_ws/src/px4_offboard_position': CMAKE_PREFIX_PATH=/home/omkar/ros2_px4_offboard_example_ws/install/px4_msgs:/home/omkar/ros2_px4_offboard_example_ws/install/px4_ros_com LD_LIBRARY_PATH=/home/omkar/ros2_px4_offboard_example_ws/install/px4_msgs/lib:/home/omkar/ros2_px4_offboard_example_ws/install/px4_ros_com/lib:/opt/ros/humble/opt/rviz_ogre_vendor/lib:/opt/ros/humble/lib/x86_64-linux-gnu:/opt/ros/humble/lib PYTHONPATH=/home/omkar/ros2_px4_offboard_example_ws/build/px4_offboard_position/prefix_override:/home/omkar/ros2_px4_offboard_example_ws/install/px4_offboard_position/lib/python3.10/site-packages:${PYTHONPATH} /usr/bin/python3 setup.py egg_info --egg-base ../../build/px4_offboard_position build --build-base /home/omkar/ros2_px4_offboard_example_ws/build/px4_offboard_position/build install --record /home/omkar/ros2_px4_offboard_example_ws/build/px4_offboard_position/install.log --single-version-externally-managed
[2.708s] running egg_info
[2.711s] writing ../../build/px4_offboard_position/px4_offboard_position.egg-info/PKG-INFO
[2.716s] writing dependency_links to ../../build/px4_offboard_position/px4_offboard_position.egg-info/dependency_links.txt
[2.720s] writing entry points to ../../build/px4_offboard_position/px4_offboard_position.egg-info/entry_points.txt
[2.721s] writing requirements to ../../build/px4_offboard_position/px4_offboard_position.egg-info/requires.txt
[2.723s] writing top-level names to ../../build/px4_offboard_position/px4_offboard_position.egg-info/top_level.txt
[2.728s] reading manifest file '../../build/px4_offboard_position/px4_offboard_position.egg-info/SOURCES.txt'
[2.730s] adding license file 'LICENSE'
[2.736s] writing manifest file '../../build/px4_offboard_position/px4_offboard_position.egg-info/SOURCES.txt'
[2.739s] running build
[2.741s] running build_py
[2.743s] copying px4_offboard_position/offboard_control.py -> /home/omkar/ros2_px4_offboard_example_ws/build/px4_offboard_position/build/lib/px4_offboard_position
[2.747s] running install
[2.752s] running install_lib
[2.755s] copying /home/omkar/ros2_px4_offboard_example_ws/build/px4_offboard_position/build/lib/px4_offboard_position/offboard_control.py -> /home/omkar/ros2_px4_offboard_example_ws/install/px4_offboard_position/lib/python3.10/site-packages/px4_offboard_position
[2.758s] byte-compiling /home/omkar/ros2_px4_offboard_example_ws/install/px4_offboard_position/lib/python3.10/site-packages/px4_offboard_position/offboard_control.py to offboard_control.cpython-310.pyc
[2.763s] running install_data
[2.773s] running install_egg_info
[2.777s] removing '/home/omkar/ros2_px4_offboard_example_ws/install/px4_offboard_position/lib/python3.10/site-packages/px4_offboard_position-0.0.0-py3.10.egg-info' (and everything under it)
[2.785s] Copying ../../build/px4_offboard_position/px4_offboard_position.egg-info to /home/omkar/ros2_px4_offboard_example_ws/install/px4_offboard_position/lib/python3.10/site-packages/px4_offboard_position-0.0.0-py3.10.egg-info
[2.790s] running install_scripts
[2.847s] Installing offboard_control script to /home/omkar/ros2_px4_offboard_example_ws/install/px4_offboard_position/lib/px4_offboard_position
[2.849s] Installing visualizer script to /home/omkar/ros2_px4_offboard_example_ws/install/px4_offboard_position/lib/px4_offboard_position
[2.852s] writing list of installed files to '/home/omkar/ros2_px4_offboard_example_ws/build/px4_offboard_position/install.log'
[2.919s] Invoked command in '/home/omkar/ros2_px4_offboard_example_ws/src/px4_offboard_position' returned '0': CMAKE_PREFIX_PATH=/home/omkar/ros2_px4_offboard_example_ws/install/px4_msgs:/home/omkar/ros2_px4_offboard_example_ws/install/px4_ros_com LD_LIBRARY_PATH=/home/omkar/ros2_px4_offboard_example_ws/install/px4_msgs/lib:/home/omkar/ros2_px4_offboard_example_ws/install/px4_ros_com/lib:/opt/ros/humble/opt/rviz_ogre_vendor/lib:/opt/ros/humble/lib/x86_64-linux-gnu:/opt/ros/humble/lib PYTHONPATH=/home/omkar/ros2_px4_offboard_example_ws/build/px4_offboard_position/prefix_override:/home/omkar/ros2_px4_offboard_example_ws/install/px4_offboard_position/lib/python3.10/site-packages:${PYTHONPATH} /usr/bin/python3 setup.py egg_info --egg-base ../../build/px4_offboard_position build --build-base /home/omkar/ros2_px4_offboard_example_ws/build/px4_offboard_position/build install --record /home/omkar/ros2_px4_offboard_example_ws/build/px4_offboard_position/install.log --single-version-externally-managed
