[2.705s] Invoking command in '/home/omkar/ros2_px4_offboard_example_ws/src/px4_offboard_position': CMAKE_PREFIX_PATH=/home/omkar/ros2_px4_offboard_example_ws/install/px4_msgs:/home/omkar/ros2_px4_offboard_example_ws/install/px4_ros_com LD_LIBRARY_PATH=/home/omkar/ros2_px4_offboard_example_ws/install/px4_msgs/lib:/home/omkar/ros2_px4_offboard_example_ws/install/px4_ros_com/lib:/opt/ros/humble/opt/rviz_ogre_vendor/lib:/opt/ros/humble/lib/x86_64-linux-gnu:/opt/ros/humble/lib PYTHONPATH=/home/omkar/ros2_px4_offboard_example_ws/build/px4_offboard_position/prefix_override:/home/omkar/ros2_px4_offboard_example_ws/install/px4_offboard_position/lib/python3.10/site-packages:${PYTHONPATH} /usr/bin/python3 setup.py egg_info --egg-base ../../build/px4_offboard_position build --build-base /home/omkar/ros2_px4_offboard_example_ws/build/px4_offboard_position/build install --record /home/omkar/ros2_px4_offboard_example_ws/build/px4_offboard_position/install.log --single-version-externally-managed
[3.639s] running egg_info
[3.642s] writing ../../build/px4_offboard_position/px4_offboard_position.egg-info/PKG-INFO
[3.649s] writing dependency_links to ../../build/px4_offboard_position/px4_offboard_position.egg-info/dependency_links.txt
[3.652s] writing entry points to ../../build/px4_offboard_position/px4_offboard_position.egg-info/entry_points.txt
[3.656s] writing requirements to ../../build/px4_offboard_position/px4_offboard_position.egg-info/requires.txt
[3.664s] writing top-level names to ../../build/px4_offboard_position/px4_offboard_position.egg-info/top_level.txt
[3.678s] reading manifest file '../../build/px4_offboard_position/px4_offboard_position.egg-info/SOURCES.txt'
[3.680s] adding license file 'LICENSE'
[3.683s] writing manifest file '../../build/px4_offboard_position/px4_offboard_position.egg-info/SOURCES.txt'
[3.685s] running build
[3.686s] running build_py
[3.688s] copying px4_offboard_position/offboard_control.py -> /home/omkar/ros2_px4_offboard_example_ws/build/px4_offboard_position/build/lib/px4_offboard_position
[3.699s] running install
[3.701s] running install_lib
[3.711s] copying /home/omkar/ros2_px4_offboard_example_ws/build/px4_offboard_position/build/lib/px4_offboard_position/offboard_control.py -> /home/omkar/ros2_px4_offboard_example_ws/install/px4_offboard_position/lib/python3.10/site-packages/px4_offboard_position
[3.717s] byte-compiling /home/omkar/ros2_px4_offboard_example_ws/install/px4_offboard_position/lib/python3.10/site-packages/px4_offboard_position/offboard_control.py to offboard_control.cpython-310.pyc
[3.727s] running install_data
[3.731s] running install_egg_info
[3.744s] removing '/home/omkar/ros2_px4_offboard_example_ws/install/px4_offboard_position/lib/python3.10/site-packages/px4_offboard_position-0.0.0-py3.10.egg-info' (and everything under it)
[3.767s] Copying ../../build/px4_offboard_position/px4_offboard_position.egg-info to /home/omkar/ros2_px4_offboard_example_ws/install/px4_offboard_position/lib/python3.10/site-packages/px4_offboard_position-0.0.0-py3.10.egg-info
[3.768s] running install_scripts
[3.854s] Installing offboard_control script to /home/omkar/ros2_px4_offboard_example_ws/install/px4_offboard_position/lib/px4_offboard_position
[3.862s] Installing visualizer script to /home/omkar/ros2_px4_offboard_example_ws/install/px4_offboard_position/lib/px4_offboard_position
[3.871s] writing list of installed files to '/home/omkar/ros2_px4_offboard_example_ws/build/px4_offboard_position/install.log'
[4.022s] Invoked command in '/home/omkar/ros2_px4_offboard_example_ws/src/px4_offboard_position' returned '0': CMAKE_PREFIX_PATH=/home/omkar/ros2_px4_offboard_example_ws/install/px4_msgs:/home/omkar/ros2_px4_offboard_example_ws/install/px4_ros_com LD_LIBRARY_PATH=/home/omkar/ros2_px4_offboard_example_ws/install/px4_msgs/lib:/home/omkar/ros2_px4_offboard_example_ws/install/px4_ros_com/lib:/opt/ros/humble/opt/rviz_ogre_vendor/lib:/opt/ros/humble/lib/x86_64-linux-gnu:/opt/ros/humble/lib PYTHONPATH=/home/omkar/ros2_px4_offboard_example_ws/build/px4_offboard_position/prefix_override:/home/omkar/ros2_px4_offboard_example_ws/install/px4_offboard_position/lib/python3.10/site-packages:${PYTHONPATH} /usr/bin/python3 setup.py egg_info --egg-base ../../build/px4_offboard_position build --build-base /home/omkar/ros2_px4_offboard_example_ws/build/px4_offboard_position/build install --record /home/omkar/ros2_px4_offboard_example_ws/build/px4_offboard_position/install.log --single-version-externally-managed
