running egg_info
creating ../../build/px4_offboard_position/px4_offboard_position.egg-info
writing ../../build/px4_offboard_position/px4_offboard_position.egg-info/PKG-INFO
writing dependency_links to ../../build/px4_offboard_position/px4_offboard_position.egg-info/dependency_links.txt
writing entry points to ../../build/px4_offboard_position/px4_offboard_position.egg-info/entry_points.txt
writing requirements to ../../build/px4_offboard_position/px4_offboard_position.egg-info/requires.txt
writing top-level names to ../../build/px4_offboard_position/px4_offboard_position.egg-info/top_level.txt
writing manifest file '../../build/px4_offboard_position/px4_offboard_position.egg-info/SOURCES.txt'
reading manifest file '../../build/px4_offboard_position/px4_offboard_position.egg-info/SOURCES.txt'
adding license file 'LICENSE'
writing manifest file '../../build/px4_offboard_position/px4_offboard_position.egg-info/SOURCES.txt'
running build
running build_py
creating /home/omkar/ros2_px4_offboard_example_ws/build/px4_offboard_position/build
creating /home/omkar/ros2_px4_offboard_example_ws/build/px4_offboard_position/build/lib
creating /home/omkar/ros2_px4_offboard_example_ws/build/px4_offboard_position/build/lib/px4_offboard_position
copying px4_offboard_position/visualizer.py -> /home/omkar/ros2_px4_offboard_example_ws/build/px4_offboard_position/build/lib/px4_offboard_position
copying px4_offboard_position/__init__.py -> /home/omkar/ros2_px4_offboard_example_ws/build/px4_offboard_position/build/lib/px4_offboard_position
copying px4_offboard_position/offboard_control.py -> /home/omkar/ros2_px4_offboard_example_ws/build/px4_offboard_position/build/lib/px4_offboard_position
running install
running install_lib
creating /home/omkar/ros2_px4_offboard_example_ws/install/px4_offboard_position/lib/python3.10/site-packages/px4_offboard_position
copying /home/omkar/ros2_px4_offboard_example_ws/build/px4_offboard_position/build/lib/px4_offboard_position/visualizer.py -> /home/omkar/ros2_px4_offboard_example_ws/install/px4_offboard_position/lib/python3.10/site-packages/px4_offboard_position
copying /home/omkar/ros2_px4_offboard_example_ws/build/px4_offboard_position/build/lib/px4_offboard_position/__init__.py -> /home/omkar/ros2_px4_offboard_example_ws/install/px4_offboard_position/lib/python3.10/site-packages/px4_offboard_position
copying /home/omkar/ros2_px4_offboard_example_ws/build/px4_offboard_position/build/lib/px4_offboard_position/offboard_control.py -> /home/omkar/ros2_px4_offboard_example_ws/install/px4_offboard_position/lib/python3.10/site-packages/px4_offboard_position
byte-compiling /home/omkar/ros2_px4_offboard_example_ws/install/px4_offboard_position/lib/python3.10/site-packages/px4_offboard_position/visualizer.py to visualizer.cpython-310.pyc
byte-compiling /home/omkar/ros2_px4_offboard_example_ws/install/px4_offboard_position/lib/python3.10/site-packages/px4_offboard_position/__init__.py to __init__.cpython-310.pyc
byte-compiling /home/omkar/ros2_px4_offboard_example_ws/install/px4_offboard_position/lib/python3.10/site-packages/px4_offboard_position/offboard_control.py to offboard_control.cpython-310.pyc
running install_data
creating /home/omkar/ros2_px4_offboard_example_ws/install/px4_offboard_position/share/ament_index
creating /home/omkar/ros2_px4_offboard_example_ws/install/px4_offboard_position/share/ament_index/resource_index
creating /home/omkar/ros2_px4_offboard_example_ws/install/px4_offboard_position/share/ament_index/resource_index/packages
error: can't copy 'resource/px4_offboard_position': doesn't exist or not a regular file
