[6.118s] DEBUG:colcon:Command line arguments: ['/usr/bin/colcon', 'list', '-p', '--base-paths', '/home/omkar/ros2_px4_offboard_example_ws']
[6.118s] DEBUG:colcon:Parsed command line arguments: Namespace(log_base=None, log_level=None, verb_name='list', build_base='build', ignore_user_meta=False, metas=['./colcon.meta'], base_paths=['/home/omkar/ros2_px4_offboard_example_ws'], packages_ignore=None, packages_ignore_regex=None, paths=None, packages_up_to=None, packages_up_to_regex=None, packages_above=None, packages_above_and_dependencies=None, packages_above_depth=None, packages_select_by_dep=None, packages_skip_by_dep=None, packages_skip_up_to=None, packages_select_build_failed=False, packages_skip_build_finished=False, packages_select_test_failures=False, packages_skip_test_passed=False, packages_select=None, packages_skip=None, packages_select_regex=None, packages_skip_regex=None, packages_start=None, packages_end=None, allow_overriding=[], topological_order=False, names_only=False, paths_only=True, topological_graph=False, topological_graph_dot=False, topological_graph_density=False, topological_graph_legend=False, topological_graph_dot_cluster=False, topological_graph_dot_include_skipped=False, verb_parser=<colcon_defaults.argument_parser.defaults.DefaultArgumentsDecorator object at 0x7f76b58c8790>, verb_extension=<colcon_package_information.verb.list.ListVerb object at 0x7f76b5be6bc0>, main=<bound method ListVerb.main of <colcon_package_information.verb.list.ListVerb object at 0x7f76b5be6bc0>>)
[6.516s] Level 1:colcon.colcon_core.package_discovery:discover_packages(colcon_meta) check parameters
[6.517s] Level 1:colcon.colcon_core.package_discovery:discover_packages(recursive) check parameters
[6.517s] Level 1:colcon.colcon_core.package_discovery:discover_packages(ignore) check parameters
[6.517s] Level 1:colcon.colcon_core.package_discovery:discover_packages(path) check parameters
[6.517s] Level 1:colcon.colcon_core.package_discovery:discover_packages(recursive) discover
[6.517s] INFO:colcon.colcon_core.package_discovery:Crawling recursively for packages in '/home/omkar/ros2_px4_offboard_example_ws'
[6.517s] Level 1:colcon.colcon_core.package_identification:_identify(/home/omkar/ros2_px4_offboard_example_ws) by extensions ['ignore', 'ignore_ament_install']
[6.517s] Level 1:colcon.colcon_core.package_identification:_identify(/home/omkar/ros2_px4_offboard_example_ws) by extension 'ignore'
[6.549s] Level 1:colcon.colcon_core.package_identification:_identify(/home/omkar/ros2_px4_offboard_example_ws) by extension 'ignore_ament_install'
[6.550s] Level 1:colcon.colcon_core.package_identification:_identify(/home/omkar/ros2_px4_offboard_example_ws) by extensions ['colcon_pkg']
[6.550s] Level 1:colcon.colcon_core.package_identification:_identify(/home/omkar/ros2_px4_offboard_example_ws) by extension 'colcon_pkg'
[6.550s] Level 1:colcon.colcon_core.package_identification:_identify(/home/omkar/ros2_px4_offboard_example_ws) by extensions ['colcon_meta']
[6.550s] Level 1:colcon.colcon_core.package_identification:_identify(/home/omkar/ros2_px4_offboard_example_ws) by extension 'colcon_meta'
[6.550s] Level 1:colcon.colcon_core.package_identification:_identify(/home/omkar/ros2_px4_offboard_example_ws) by extensions ['ros']
[6.550s] Level 1:colcon.colcon_core.package_identification:_identify(/home/omkar/ros2_px4_offboard_example_ws) by extension 'ros'
[6.723s] Level 1:colcon.colcon_core.package_identification:_identify(/home/omkar/ros2_px4_offboard_example_ws) by extensions ['cmake', 'python']
[6.723s] Level 1:colcon.colcon_core.package_identification:_identify(/home/omkar/ros2_px4_offboard_example_ws) by extension 'cmake'
[6.723s] Level 1:colcon.colcon_core.package_identification:_identify(/home/omkar/ros2_px4_offboard_example_ws) by extension 'python'
[6.723s] Level 1:colcon.colcon_core.package_identification:_identify(/home/omkar/ros2_px4_offboard_example_ws) by extensions ['python_setup_py']
[6.723s] Level 1:colcon.colcon_core.package_identification:_identify(/home/omkar/ros2_px4_offboard_example_ws) by extension 'python_setup_py'
[6.724s] Level 1:colcon.colcon_core.package_identification:_identify(/home/omkar/ros2_px4_offboard_example_ws/build) by extensions ['ignore', 'ignore_ament_install']
[6.724s] Level 1:colcon.colcon_core.package_identification:_identify(/home/omkar/ros2_px4_offboard_example_ws/build) by extension 'ignore'
[6.724s] Level 1:colcon.colcon_core.package_identification:_identify(/home/omkar/ros2_px4_offboard_example_ws/build) ignored
[6.724s] Level 1:colcon.colcon_core.package_identification:_identify(/home/omkar/ros2_px4_offboard_example_ws/install) by extensions ['ignore', 'ignore_ament_install']
[6.724s] Level 1:colcon.colcon_core.package_identification:_identify(/home/omkar/ros2_px4_offboard_example_ws/install) by extension 'ignore'
[6.724s] Level 1:colcon.colcon_core.package_identification:_identify(/home/omkar/ros2_px4_offboard_example_ws/install) ignored
[6.724s] Level 1:colcon.colcon_core.package_identification:_identify(/home/omkar/ros2_px4_offboard_example_ws/log) by extensions ['ignore', 'ignore_ament_install']
[6.725s] Level 1:colcon.colcon_core.package_identification:_identify(/home/omkar/ros2_px4_offboard_example_ws/log) by extension 'ignore'
[6.725s] Level 1:colcon.colcon_core.package_identification:_identify(/home/omkar/ros2_px4_offboard_example_ws/log) ignored
[6.725s] Level 1:colcon.colcon_core.package_identification:_identify(/home/omkar/ros2_px4_offboard_example_ws/src) by extensions ['ignore', 'ignore_ament_install']
[6.725s] Level 1:colcon.colcon_core.package_identification:_identify(/home/omkar/ros2_px4_offboard_example_ws/src) by extension 'ignore'
[6.725s] Level 1:colcon.colcon_core.package_identification:_identify(/home/omkar/ros2_px4_offboard_example_ws/src) by extension 'ignore_ament_install'
[6.725s] Level 1:colcon.colcon_core.package_identification:_identify(/home/omkar/ros2_px4_offboard_example_ws/src) by extensions ['colcon_pkg']
[6.725s] Level 1:colcon.colcon_core.package_identification:_identify(/home/omkar/ros2_px4_offboard_example_ws/src) by extension 'colcon_pkg'
[6.725s] Level 1:colcon.colcon_core.package_identification:_identify(/home/omkar/ros2_px4_offboard_example_ws/src) by extensions ['colcon_meta']
[6.725s] Level 1:colcon.colcon_core.package_identification:_identify(/home/omkar/ros2_px4_offboard_example_ws/src) by extension 'colcon_meta'
[6.725s] Level 1:colcon.colcon_core.package_identification:_identify(/home/omkar/ros2_px4_offboard_example_ws/src) by extensions ['ros']
[6.725s] Level 1:colcon.colcon_core.package_identification:_identify(/home/omkar/ros2_px4_offboard_example_ws/src) by extension 'ros'
[6.755s] Level 1:colcon.colcon_core.package_identification:_identify(/home/omkar/ros2_px4_offboard_example_ws/src) by extensions ['cmake', 'python']
[6.755s] Level 1:colcon.colcon_core.package_identification:_identify(/home/omkar/ros2_px4_offboard_example_ws/src) by extension 'cmake'
[6.755s] Level 1:colcon.colcon_core.package_identification:_identify(/home/omkar/ros2_px4_offboard_example_ws/src) by extension 'python'
[6.755s] Level 1:colcon.colcon_core.package_identification:_identify(/home/omkar/ros2_px4_offboard_example_ws/src) by extensions ['python_setup_py']
[6.755s] Level 1:colcon.colcon_core.package_identification:_identify(/home/omkar/ros2_px4_offboard_example_ws/src) by extension 'python_setup_py'
[6.755s] Level 1:colcon.colcon_core.package_identification:_identify(/home/omkar/ros2_px4_offboard_example_ws/src/ROS2_PX4_Offboard_Example) by extensions ['ignore', 'ignore_ament_install']
[6.755s] Level 1:colcon.colcon_core.package_identification:_identify(/home/omkar/ros2_px4_offboard_example_ws/src/ROS2_PX4_Offboard_Example) by extension 'ignore'
[6.755s] Level 1:colcon.colcon_core.package_identification:_identify(/home/omkar/ros2_px4_offboard_example_ws/src/ROS2_PX4_Offboard_Example) by extension 'ignore_ament_install'
[6.756s] Level 1:colcon.colcon_core.package_identification:_identify(/home/omkar/ros2_px4_offboard_example_ws/src/ROS2_PX4_Offboard_Example) by extensions ['colcon_pkg']
[6.756s] Level 1:colcon.colcon_core.package_identification:_identify(/home/omkar/ros2_px4_offboard_example_ws/src/ROS2_PX4_Offboard_Example) by extension 'colcon_pkg'
[6.756s] Level 1:colcon.colcon_core.package_identification:_identify(/home/omkar/ros2_px4_offboard_example_ws/src/ROS2_PX4_Offboard_Example) by extensions ['colcon_meta']
[6.756s] Level 1:colcon.colcon_core.package_identification:_identify(/home/omkar/ros2_px4_offboard_example_ws/src/ROS2_PX4_Offboard_Example) by extension 'colcon_meta'
[6.756s] Level 1:colcon.colcon_core.package_identification:_identify(/home/omkar/ros2_px4_offboard_example_ws/src/ROS2_PX4_Offboard_Example) by extensions ['ros']
[6.756s] Level 1:colcon.colcon_core.package_identification:_identify(/home/omkar/ros2_px4_offboard_example_ws/src/ROS2_PX4_Offboard_Example) by extension 'ros'
[6.756s] Level 1:colcon.colcon_core.package_identification:_identify(/home/omkar/ros2_px4_offboard_example_ws/src/ROS2_PX4_Offboard_Example) by extensions ['cmake', 'python']
[6.756s] Level 1:colcon.colcon_core.package_identification:_identify(/home/omkar/ros2_px4_offboard_example_ws/src/ROS2_PX4_Offboard_Example) by extension 'cmake'
[6.756s] Level 1:colcon.colcon_core.package_identification:_identify(/home/omkar/ros2_px4_offboard_example_ws/src/ROS2_PX4_Offboard_Example) by extension 'python'
[6.756s] Level 1:colcon.colcon_core.package_identification:_identify(/home/omkar/ros2_px4_offboard_example_ws/src/ROS2_PX4_Offboard_Example) by extensions ['python_setup_py']
[6.756s] Level 1:colcon.colcon_core.package_identification:_identify(/home/omkar/ros2_px4_offboard_example_ws/src/ROS2_PX4_Offboard_Example) by extension 'python_setup_py'
[6.756s] Level 1:colcon.colcon_core.package_identification:_identify(/home/omkar/ros2_px4_offboard_example_ws/src/ROS2_PX4_Offboard_Example/px4_offboard) by extensions ['ignore', 'ignore_ament_install']
[6.756s] Level 1:colcon.colcon_core.package_identification:_identify(/home/omkar/ros2_px4_offboard_example_ws/src/ROS2_PX4_Offboard_Example/px4_offboard) by extension 'ignore'
[6.756s] Level 1:colcon.colcon_core.package_identification:_identify(/home/omkar/ros2_px4_offboard_example_ws/src/ROS2_PX4_Offboard_Example/px4_offboard) by extension 'ignore_ament_install'
[6.756s] Level 1:colcon.colcon_core.package_identification:_identify(/home/omkar/ros2_px4_offboard_example_ws/src/ROS2_PX4_Offboard_Example/px4_offboard) by extensions ['colcon_pkg']
[6.757s] Level 1:colcon.colcon_core.package_identification:_identify(/home/omkar/ros2_px4_offboard_example_ws/src/ROS2_PX4_Offboard_Example/px4_offboard) by extension 'colcon_pkg'
[6.757s] Level 1:colcon.colcon_core.package_identification:_identify(/home/omkar/ros2_px4_offboard_example_ws/src/ROS2_PX4_Offboard_Example/px4_offboard) by extensions ['colcon_meta']
[6.757s] Level 1:colcon.colcon_core.package_identification:_identify(/home/omkar/ros2_px4_offboard_example_ws/src/ROS2_PX4_Offboard_Example/px4_offboard) by extension 'colcon_meta'
[6.757s] Level 1:colcon.colcon_core.package_identification:_identify(/home/omkar/ros2_px4_offboard_example_ws/src/ROS2_PX4_Offboard_Example/px4_offboard) by extensions ['ros']
[6.757s] Level 1:colcon.colcon_core.package_identification:_identify(/home/omkar/ros2_px4_offboard_example_ws/src/ROS2_PX4_Offboard_Example/px4_offboard) by extension 'ros'
[6.780s] DEBUG:colcon.colcon_core.package_identification:Package '/home/omkar/ros2_px4_offboard_example_ws/src/ROS2_PX4_Offboard_Example/px4_offboard' with type 'ros.ament_python' and name 'px4_offboard'
[6.780s] Level 1:colcon.colcon_core.package_identification:_identify(/home/omkar/ros2_px4_offboard_example_ws/src/px4_msgs) by extensions ['ignore', 'ignore_ament_install']
[6.780s] Level 1:colcon.colcon_core.package_identification:_identify(/home/omkar/ros2_px4_offboard_example_ws/src/px4_msgs) by extension 'ignore'
[6.781s] Level 1:colcon.colcon_core.package_identification:_identify(/home/omkar/ros2_px4_offboard_example_ws/src/px4_msgs) by extension 'ignore_ament_install'
[6.781s] Level 1:colcon.colcon_core.package_identification:_identify(/home/omkar/ros2_px4_offboard_example_ws/src/px4_msgs) by extensions ['colcon_pkg']
[6.781s] Level 1:colcon.colcon_core.package_identification:_identify(/home/omkar/ros2_px4_offboard_example_ws/src/px4_msgs) by extension 'colcon_pkg'
[6.781s] Level 1:colcon.colcon_core.package_identification:_identify(/home/omkar/ros2_px4_offboard_example_ws/src/px4_msgs) by extensions ['colcon_meta']
[6.781s] Level 1:colcon.colcon_core.package_identification:_identify(/home/omkar/ros2_px4_offboard_example_ws/src/px4_msgs) by extension 'colcon_meta'
[6.781s] Level 1:colcon.colcon_core.package_identification:_identify(/home/omkar/ros2_px4_offboard_example_ws/src/px4_msgs) by extensions ['ros']
[6.781s] Level 1:colcon.colcon_core.package_identification:_identify(/home/omkar/ros2_px4_offboard_example_ws/src/px4_msgs) by extension 'ros'
[6.832s] DEBUG:colcon.colcon_core.package_identification:Package '/home/omkar/ros2_px4_offboard_example_ws/src/px4_msgs' with type 'ros.ament_cmake' and name 'px4_msgs'
[6.832s] Level 1:colcon.colcon_core.package_discovery:discover_packages(recursive) using defaults
