[1.052s] DEBUG:colcon:Command line arguments: ['/usr/bin/colcon', 'build']
[1.052s] DEBUG:colcon:Parsed command line arguments: Namespace(log_base=None, log_level=None, verb_name='build', build_base='build', install_base='install', merge_install=False, symlink_install=False, test_result_base=None, continue_on_error=False, executor='parallel', parallel_workers=1, event_handlers=None, ignore_user_meta=False, metas=['./colcon.meta'], base_paths=['.'], packages_ignore=None, packages_ignore_regex=None, paths=None, packages_up_to=None, packages_up_to_regex=None, packages_above=None, packages_above_and_dependencies=None, packages_above_depth=None, packages_select_by_dep=None, packages_skip_by_dep=None, packages_skip_up_to=None, packages_select_build_failed=False, packages_skip_build_finished=False, packages_select_test_failures=False, packages_skip_test_passed=False, packages_select=None, packages_skip=None, packages_select_regex=None, packages_skip_regex=None, packages_start=None, packages_end=None, allow_overriding=[], cmake_args=None, cmake_target=None, cmake_target_skip_unavailable=False, cmake_clean_cache=False, cmake_clean_first=False, cmake_force_configure=False, ament_cmake_args=None, catkin_cmake_args=None, catkin_skip_building_tests=False, verb_parser=<colcon_defaults.argument_parser.defaults.DefaultArgumentsDecorator object at 0x7fa02e9d30d0>, verb_extension=<colcon_core.verb.build.BuildVerb object at 0x7fa02e9d2b60>, main=<bound method BuildVerb.main of <colcon_core.verb.build.BuildVerb object at 0x7fa02e9d2b60>>)
[1.116s] Level 1:colcon.colcon_core.package_discovery:discover_packages(colcon_meta) check parameters
[1.116s] Level 1:colcon.colcon_core.package_discovery:discover_packages(recursive) check parameters
[1.116s] Level 1:colcon.colcon_core.package_discovery:discover_packages(ignore) check parameters
[1.116s] Level 1:colcon.colcon_core.package_discovery:discover_packages(path) check parameters
[1.116s] Level 1:colcon.colcon_core.package_discovery:discover_packages(colcon_meta) discover
[1.116s] Level 1:colcon.colcon_core.package_discovery:discover_packages(recursive) discover
[1.116s] INFO:colcon.colcon_core.package_discovery:Crawling recursively for packages in '/home/omkar/ros2_px4_offboard_example_ws'
[1.116s] Level 1:colcon.colcon_core.package_identification:_identify(.) by extensions ['ignore', 'ignore_ament_install']
[1.116s] Level 1:colcon.colcon_core.package_identification:_identify(.) by extension 'ignore'
[1.116s] Level 1:colcon.colcon_core.package_identification:_identify(.) by extension 'ignore_ament_install'
[1.116s] Level 1:colcon.colcon_core.package_identification:_identify(.) by extensions ['colcon_pkg']
[1.117s] Level 1:colcon.colcon_core.package_identification:_identify(.) by extension 'colcon_pkg'
[1.117s] Level 1:colcon.colcon_core.package_identification:_identify(.) by extensions ['colcon_meta']
[1.117s] Level 1:colcon.colcon_core.package_identification:_identify(.) by extension 'colcon_meta'
[1.117s] Level 1:colcon.colcon_core.package_identification:_identify(.) by extensions ['ros']
[1.117s] Level 1:colcon.colcon_core.package_identification:_identify(.) by extension 'ros'
[1.143s] Level 1:colcon.colcon_core.package_identification:_identify(.) by extensions ['cmake', 'python']
[1.147s] Level 1:colcon.colcon_core.package_identification:_identify(.) by extension 'cmake'
[1.147s] Level 1:colcon.colcon_core.package_identification:_identify(.) by extension 'python'
[1.147s] Level 1:colcon.colcon_core.package_identification:_identify(.) by extensions ['python_setup_py']
[1.147s] Level 1:colcon.colcon_core.package_identification:_identify(.) by extension 'python_setup_py'
[1.147s] Level 1:colcon.colcon_core.package_identification:_identify(build) by extensions ['ignore', 'ignore_ament_install']
[1.147s] Level 1:colcon.colcon_core.package_identification:_identify(build) by extension 'ignore'
[1.147s] Level 1:colcon.colcon_core.package_identification:_identify(build) ignored
[1.148s] Level 1:colcon.colcon_core.package_identification:_identify(install) by extensions ['ignore', 'ignore_ament_install']
[1.148s] Level 1:colcon.colcon_core.package_identification:_identify(install) by extension 'ignore'
[1.148s] Level 1:colcon.colcon_core.package_identification:_identify(install) ignored
[1.148s] Level 1:colcon.colcon_core.package_identification:_identify(log) by extensions ['ignore', 'ignore_ament_install']
[1.148s] Level 1:colcon.colcon_core.package_identification:_identify(log) by extension 'ignore'
[1.148s] Level 1:colcon.colcon_core.package_identification:_identify(log) ignored
[1.148s] Level 1:colcon.colcon_core.package_identification:_identify(src) by extensions ['ignore', 'ignore_ament_install']
[1.148s] Level 1:colcon.colcon_core.package_identification:_identify(src) by extension 'ignore'
[1.148s] Level 1:colcon.colcon_core.package_identification:_identify(src) by extension 'ignore_ament_install'
[1.148s] Level 1:colcon.colcon_core.package_identification:_identify(src) by extensions ['colcon_pkg']
[1.148s] Level 1:colcon.colcon_core.package_identification:_identify(src) by extension 'colcon_pkg'
[1.148s] Level 1:colcon.colcon_core.package_identification:_identify(src) by extensions ['colcon_meta']
[1.148s] Level 1:colcon.colcon_core.package_identification:_identify(src) by extension 'colcon_meta'
[1.149s] Level 1:colcon.colcon_core.package_identification:_identify(src) by extensions ['ros']
[1.149s] Level 1:colcon.colcon_core.package_identification:_identify(src) by extension 'ros'
[1.149s] Level 1:colcon.colcon_core.package_identification:_identify(src) by extensions ['cmake', 'python']
[1.149s] Level 1:colcon.colcon_core.package_identification:_identify(src) by extension 'cmake'
[1.149s] Level 1:colcon.colcon_core.package_identification:_identify(src) by extension 'python'
[1.149s] Level 1:colcon.colcon_core.package_identification:_identify(src) by extensions ['python_setup_py']
[1.149s] Level 1:colcon.colcon_core.package_identification:_identify(src) by extension 'python_setup_py'
[1.149s] Level 1:colcon.colcon_core.package_identification:_identify(src/ROS2_PX4_Offboard_Example) by extensions ['ignore', 'ignore_ament_install']
[1.149s] Level 1:colcon.colcon_core.package_identification:_identify(src/ROS2_PX4_Offboard_Example) by extension 'ignore'
[1.149s] Level 1:colcon.colcon_core.package_identification:_identify(src/ROS2_PX4_Offboard_Example) by extension 'ignore_ament_install'
[1.149s] Level 1:colcon.colcon_core.package_identification:_identify(src/ROS2_PX4_Offboard_Example) by extensions ['colcon_pkg']
[1.149s] Level 1:colcon.colcon_core.package_identification:_identify(src/ROS2_PX4_Offboard_Example) by extension 'colcon_pkg'
[1.149s] Level 1:colcon.colcon_core.package_identification:_identify(src/ROS2_PX4_Offboard_Example) by extensions ['colcon_meta']
[1.149s] Level 1:colcon.colcon_core.package_identification:_identify(src/ROS2_PX4_Offboard_Example) by extension 'colcon_meta'
[1.149s] Level 1:colcon.colcon_core.package_identification:_identify(src/ROS2_PX4_Offboard_Example) by extensions ['ros']
[1.149s] Level 1:colcon.colcon_core.package_identification:_identify(src/ROS2_PX4_Offboard_Example) by extension 'ros'
[1.150s] Level 1:colcon.colcon_core.package_identification:_identify(src/ROS2_PX4_Offboard_Example) by extensions ['cmake', 'python']
[1.150s] Level 1:colcon.colcon_core.package_identification:_identify(src/ROS2_PX4_Offboard_Example) by extension 'cmake'
[1.150s] Level 1:colcon.colcon_core.package_identification:_identify(src/ROS2_PX4_Offboard_Example) by extension 'python'
[1.150s] Level 1:colcon.colcon_core.package_identification:_identify(src/ROS2_PX4_Offboard_Example) by extensions ['python_setup_py']
[1.150s] Level 1:colcon.colcon_core.package_identification:_identify(src/ROS2_PX4_Offboard_Example) by extension 'python_setup_py'
[1.150s] Level 1:colcon.colcon_core.package_identification:_identify(src/ROS2_PX4_Offboard_Example/px4_offboard) by extensions ['ignore', 'ignore_ament_install']
[1.150s] Level 1:colcon.colcon_core.package_identification:_identify(src/ROS2_PX4_Offboard_Example/px4_offboard) by extension 'ignore'
[1.150s] Level 1:colcon.colcon_core.package_identification:_identify(src/ROS2_PX4_Offboard_Example/px4_offboard) by extension 'ignore_ament_install'
[1.150s] Level 1:colcon.colcon_core.package_identification:_identify(src/ROS2_PX4_Offboard_Example/px4_offboard) by extensions ['colcon_pkg']
[1.150s] Level 1:colcon.colcon_core.package_identification:_identify(src/ROS2_PX4_Offboard_Example/px4_offboard) by extension 'colcon_pkg'
[1.150s] Level 1:colcon.colcon_core.package_identification:_identify(src/ROS2_PX4_Offboard_Example/px4_offboard) by extensions ['colcon_meta']
[1.150s] Level 1:colcon.colcon_core.package_identification:_identify(src/ROS2_PX4_Offboard_Example/px4_offboard) by extension 'colcon_meta'
[1.150s] Level 1:colcon.colcon_core.package_identification:_identify(src/ROS2_PX4_Offboard_Example/px4_offboard) by extensions ['ros']
[1.150s] Level 1:colcon.colcon_core.package_identification:_identify(src/ROS2_PX4_Offboard_Example/px4_offboard) by extension 'ros'
[1.157s] DEBUG:colcon.colcon_core.package_identification:Package 'src/ROS2_PX4_Offboard_Example/px4_offboard' with type 'ros.ament_python' and name 'px4_offboard'
[1.161s] Level 1:colcon.colcon_core.package_identification:_identify(src/px4_msgs) by extensions ['ignore', 'ignore_ament_install']
[1.161s] Level 1:colcon.colcon_core.package_identification:_identify(src/px4_msgs) by extension 'ignore'
[1.162s] Level 1:colcon.colcon_core.package_identification:_identify(src/px4_msgs) by extension 'ignore_ament_install'
[1.162s] Level 1:colcon.colcon_core.package_identification:_identify(src/px4_msgs) by extensions ['colcon_pkg']
[1.162s] Level 1:colcon.colcon_core.package_identification:_identify(src/px4_msgs) by extension 'colcon_pkg'
[1.162s] Level 1:colcon.colcon_core.package_identification:_identify(src/px4_msgs) by extensions ['colcon_meta']
[1.162s] Level 1:colcon.colcon_core.package_identification:_identify(src/px4_msgs) by extension 'colcon_meta'
[1.162s] Level 1:colcon.colcon_core.package_identification:_identify(src/px4_msgs) by extensions ['ros']
[1.162s] Level 1:colcon.colcon_core.package_identification:_identify(src/px4_msgs) by extension 'ros'
[1.163s] DEBUG:colcon.colcon_core.package_identification:Package 'src/px4_msgs' with type 'ros.ament_cmake' and name 'px4_msgs'
[1.163s] Level 1:colcon.colcon_core.package_identification:_identify(src/px4_offboard_position) by extensions ['ignore', 'ignore_ament_install']
[1.163s] Level 1:colcon.colcon_core.package_identification:_identify(src/px4_offboard_position) by extension 'ignore'
[1.163s] Level 1:colcon.colcon_core.package_identification:_identify(src/px4_offboard_position) by extension 'ignore_ament_install'
[1.163s] Level 1:colcon.colcon_core.package_identification:_identify(src/px4_offboard_position) by extensions ['colcon_pkg']
[1.163s] Level 1:colcon.colcon_core.package_identification:_identify(src/px4_offboard_position) by extension 'colcon_pkg'
[1.163s] Level 1:colcon.colcon_core.package_identification:_identify(src/px4_offboard_position) by extensions ['colcon_meta']
[1.163s] Level 1:colcon.colcon_core.package_identification:_identify(src/px4_offboard_position) by extension 'colcon_meta'
[1.163s] Level 1:colcon.colcon_core.package_identification:_identify(src/px4_offboard_position) by extensions ['ros']
[1.164s] Level 1:colcon.colcon_core.package_identification:_identify(src/px4_offboard_position) by extension 'ros'
[1.165s] DEBUG:colcon.colcon_core.package_identification:Package 'src/px4_offboard_position' with type 'ros.ament_python' and name 'px4_offboard_position'
[1.165s] Level 1:colcon.colcon_core.package_identification:_identify(src/px4_ros_com) by extensions ['ignore', 'ignore_ament_install']
[1.166s] Level 1:colcon.colcon_core.package_identification:_identify(src/px4_ros_com) by extension 'ignore'
[1.166s] Level 1:colcon.colcon_core.package_identification:_identify(src/px4_ros_com) by extension 'ignore_ament_install'
[1.166s] Level 1:colcon.colcon_core.package_identification:_identify(src/px4_ros_com) by extensions ['colcon_pkg']
[1.166s] Level 1:colcon.colcon_core.package_identification:_identify(src/px4_ros_com) by extension 'colcon_pkg'
[1.166s] Level 1:colcon.colcon_core.package_identification:_identify(src/px4_ros_com) by extensions ['colcon_meta']
[1.166s] Level 1:colcon.colcon_core.package_identification:_identify(src/px4_ros_com) by extension 'colcon_meta'
[1.166s] Level 1:colcon.colcon_core.package_identification:_identify(src/px4_ros_com) by extensions ['ros']
[1.166s] Level 1:colcon.colcon_core.package_identification:_identify(src/px4_ros_com) by extension 'ros'
[1.175s] DEBUG:colcon.colcon_core.package_identification:Package 'src/px4_ros_com' with type 'ros.ament_cmake' and name 'px4_ros_com'
[1.175s] Level 1:colcon.colcon_core.package_discovery:discover_packages(recursive) using defaults
[1.175s] Level 1:colcon.colcon_core.package_discovery:discover_packages(ignore) discover
[1.175s] Level 1:colcon.colcon_core.package_discovery:discover_packages(ignore) using defaults
[1.175s] Level 1:colcon.colcon_core.package_discovery:discover_packages(path) discover
[1.175s] Level 1:colcon.colcon_core.package_discovery:discover_packages(path) using defaults
[1.234s] Level 1:colcon.colcon_core.package_discovery:discover_packages(prefix_path) check parameters
[1.235s] Level 1:colcon.colcon_core.package_discovery:discover_packages(prefix_path) discover
[1.248s] DEBUG:colcon.colcon_installed_package_information.package_discovery:Found 270 installed packages in /opt/ros/humble
[1.250s] Level 1:colcon.colcon_core.package_discovery:discover_packages(prefix_path) using defaults
[1.431s] Level 5:colcon.colcon_core.verb:set package 'px4_msgs' build argument 'cmake_args' from command line to 'None'
[1.431s] Level 5:colcon.colcon_core.verb:set package 'px4_msgs' build argument 'cmake_target' from command line to 'None'
[1.431s] Level 5:colcon.colcon_core.verb:set package 'px4_msgs' build argument 'cmake_target_skip_unavailable' from command line to 'False'
[1.431s] Level 5:colcon.colcon_core.verb:set package 'px4_msgs' build argument 'cmake_clean_cache' from command line to 'False'
[1.431s] Level 5:colcon.colcon_core.verb:set package 'px4_msgs' build argument 'cmake_clean_first' from command line to 'False'
[1.431s] Level 5:colcon.colcon_core.verb:set package 'px4_msgs' build argument 'cmake_force_configure' from command line to 'False'
[1.431s] Level 5:colcon.colcon_core.verb:set package 'px4_msgs' build argument 'ament_cmake_args' from command line to 'None'
[1.432s] Level 5:colcon.colcon_core.verb:set package 'px4_msgs' build argument 'catkin_cmake_args' from command line to 'None'
[1.432s] Level 5:colcon.colcon_core.verb:set package 'px4_msgs' build argument 'catkin_skip_building_tests' from command line to 'False'
[1.432s] DEBUG:colcon.colcon_core.verb:Building package 'px4_msgs' with the following arguments: {'ament_cmake_args': None, 'build_base': '/home/omkar/ros2_px4_offboard_example_ws/build/px4_msgs', 'catkin_cmake_args': None, 'catkin_skip_building_tests': False, 'cmake_args': None, 'cmake_clean_cache': False, 'cmake_clean_first': False, 'cmake_force_configure': False, 'cmake_target': None, 'cmake_target_skip_unavailable': False, 'install_base': '/home/omkar/ros2_px4_offboard_example_ws/install/px4_msgs', 'merge_install': False, 'path': '/home/omkar/ros2_px4_offboard_example_ws/src/px4_msgs', 'symlink_install': False, 'test_result_base': None}
[1.433s] Level 5:colcon.colcon_core.verb:set package 'px4_offboard' build argument 'cmake_args' from command line to 'None'
[1.433s] Level 5:colcon.colcon_core.verb:set package 'px4_offboard' build argument 'cmake_target' from command line to 'None'
[1.433s] Level 5:colcon.colcon_core.verb:set package 'px4_offboard' build argument 'cmake_target_skip_unavailable' from command line to 'False'
[1.433s] Level 5:colcon.colcon_core.verb:set package 'px4_offboard' build argument 'cmake_clean_cache' from command line to 'False'
[1.433s] Level 5:colcon.colcon_core.verb:set package 'px4_offboard' build argument 'cmake_clean_first' from command line to 'False'
[1.433s] Level 5:colcon.colcon_core.verb:set package 'px4_offboard' build argument 'cmake_force_configure' from command line to 'False'
[1.433s] Level 5:colcon.colcon_core.verb:set package 'px4_offboard' build argument 'ament_cmake_args' from command line to 'None'
[1.433s] Level 5:colcon.colcon_core.verb:set package 'px4_offboard' build argument 'catkin_cmake_args' from command line to 'None'
[1.433s] Level 5:colcon.colcon_core.verb:set package 'px4_offboard' build argument 'catkin_skip_building_tests' from command line to 'False'
[1.433s] DEBUG:colcon.colcon_core.verb:Building package 'px4_offboard' with the following arguments: {'ament_cmake_args': None, 'build_base': '/home/omkar/ros2_px4_offboard_example_ws/build/px4_offboard', 'catkin_cmake_args': None, 'catkin_skip_building_tests': False, 'cmake_args': None, 'cmake_clean_cache': False, 'cmake_clean_first': False, 'cmake_force_configure': False, 'cmake_target': None, 'cmake_target_skip_unavailable': False, 'install_base': '/home/omkar/ros2_px4_offboard_example_ws/install/px4_offboard', 'merge_install': False, 'path': '/home/omkar/ros2_px4_offboard_example_ws/src/ROS2_PX4_Offboard_Example/px4_offboard', 'symlink_install': False, 'test_result_base': None}
[1.436s] Level 5:colcon.colcon_core.verb:set package 'px4_offboard_position' build argument 'cmake_args' from command line to 'None'
[1.436s] Level 5:colcon.colcon_core.verb:set package 'px4_offboard_position' build argument 'cmake_target' from command line to 'None'
[1.438s] Level 5:colcon.colcon_core.verb:set package 'px4_offboard_position' build argument 'cmake_target_skip_unavailable' from command line to 'False'
[1.438s] Level 5:colcon.colcon_core.verb:set package 'px4_offboard_position' build argument 'cmake_clean_cache' from command line to 'False'
[1.438s] Level 5:colcon.colcon_core.verb:set package 'px4_offboard_position' build argument 'cmake_clean_first' from command line to 'False'
[1.438s] Level 5:colcon.colcon_core.verb:set package 'px4_offboard_position' build argument 'cmake_force_configure' from command line to 'False'
[1.438s] Level 5:colcon.colcon_core.verb:set package 'px4_offboard_position' build argument 'ament_cmake_args' from command line to 'None'
[1.438s] Level 5:colcon.colcon_core.verb:set package 'px4_offboard_position' build argument 'catkin_cmake_args' from command line to 'None'
[1.438s] Level 5:colcon.colcon_core.verb:set package 'px4_offboard_position' build argument 'catkin_skip_building_tests' from command line to 'False'
[1.439s] DEBUG:colcon.colcon_core.verb:Building package 'px4_offboard_position' with the following arguments: {'ament_cmake_args': None, 'build_base': '/home/omkar/ros2_px4_offboard_example_ws/build/px4_offboard_position', 'catkin_cmake_args': None, 'catkin_skip_building_tests': False, 'cmake_args': None, 'cmake_clean_cache': False, 'cmake_clean_first': False, 'cmake_force_configure': False, 'cmake_target': None, 'cmake_target_skip_unavailable': False, 'install_base': '/home/omkar/ros2_px4_offboard_example_ws/install/px4_offboard_position', 'merge_install': False, 'path': '/home/omkar/ros2_px4_offboard_example_ws/src/px4_offboard_position', 'symlink_install': False, 'test_result_base': None}
[1.443s] Level 5:colcon.colcon_core.verb:set package 'px4_ros_com' build argument 'cmake_args' from command line to 'None'
[1.443s] Level 5:colcon.colcon_core.verb:set package 'px4_ros_com' build argument 'cmake_target' from command line to 'None'
[1.443s] Level 5:colcon.colcon_core.verb:set package 'px4_ros_com' build argument 'cmake_target_skip_unavailable' from command line to 'False'
[1.443s] Level 5:colcon.colcon_core.verb:set package 'px4_ros_com' build argument 'cmake_clean_cache' from command line to 'False'
[1.443s] Level 5:colcon.colcon_core.verb:set package 'px4_ros_com' build argument 'cmake_clean_first' from command line to 'False'
[1.443s] Level 5:colcon.colcon_core.verb:set package 'px4_ros_com' build argument 'cmake_force_configure' from command line to 'False'
[1.444s] Level 5:colcon.colcon_core.verb:set package 'px4_ros_com' build argument 'ament_cmake_args' from command line to 'None'
[1.444s] Level 5:colcon.colcon_core.verb:set package 'px4_ros_com' build argument 'catkin_cmake_args' from command line to 'None'
[1.444s] Level 5:colcon.colcon_core.verb:set package 'px4_ros_com' build argument 'catkin_skip_building_tests' from command line to 'False'
[1.444s] DEBUG:colcon.colcon_core.verb:Building package 'px4_ros_com' with the following arguments: {'ament_cmake_args': None, 'build_base': '/home/omkar/ros2_px4_offboard_example_ws/build/px4_ros_com', 'catkin_cmake_args': None, 'catkin_skip_building_tests': False, 'cmake_args': None, 'cmake_clean_cache': False, 'cmake_clean_first': False, 'cmake_force_configure': False, 'cmake_target': None, 'cmake_target_skip_unavailable': False, 'install_base': '/home/omkar/ros2_px4_offboard_example_ws/install/px4_ros_com', 'merge_install': False, 'path': '/home/omkar/ros2_px4_offboard_example_ws/src/px4_ros_com', 'symlink_install': False, 'test_result_base': None}
[1.445s] INFO:colcon.colcon_core.executor:Executing jobs using 'parallel' executor
[1.455s] DEBUG:colcon.colcon_parallel_executor.executor.parallel:run_until_complete
[1.455s] INFO:colcon.colcon_ros.task.ament_cmake.build:Building ROS package in '/home/omkar/ros2_px4_offboard_example_ws/src/px4_msgs' with build type 'ament_cmake'
[1.455s] INFO:colcon.colcon_cmake.task.cmake.build:Building CMake package in '/home/omkar/ros2_px4_offboard_example_ws/src/px4_msgs'
[1.470s] INFO:colcon.colcon_core.plugin_system:Skipping extension 'colcon_core.shell.bat': Not used on non-Windows systems
[1.470s] INFO:colcon.colcon_core.shell:Skip shell extension 'powershell' for command environment: Not usable outside of PowerShell
[1.470s] DEBUG:colcon.colcon_core.shell:Skip shell extension 'dsv' for command environment
[1.495s] DEBUG:colcon.colcon_core.event_handler.log_command:Invoking command in '/home/omkar/ros2_px4_offboard_example_ws/build/px4_msgs': CMAKE_PREFIX_PATH=/opt/ros/humble /usr/bin/cmake --build /home/omkar/ros2_px4_offboard_example_ws/build/px4_msgs -- -j1 -l1
[6.281s] DEBUG:colcon.colcon_core.event_handler.log_command:Invoked command in '/home/omkar/ros2_px4_offboard_example_ws/build/px4_msgs' returned '0': CMAKE_PREFIX_PATH=/opt/ros/humble /usr/bin/cmake --build /home/omkar/ros2_px4_offboard_example_ws/build/px4_msgs -- -j1 -l1
[14.686s] DEBUG:colcon.colcon_core.event_handler.log_command:Invoking command in '/home/omkar/ros2_px4_offboard_example_ws/build/px4_msgs': CMAKE_PREFIX_PATH=/opt/ros/humble /usr/bin/cmake --install /home/omkar/ros2_px4_offboard_example_ws/build/px4_msgs
[16.413s] Level 1:colcon.colcon_core.environment:create_environment_scripts_only(px4_msgs)
[16.414s] DEBUG:colcon.colcon_core.event_handler.log_command:Invoked command in '/home/omkar/ros2_px4_offboard_example_ws/build/px4_msgs' returned '0': CMAKE_PREFIX_PATH=/opt/ros/humble /usr/bin/cmake --install /home/omkar/ros2_px4_offboard_example_ws/build/px4_msgs
[16.585s] Level 1:colcon.colcon_core.environment:checking '/home/omkar/ros2_px4_offboard_example_ws/install/px4_msgs' for CMake module files
[16.586s] Level 1:colcon.colcon_core.environment:checking '/home/omkar/ros2_px4_offboard_example_ws/install/px4_msgs' for CMake config files
[16.590s] Level 1:colcon.colcon_core.shell:create_environment_hook('px4_msgs', 'cmake_prefix_path')
[16.598s] INFO:colcon.colcon_core.shell:Creating environment hook '/home/omkar/ros2_px4_offboard_example_ws/install/px4_msgs/share/px4_msgs/hook/cmake_prefix_path.ps1'
[16.668s] INFO:colcon.colcon_core.shell:Creating environment descriptor '/home/omkar/ros2_px4_offboard_example_ws/install/px4_msgs/share/px4_msgs/hook/cmake_prefix_path.dsv'
[16.672s] INFO:colcon.colcon_core.shell:Creating environment hook '/home/omkar/ros2_px4_offboard_example_ws/install/px4_msgs/share/px4_msgs/hook/cmake_prefix_path.sh'
[16.681s] Level 1:colcon.colcon_core.environment:checking '/home/omkar/ros2_px4_offboard_example_ws/install/px4_msgs/lib'
[16.683s] Level 1:colcon.colcon_core.shell:create_environment_hook('px4_msgs', 'ld_library_path_lib')
[16.693s] INFO:colcon.colcon_core.shell:Creating environment hook '/home/omkar/ros2_px4_offboard_example_ws/install/px4_msgs/share/px4_msgs/hook/ld_library_path_lib.ps1'
[16.694s] INFO:colcon.colcon_core.shell:Creating environment descriptor '/home/omkar/ros2_px4_offboard_example_ws/install/px4_msgs/share/px4_msgs/hook/ld_library_path_lib.dsv'
[16.695s] INFO:colcon.colcon_core.shell:Creating environment hook '/home/omkar/ros2_px4_offboard_example_ws/install/px4_msgs/share/px4_msgs/hook/ld_library_path_lib.sh'
[16.695s] Level 1:colcon.colcon_core.environment:checking '/home/omkar/ros2_px4_offboard_example_ws/install/px4_msgs/bin'
[16.696s] Level 1:colcon.colcon_core.environment:checking '/home/omkar/ros2_px4_offboard_example_ws/install/px4_msgs/lib/pkgconfig/px4_msgs.pc'
[16.696s] Level 1:colcon.colcon_core.environment:checking '/home/omkar/ros2_px4_offboard_example_ws/install/px4_msgs/lib/python3.10/site-packages'
[16.697s] Level 1:colcon.colcon_core.environment:checking '/home/omkar/ros2_px4_offboard_example_ws/install/px4_msgs/bin'
[16.699s] INFO:colcon.colcon_core.shell:Creating package script '/home/omkar/ros2_px4_offboard_example_ws/install/px4_msgs/share/px4_msgs/package.ps1'
[16.704s] INFO:colcon.colcon_core.shell:Creating package descriptor '/home/omkar/ros2_px4_offboard_example_ws/install/px4_msgs/share/px4_msgs/package.dsv'
[16.710s] INFO:colcon.colcon_core.shell:Creating package script '/home/omkar/ros2_px4_offboard_example_ws/install/px4_msgs/share/px4_msgs/package.sh'
[16.711s] INFO:colcon.colcon_core.shell:Creating package script '/home/omkar/ros2_px4_offboard_example_ws/install/px4_msgs/share/px4_msgs/package.bash'
[16.712s] INFO:colcon.colcon_core.shell:Creating package script '/home/omkar/ros2_px4_offboard_example_ws/install/px4_msgs/share/px4_msgs/package.zsh'
[16.716s] Level 1:colcon.colcon_core.environment:create_file_with_runtime_dependencies(/home/omkar/ros2_px4_offboard_example_ws/install/px4_msgs/share/colcon-core/packages/px4_msgs)
[25.059s] Level 1:colcon.colcon_core.environment:create_environment_scripts_only(px4_msgs)
[25.062s] Level 1:colcon.colcon_core.environment:checking '/home/omkar/ros2_px4_offboard_example_ws/install/px4_msgs' for CMake module files
[25.067s] Level 1:colcon.colcon_core.environment:checking '/home/omkar/ros2_px4_offboard_example_ws/install/px4_msgs' for CMake config files
[25.076s] Level 1:colcon.colcon_core.shell:create_environment_hook('px4_msgs', 'cmake_prefix_path')
[25.083s] INFO:colcon.colcon_core.shell:Creating environment hook '/home/omkar/ros2_px4_offboard_example_ws/install/px4_msgs/share/px4_msgs/hook/cmake_prefix_path.ps1'
[25.084s] INFO:colcon.colcon_core.shell:Creating environment descriptor '/home/omkar/ros2_px4_offboard_example_ws/install/px4_msgs/share/px4_msgs/hook/cmake_prefix_path.dsv'
[25.084s] INFO:colcon.colcon_core.shell:Creating environment hook '/home/omkar/ros2_px4_offboard_example_ws/install/px4_msgs/share/px4_msgs/hook/cmake_prefix_path.sh'
[25.085s] Level 1:colcon.colcon_core.environment:checking '/home/omkar/ros2_px4_offboard_example_ws/install/px4_msgs/lib'
[25.085s] Level 1:colcon.colcon_core.shell:create_environment_hook('px4_msgs', 'ld_library_path_lib')
[25.087s] INFO:colcon.colcon_core.shell:Creating environment hook '/home/omkar/ros2_px4_offboard_example_ws/install/px4_msgs/share/px4_msgs/hook/ld_library_path_lib.ps1'
[25.091s] INFO:colcon.colcon_core.shell:Creating environment descriptor '/home/omkar/ros2_px4_offboard_example_ws/install/px4_msgs/share/px4_msgs/hook/ld_library_path_lib.dsv'
[25.091s] INFO:colcon.colcon_core.shell:Creating environment hook '/home/omkar/ros2_px4_offboard_example_ws/install/px4_msgs/share/px4_msgs/hook/ld_library_path_lib.sh'
[25.092s] Level 1:colcon.colcon_core.environment:checking '/home/omkar/ros2_px4_offboard_example_ws/install/px4_msgs/bin'
[25.092s] Level 1:colcon.colcon_core.environment:checking '/home/omkar/ros2_px4_offboard_example_ws/install/px4_msgs/lib/pkgconfig/px4_msgs.pc'
[25.092s] Level 1:colcon.colcon_core.environment:checking '/home/omkar/ros2_px4_offboard_example_ws/install/px4_msgs/lib/python3.10/site-packages'
[25.093s] Level 1:colcon.colcon_core.environment:checking '/home/omkar/ros2_px4_offboard_example_ws/install/px4_msgs/bin'
[25.096s] INFO:colcon.colcon_core.shell:Creating package script '/home/omkar/ros2_px4_offboard_example_ws/install/px4_msgs/share/px4_msgs/package.ps1'
[25.097s] INFO:colcon.colcon_core.shell:Creating package descriptor '/home/omkar/ros2_px4_offboard_example_ws/install/px4_msgs/share/px4_msgs/package.dsv'
[25.100s] INFO:colcon.colcon_core.shell:Creating package script '/home/omkar/ros2_px4_offboard_example_ws/install/px4_msgs/share/px4_msgs/package.sh'
[25.100s] INFO:colcon.colcon_core.shell:Creating package script '/home/omkar/ros2_px4_offboard_example_ws/install/px4_msgs/share/px4_msgs/package.bash'
[25.103s] INFO:colcon.colcon_core.shell:Creating package script '/home/omkar/ros2_px4_offboard_example_ws/install/px4_msgs/share/px4_msgs/package.zsh'
[25.103s] Level 1:colcon.colcon_core.environment:create_file_with_runtime_dependencies(/home/omkar/ros2_px4_offboard_example_ws/install/px4_msgs/share/colcon-core/packages/px4_msgs)
[25.104s] INFO:colcon.colcon_ros.task.ament_python.build:Building ROS package in '/home/omkar/ros2_px4_offboard_example_ws/src/ROS2_PX4_Offboard_Example/px4_offboard' with build type 'ament_python'
[25.106s] Level 1:colcon.colcon_core.shell:create_environment_hook('px4_offboard', 'ament_prefix_path')
[25.108s] INFO:colcon.colcon_core.shell:Creating environment hook '/home/omkar/ros2_px4_offboard_example_ws/install/px4_offboard/share/px4_offboard/hook/ament_prefix_path.ps1'
[25.111s] INFO:colcon.colcon_core.shell:Creating environment descriptor '/home/omkar/ros2_px4_offboard_example_ws/install/px4_offboard/share/px4_offboard/hook/ament_prefix_path.dsv'
[25.111s] INFO:colcon.colcon_core.shell:Creating environment hook '/home/omkar/ros2_px4_offboard_example_ws/install/px4_offboard/share/px4_offboard/hook/ament_prefix_path.sh'
[25.114s] INFO:colcon.colcon_core.shell:Skip shell extension 'powershell' for command environment: Not usable outside of PowerShell
[25.114s] DEBUG:colcon.colcon_core.shell:Skip shell extension 'dsv' for command environment
[25.880s] INFO:colcon.colcon_core.task.python.build:Building Python package in '/home/omkar/ros2_px4_offboard_example_ws/src/ROS2_PX4_Offboard_Example/px4_offboard'
[25.882s] INFO:colcon.colcon_core.shell:Skip shell extension 'powershell' for command environment: Not usable outside of PowerShell
[25.882s] DEBUG:colcon.colcon_core.shell:Skip shell extension 'dsv' for command environment
[26.860s] DEBUG:colcon.colcon_core.event_handler.log_command:Invoking command in '/home/omkar/ros2_px4_offboard_example_ws/src/ROS2_PX4_Offboard_Example/px4_offboard': AMENT_PREFIX_PATH=/home/omkar/ros2_px4_offboard_example_ws/install/px4_msgs:${AMENT_PREFIX_PATH} CMAKE_PREFIX_PATH=/home/omkar/ros2_px4_offboard_example_ws/install/px4_msgs LD_LIBRARY_PATH=/home/omkar/ros2_px4_offboard_example_ws/install/px4_msgs/lib:${LD_LIBRARY_PATH} PYTHONPATH=/home/omkar/ros2_px4_offboard_example_ws/build/px4_offboard/prefix_override:/home/omkar/ros2_px4_offboard_example_ws/install/px4_offboard/lib/python3.10/site-packages:/home/omkar/ros2_px4_offboard_example_ws/install/px4_msgs/local/lib/python3.10/dist-packages:${PYTHONPATH} /usr/bin/python3 setup.py egg_info --egg-base ../../../build/px4_offboard build --build-base /home/omkar/ros2_px4_offboard_example_ws/build/px4_offboard/build install --record /home/omkar/ros2_px4_offboard_example_ws/build/px4_offboard/install.log --single-version-externally-managed
[27.720s] Level 1:colcon.colcon_core.environment:checking '/home/omkar/ros2_px4_offboard_example_ws/install/px4_offboard' for CMake module files
[27.723s] DEBUG:colcon.colcon_core.event_handler.log_command:Invoked command in '/home/omkar/ros2_px4_offboard_example_ws/src/ROS2_PX4_Offboard_Example/px4_offboard' returned '0': AMENT_PREFIX_PATH=/home/omkar/ros2_px4_offboard_example_ws/install/px4_msgs:${AMENT_PREFIX_PATH} CMAKE_PREFIX_PATH=/home/omkar/ros2_px4_offboard_example_ws/install/px4_msgs LD_LIBRARY_PATH=/home/omkar/ros2_px4_offboard_example_ws/install/px4_msgs/lib:${LD_LIBRARY_PATH} PYTHONPATH=/home/omkar/ros2_px4_offboard_example_ws/build/px4_offboard/prefix_override:/home/omkar/ros2_px4_offboard_example_ws/install/px4_offboard/lib/python3.10/site-packages:/home/omkar/ros2_px4_offboard_example_ws/install/px4_msgs/local/lib/python3.10/dist-packages:${PYTHONPATH} /usr/bin/python3 setup.py egg_info --egg-base ../../../build/px4_offboard build --build-base /home/omkar/ros2_px4_offboard_example_ws/build/px4_offboard/build install --record /home/omkar/ros2_px4_offboard_example_ws/build/px4_offboard/install.log --single-version-externally-managed
[27.724s] Level 1:colcon.colcon_core.environment:checking '/home/omkar/ros2_px4_offboard_example_ws/install/px4_offboard' for CMake config files
[27.725s] Level 1:colcon.colcon_core.environment:checking '/home/omkar/ros2_px4_offboard_example_ws/install/px4_offboard/lib'
[27.725s] Level 1:colcon.colcon_core.environment:checking '/home/omkar/ros2_px4_offboard_example_ws/install/px4_offboard/bin'
[27.725s] Level 1:colcon.colcon_core.environment:checking '/home/omkar/ros2_px4_offboard_example_ws/install/px4_offboard/lib/pkgconfig/px4_offboard.pc'
[27.726s] Level 1:colcon.colcon_core.environment:checking '/home/omkar/ros2_px4_offboard_example_ws/install/px4_offboard/lib/python3.10/site-packages'
[27.726s] Level 1:colcon.colcon_core.shell:create_environment_hook('px4_offboard', 'pythonpath')
[27.732s] INFO:colcon.colcon_core.shell:Creating environment hook '/home/omkar/ros2_px4_offboard_example_ws/install/px4_offboard/share/px4_offboard/hook/pythonpath.ps1'
[27.732s] INFO:colcon.colcon_core.shell:Creating environment descriptor '/home/omkar/ros2_px4_offboard_example_ws/install/px4_offboard/share/px4_offboard/hook/pythonpath.dsv'
[27.732s] INFO:colcon.colcon_core.shell:Creating environment hook '/home/omkar/ros2_px4_offboard_example_ws/install/px4_offboard/share/px4_offboard/hook/pythonpath.sh'
[27.733s] Level 1:colcon.colcon_core.environment:checking '/home/omkar/ros2_px4_offboard_example_ws/install/px4_offboard/bin'
[27.733s] Level 1:colcon.colcon_core.environment:create_environment_scripts_only(px4_offboard)
[27.740s] INFO:colcon.colcon_core.shell:Creating package script '/home/omkar/ros2_px4_offboard_example_ws/install/px4_offboard/share/px4_offboard/package.ps1'
[27.741s] INFO:colcon.colcon_core.shell:Creating package descriptor '/home/omkar/ros2_px4_offboard_example_ws/install/px4_offboard/share/px4_offboard/package.dsv'
[27.741s] INFO:colcon.colcon_core.shell:Creating package script '/home/omkar/ros2_px4_offboard_example_ws/install/px4_offboard/share/px4_offboard/package.sh'
[27.742s] INFO:colcon.colcon_core.shell:Creating package script '/home/omkar/ros2_px4_offboard_example_ws/install/px4_offboard/share/px4_offboard/package.bash'
[27.742s] INFO:colcon.colcon_core.shell:Creating package script '/home/omkar/ros2_px4_offboard_example_ws/install/px4_offboard/share/px4_offboard/package.zsh'
[27.743s] Level 1:colcon.colcon_core.environment:create_file_with_runtime_dependencies(/home/omkar/ros2_px4_offboard_example_ws/install/px4_offboard/share/colcon-core/packages/px4_offboard)
[27.745s] INFO:colcon.colcon_ros.task.ament_python.build:Building ROS package in '/home/omkar/ros2_px4_offboard_example_ws/src/px4_offboard_position' with build type 'ament_python'
[27.745s] Level 1:colcon.colcon_core.shell:create_environment_hook('px4_offboard_position', 'ament_prefix_path')
[27.753s] INFO:colcon.colcon_core.shell:Creating environment hook '/home/omkar/ros2_px4_offboard_example_ws/install/px4_offboard_position/share/px4_offboard_position/hook/ament_prefix_path.ps1'
[27.753s] INFO:colcon.colcon_core.shell:Creating environment descriptor '/home/omkar/ros2_px4_offboard_example_ws/install/px4_offboard_position/share/px4_offboard_position/hook/ament_prefix_path.dsv'
[27.754s] INFO:colcon.colcon_core.shell:Creating environment hook '/home/omkar/ros2_px4_offboard_example_ws/install/px4_offboard_position/share/px4_offboard_position/hook/ament_prefix_path.sh'
[27.760s] INFO:colcon.colcon_core.shell:Skip shell extension 'powershell' for command environment: Not usable outside of PowerShell
[27.760s] DEBUG:colcon.colcon_core.shell:Skip shell extension 'dsv' for command environment
[28.532s] INFO:colcon.colcon_core.task.python.build:Building Python package in '/home/omkar/ros2_px4_offboard_example_ws/src/px4_offboard_position'
[28.534s] INFO:colcon.colcon_core.shell:Skip shell extension 'powershell' for command environment: Not usable outside of PowerShell
[28.534s] DEBUG:colcon.colcon_core.shell:Skip shell extension 'dsv' for command environment
[29.538s] DEBUG:colcon.colcon_core.event_handler.log_command:Invoking command in '/home/omkar/ros2_px4_offboard_example_ws/src/px4_offboard_position': AMENT_PREFIX_PATH=/home/omkar/ros2_px4_offboard_example_ws/install/px4_msgs:${AMENT_PREFIX_PATH} CMAKE_PREFIX_PATH=/home/omkar/ros2_px4_offboard_example_ws/install/px4_msgs LD_LIBRARY_PATH=/home/omkar/ros2_px4_offboard_example_ws/install/px4_msgs/lib:${LD_LIBRARY_PATH} PYTHONPATH=/home/omkar/ros2_px4_offboard_example_ws/build/px4_offboard_position/prefix_override:/home/omkar/ros2_px4_offboard_example_ws/install/px4_offboard_position/lib/python3.10/site-packages:/home/omkar/ros2_px4_offboard_example_ws/install/px4_msgs/local/lib/python3.10/dist-packages:${PYTHONPATH} /usr/bin/python3 setup.py egg_info --egg-base ../../build/px4_offboard_position build --build-base /home/omkar/ros2_px4_offboard_example_ws/build/px4_offboard_position/build install --record /home/omkar/ros2_px4_offboard_example_ws/build/px4_offboard_position/install.log --single-version-externally-managed
[30.378s] DEBUG:colcon.colcon_core.event_handler.log_command:Invoked command in '/home/omkar/ros2_px4_offboard_example_ws/src/px4_offboard_position' returned '1': AMENT_PREFIX_PATH=/home/omkar/ros2_px4_offboard_example_ws/install/px4_msgs:${AMENT_PREFIX_PATH} CMAKE_PREFIX_PATH=/home/omkar/ros2_px4_offboard_example_ws/install/px4_msgs LD_LIBRARY_PATH=/home/omkar/ros2_px4_offboard_example_ws/install/px4_msgs/lib:${LD_LIBRARY_PATH} PYTHONPATH=/home/omkar/ros2_px4_offboard_example_ws/build/px4_offboard_position/prefix_override:/home/omkar/ros2_px4_offboard_example_ws/install/px4_offboard_position/lib/python3.10/site-packages:/home/omkar/ros2_px4_offboard_example_ws/install/px4_msgs/local/lib/python3.10/dist-packages:${PYTHONPATH} /usr/bin/python3 setup.py egg_info --egg-base ../../build/px4_offboard_position build --build-base /home/omkar/ros2_px4_offboard_example_ws/build/px4_offboard_position/build install --record /home/omkar/ros2_px4_offboard_example_ws/build/px4_offboard_position/install.log --single-version-externally-managed
[30.387s] DEBUG:colcon.colcon_parallel_executor.executor.parallel:closing loop
[30.387s] DEBUG:colcon.colcon_parallel_executor.executor.parallel:loop closed
[30.388s] DEBUG:colcon.colcon_parallel_executor.executor.parallel:run_until_complete finished with '1'
[30.388s] DEBUG:colcon.colcon_core.event_reactor:joining thread
[30.399s] INFO:colcon.colcon_core.plugin_system:Skipping extension 'colcon_notification.desktop_notification.terminal_notifier': Not used on non-Darwin systems
[30.399s] INFO:colcon.colcon_core.plugin_system:Skipping extension 'colcon_notification.desktop_notification.win32': Not used on non-Windows systems
[30.399s] INFO:colcon.colcon_notification.desktop_notification:Sending desktop notification using 'notify2'
[30.464s] DEBUG:colcon.colcon_core.event_reactor:joined thread
[30.466s] INFO:colcon.colcon_core.shell:Creating prefix script '/home/omkar/ros2_px4_offboard_example_ws/install/local_setup.ps1'
[30.468s] INFO:colcon.colcon_core.shell:Creating prefix util module '/home/omkar/ros2_px4_offboard_example_ws/install/_local_setup_util_ps1.py'
[30.477s] INFO:colcon.colcon_core.shell:Creating prefix chain script '/home/omkar/ros2_px4_offboard_example_ws/install/setup.ps1'
[30.487s] INFO:colcon.colcon_core.shell:Creating prefix script '/home/omkar/ros2_px4_offboard_example_ws/install/local_setup.sh'
[30.488s] INFO:colcon.colcon_core.shell:Creating prefix util module '/home/omkar/ros2_px4_offboard_example_ws/install/_local_setup_util_sh.py'
[30.489s] INFO:colcon.colcon_core.shell:Creating prefix chain script '/home/omkar/ros2_px4_offboard_example_ws/install/setup.sh'
[30.492s] INFO:colcon.colcon_core.shell:Creating prefix script '/home/omkar/ros2_px4_offboard_example_ws/install/local_setup.bash'
[30.494s] INFO:colcon.colcon_core.shell:Creating prefix chain script '/home/omkar/ros2_px4_offboard_example_ws/install/setup.bash'
[30.503s] INFO:colcon.colcon_core.shell:Creating prefix script '/home/omkar/ros2_px4_offboard_example_ws/install/local_setup.zsh'
[30.507s] INFO:colcon.colcon_core.shell:Creating prefix chain script '/home/omkar/ros2_px4_offboard_example_ws/install/setup.zsh'
